INFO  2010-12-26 20:37:21,543 - ************************************************************** 
INFO  2010-12-26 20:37:21,543 - Starting Jakarta Velocity v1.4
INFO  2010-12-26 20:37:21,543 - RuntimeInstance initializing.
INFO  2010-12-26 20:37:21,543 - Default Properties File: org\apache\velocity\runtime\defaults\velocity.properties
INFO  2010-12-26 20:37:21,544 - Default ResourceManager initializing. (class org.apache.velocity.runtime.resource.ResourceManagerImpl)
INFO  2010-12-26 20:37:21,544 - Resource Loader Instantiated: org.apache.velocity.runtime.resource.loader.FileResourceLoader
INFO  2010-12-26 20:37:21,544 - FileResourceLoader : initialization starting.
INFO  2010-12-26 20:37:21,544 - FileResourceLoader : adding path '.'
INFO  2010-12-26 20:37:21,544 - FileResourceLoader : initialization complete.
INFO  2010-12-26 20:37:21,544 - Resource Loader Instantiated: org.andromda.templateengines.velocity.ClasspathResourceLoader
INFO  2010-12-26 20:37:21,544 - ClasspathResourceLoader : initialization starting.
INFO  2010-12-26 20:37:21,544 - ClasspathResourceLoader : initialization complete.
INFO  2010-12-26 20:37:21,544 - ResourceCache : initialized. (class org.apache.velocity.runtime.resource.ResourceCacheImpl)
INFO  2010-12-26 20:37:21,544 - Default ResourceManager initialization complete.
INFO  2010-12-26 20:37:21,545 - Loaded System Directive: org.apache.velocity.runtime.directive.Literal
INFO  2010-12-26 20:37:21,545 - Loaded System Directive: org.apache.velocity.runtime.directive.Macro
INFO  2010-12-26 20:37:21,545 - Loaded System Directive: org.apache.velocity.runtime.directive.Parse
INFO  2010-12-26 20:37:21,545 - Loaded System Directive: org.apache.velocity.runtime.directive.Include
INFO  2010-12-26 20:37:21,545 - Loaded System Directive: org.apache.velocity.runtime.directive.Foreach
INFO  2010-12-26 20:37:21,789 - Created: 20 parsers.
INFO  2010-12-26 20:37:21,789 - Velocimacro : initialization starting.
INFO  2010-12-26 20:37:21,789 - Velocimacro : adding VMs from VM library template : templates/hibernate/hibernate.java.vm
INFO  2010-12-26 20:37:21,803 - Velocimacro : added new VM : #renderEqualsMethod( class className attributeSet ) : source = templates/hibernate/hibernate.java.vm
INFO  2010-12-26 20:37:21,804 - Velocimacro : added new VM : #renderHashCodeMethod( class className attributeSet ) : source = templates/hibernate/hibernate.java.vm
INFO  2010-12-26 20:37:21,804 - ResourceManager : found templates/hibernate/hibernate.java.vm with loader org.andromda.templateengines.velocity.ClasspathResourceLoader
INFO  2010-12-26 20:37:21,804 - Velocimacro :  VM library template macro registration complete.
INFO  2010-12-26 20:37:21,804 - Velocimacro : adding VMs from VM library template : templates/hibernate2/hibernate.hbm.xml.vm
INFO  2010-12-26 20:37:21,809 - Velocimacro : added new VM : #renderPropertiesAndAssociations( entity paramSqlPrefix indent ) : source = templates/hibernate2/hibernate.hbm.xml.vm
INFO  2010-12-26 20:37:21,810 - Velocimacro : added new VM : #renderSubClass( entity indent ) : source = templates/hibernate2/hibernate.hbm.xml.vm
INFO  2010-12-26 20:37:21,810 - VM #renderPropertiesAndAssociations: error : too few arguments to macro. Wanted 3 got 0
INFO  2010-12-26 20:37:21,814 - VM #renderSubClass: error : too few arguments to macro. Wanted 2 got 0
INFO  2010-12-26 20:37:21,814 - ResourceManager : found templates/hibernate2/hibernate.hbm.xml.vm with loader org.andromda.templateengines.velocity.ClasspathResourceLoader
INFO  2010-12-26 20:37:21,814 - Velocimacro :  VM library template macro registration complete.
INFO  2010-12-26 20:37:21,814 - Velocimacro : adding VMs from VM library template : templates/hibernate3/hibernate.hbm.xml.vm
INFO  2010-12-26 20:37:21,821 - Velocimacro : added new VM : #renderPropertiesAndAssociations3( entity paramSqlPrefix indent ) : source = templates/hibernate3/hibernate.hbm.xml.vm
INFO  2010-12-26 20:37:21,822 - Velocimacro : added new VM : #renderSubClass3( entity indent ) : source = templates/hibernate3/hibernate.hbm.xml.vm
INFO  2010-12-26 20:37:21,823 - VM #renderPropertiesAndAssociations3: error : too few arguments to macro. Wanted 3 got 0
INFO  2010-12-26 20:37:21,837 - VM #renderSubClass3: error : too few arguments to macro. Wanted 2 got 0
INFO  2010-12-26 20:37:21,837 - ResourceManager : found templates/hibernate3/hibernate.hbm.xml.vm with loader org.andromda.templateengines.velocity.ClasspathResourceLoader
INFO  2010-12-26 20:37:21,837 - Velocimacro :  VM library template macro registration complete.
INFO  2010-12-26 20:37:21,838 - Velocimacro : allowInline = true : VMs can be defined inline in templates
INFO  2010-12-26 20:37:21,838 - Velocimacro : allowInlineToOverride = false : VMs defined inline may NOT replace previous VM definitions
INFO  2010-12-26 20:37:21,838 - Velocimacro : allowInlineLocal = false : VMs defined inline will be  global in scope if allowed.
INFO  2010-12-26 20:37:21,838 - Velocimacro : messages on  : VM system will output logging messages
INFO  2010-12-26 20:37:21,838 - Velocimacro : autoload off  : VM system will not automatically reload global library macros
INFO  2010-12-26 20:37:21,838 - Velocimacro : initialization complete.
INFO  2010-12-26 20:37:21,838 - Velocity successfully started.
INFO  2010-12-26 20:37:21,856 - ResourceManager : found templates/hibernate3/ejb/HibernateEntityFactory.vsl with loader org.andromda.templateengines.velocity.ClasspathResourceLoader
INFO  2010-12-26 20:37:22,589 - ResourceManager : found templates/hibernate3/hibernate.cfg.xml.vsl with loader org.andromda.templateengines.velocity.ClasspathResourceLoader
INFO  2010-12-26 20:37:22,610 - ResourceManager : found templates/hibernate3/hibernate.hbm.xml.vsl with loader org.andromda.templateengines.velocity.ClasspathResourceLoader
INFO  2010-12-26 20:37:22,616 - Velocimacro : VM addition rejected : renderPropertiesAndAssociations3 : inline not allowed to replace existing VM
INFO  2010-12-26 20:37:22,619 - Velocimacro : VM addition rejected : renderSubClass3 : inline not allowed to replace existing VM
INFO  2010-12-26 20:37:22,629 - ResourceManager : found templates/hibernate3/hibernate.hbm.xml.vm with loader org.andromda.templateengines.velocity.ClasspathResourceLoader
INFO  2010-12-26 20:37:22,762 - Velocimacro : VM addition rejected : renderPropertiesAndAssociations3 : inline not allowed to replace existing VM
INFO  2010-12-26 20:37:22,763 - Velocimacro : VM addition rejected : renderSubClass3 : inline not allowed to replace existing VM
INFO  2010-12-26 20:37:22,776 - ResourceManager : found templates/hibernate3/hibernate.hbm.xml.vm with loader org.andromda.templateengines.velocity.ClasspathResourceLoader
INFO  2010-12-26 20:37:22,845 - Velocimacro : VM addition rejected : renderPropertiesAndAssociations3 : inline not allowed to replace existing VM
INFO  2010-12-26 20:37:22,846 - Velocimacro : VM addition rejected : renderSubClass3 : inline not allowed to replace existing VM
INFO  2010-12-26 20:37:22,858 - ResourceManager : found templates/hibernate3/hibernate.hbm.xml.vm with loader org.andromda.templateengines.velocity.ClasspathResourceLoader
INFO  2010-12-26 20:37:23,260 - Velocimacro : VM addition rejected : renderPropertiesAndAssociations3 : inline not allowed to replace existing VM
INFO  2010-12-26 20:37:23,261 - Velocimacro : VM addition rejected : renderSubClass3 : inline not allowed to replace existing VM
INFO  2010-12-26 20:37:23,274 - ResourceManager : found templates/hibernate3/hibernate.hbm.xml.vm with loader org.andromda.templateengines.velocity.ClasspathResourceLoader
INFO  2010-12-26 20:37:23,524 - Velocimacro : VM addition rejected : renderPropertiesAndAssociations3 : inline not allowed to replace existing VM
INFO  2010-12-26 20:37:23,525 - Velocimacro : VM addition rejected : renderSubClass3 : inline not allowed to replace existing VM
INFO  2010-12-26 20:37:23,535 - ResourceManager : found templates/hibernate3/hibernate.hbm.xml.vm with loader org.andromda.templateengines.velocity.ClasspathResourceLoader
INFO  2010-12-26 20:37:23,799 - Velocimacro : VM addition rejected : renderPropertiesAndAssociations3 : inline not allowed to replace existing VM
INFO  2010-12-26 20:37:23,799 - Velocimacro : VM addition rejected : renderSubClass3 : inline not allowed to replace existing VM
INFO  2010-12-26 20:37:23,808 - ResourceManager : found templates/hibernate3/hibernate.hbm.xml.vm with loader org.andromda.templateengines.velocity.ClasspathResourceLoader
INFO  2010-12-26 20:37:23,935 - Velocimacro : VM addition rejected : renderPropertiesAndAssociations3 : inline not allowed to replace existing VM
INFO  2010-12-26 20:37:23,936 - Velocimacro : VM addition rejected : renderSubClass3 : inline not allowed to replace existing VM
INFO  2010-12-26 20:37:23,946 - ResourceManager : found templates/hibernate3/hibernate.hbm.xml.vm with loader org.andromda.templateengines.velocity.ClasspathResourceLoader
INFO  2010-12-26 20:37:24,013 - Velocimacro : VM addition rejected : renderPropertiesAndAssociations3 : inline not allowed to replace existing VM
INFO  2010-12-26 20:37:24,014 - Velocimacro : VM addition rejected : renderSubClass3 : inline not allowed to replace existing VM
INFO  2010-12-26 20:37:24,029 - ResourceManager : found templates/hibernate3/hibernate.hbm.xml.vm with loader org.andromda.templateengines.velocity.ClasspathResourceLoader
INFO  2010-12-26 20:37:24,076 - Velocimacro : VM addition rejected : renderPropertiesAndAssociations3 : inline not allowed to replace existing VM
INFO  2010-12-26 20:37:24,077 - Velocimacro : VM addition rejected : renderSubClass3 : inline not allowed to replace existing VM
INFO  2010-12-26 20:37:24,098 - ResourceManager : found templates/hibernate3/hibernate.hbm.xml.vm with loader org.andromda.templateengines.velocity.ClasspathResourceLoader
INFO  2010-12-26 20:37:24,202 - Velocimacro : VM addition rejected : renderPropertiesAndAssociations3 : inline not allowed to replace existing VM
INFO  2010-12-26 20:37:24,206 - Velocimacro : VM addition rejected : renderSubClass3 : inline not allowed to replace existing VM
INFO  2010-12-26 20:37:24,215 - ResourceManager : found templates/hibernate3/hibernate.hbm.xml.vm with loader org.andromda.templateengines.velocity.ClasspathResourceLoader
INFO  2010-12-26 20:37:24,317 - Velocimacro : VM addition rejected : renderPropertiesAndAssociations3 : inline not allowed to replace existing VM
INFO  2010-12-26 20:37:24,318 - Velocimacro : VM addition rejected : renderSubClass3 : inline not allowed to replace existing VM
INFO  2010-12-26 20:37:24,326 - ResourceManager : found templates/hibernate3/hibernate.hbm.xml.vm with loader org.andromda.templateengines.velocity.ClasspathResourceLoader
INFO  2010-12-26 20:37:24,756 - Velocimacro : VM addition rejected : renderPropertiesAndAssociations3 : inline not allowed to replace existing VM
INFO  2010-12-26 20:37:24,756 - Velocimacro : VM addition rejected : renderSubClass3 : inline not allowed to replace existing VM
INFO  2010-12-26 20:37:24,771 - ResourceManager : found templates/hibernate3/hibernate.hbm.xml.vm with loader org.andromda.templateengines.velocity.ClasspathResourceLoader
INFO  2010-12-26 20:37:25,134 - Velocimacro : VM addition rejected : renderPropertiesAndAssociations3 : inline not allowed to replace existing VM
INFO  2010-12-26 20:37:25,135 - Velocimacro : VM addition rejected : renderSubClass3 : inline not allowed to replace existing VM
INFO  2010-12-26 20:37:25,144 - ResourceManager : found templates/hibernate3/hibernate.hbm.xml.vm with loader org.andromda.templateengines.velocity.ClasspathResourceLoader
INFO  2010-12-26 20:37:25,207 - Velocimacro : VM addition rejected : renderPropertiesAndAssociations3 : inline not allowed to replace existing VM
INFO  2010-12-26 20:37:25,208 - Velocimacro : VM addition rejected : renderSubClass3 : inline not allowed to replace existing VM
INFO  2010-12-26 20:37:25,221 - ResourceManager : found templates/hibernate3/hibernate.hbm.xml.vm with loader org.andromda.templateengines.velocity.ClasspathResourceLoader
INFO  2010-12-26 20:37:25,290 - Velocimacro : VM addition rejected : renderPropertiesAndAssociations3 : inline not allowed to replace existing VM
INFO  2010-12-26 20:37:25,291 - Velocimacro : VM addition rejected : renderSubClass3 : inline not allowed to replace existing VM
INFO  2010-12-26 20:37:25,305 - ResourceManager : found templates/hibernate3/hibernate.hbm.xml.vm with loader org.andromda.templateengines.velocity.ClasspathResourceLoader
INFO  2010-12-26 20:37:25,498 - Velocimacro : VM addition rejected : renderPropertiesAndAssociations3 : inline not allowed to replace existing VM
INFO  2010-12-26 20:37:25,499 - Velocimacro : VM addition rejected : renderSubClass3 : inline not allowed to replace existing VM
INFO  2010-12-26 20:37:25,514 - ResourceManager : found templates/hibernate3/hibernate.hbm.xml.vm with loader org.andromda.templateengines.velocity.ClasspathResourceLoader
INFO  2010-12-26 20:37:25,650 - Velocimacro : VM addition rejected : renderPropertiesAndAssociations3 : inline not allowed to replace existing VM
INFO  2010-12-26 20:37:25,650 - Velocimacro : VM addition rejected : renderSubClass3 : inline not allowed to replace existing VM
INFO  2010-12-26 20:37:25,663 - ResourceManager : found templates/hibernate3/hibernate.hbm.xml.vm with loader org.andromda.templateengines.velocity.ClasspathResourceLoader
INFO  2010-12-26 20:37:25,710 - Velocimacro : VM addition rejected : renderPropertiesAndAssociations3 : inline not allowed to replace existing VM
INFO  2010-12-26 20:37:25,711 - Velocimacro : VM addition rejected : renderSubClass3 : inline not allowed to replace existing VM
INFO  2010-12-26 20:37:25,720 - ResourceManager : found templates/hibernate3/hibernate.hbm.xml.vm with loader org.andromda.templateengines.velocity.ClasspathResourceLoader
INFO  2010-12-26 20:37:25,833 - Velocimacro : VM addition rejected : renderPropertiesAndAssociations3 : inline not allowed to replace existing VM
INFO  2010-12-26 20:37:25,834 - Velocimacro : VM addition rejected : renderSubClass3 : inline not allowed to replace existing VM
INFO  2010-12-26 20:37:25,842 - ResourceManager : found templates/hibernate3/hibernate.hbm.xml.vm with loader org.andromda.templateengines.velocity.ClasspathResourceLoader
INFO  2010-12-26 20:37:25,882 - Velocimacro : VM addition rejected : renderPropertiesAndAssociations3 : inline not allowed to replace existing VM
INFO  2010-12-26 20:37:25,883 - Velocimacro : VM addition rejected : renderSubClass3 : inline not allowed to replace existing VM
INFO  2010-12-26 20:37:25,897 - ResourceManager : found templates/hibernate3/hibernate.hbm.xml.vm with loader org.andromda.templateengines.velocity.ClasspathResourceLoader
INFO  2010-12-26 20:37:25,973 - Velocimacro : VM addition rejected : renderPropertiesAndAssociations3 : inline not allowed to replace existing VM
INFO  2010-12-26 20:37:25,974 - Velocimacro : VM addition rejected : renderSubClass3 : inline not allowed to replace existing VM
INFO  2010-12-26 20:37:25,982 - ResourceManager : found templates/hibernate3/hibernate.hbm.xml.vm with loader org.andromda.templateengines.velocity.ClasspathResourceLoader
INFO  2010-12-26 20:37:26,083 - Velocimacro : VM addition rejected : renderPropertiesAndAssociations3 : inline not allowed to replace existing VM
INFO  2010-12-26 20:37:26,084 - Velocimacro : VM addition rejected : renderSubClass3 : inline not allowed to replace existing VM
INFO  2010-12-26 20:37:26,092 - ResourceManager : found templates/hibernate3/hibernate.hbm.xml.vm with loader org.andromda.templateengines.velocity.ClasspathResourceLoader
INFO  2010-12-26 20:37:26,161 - Velocimacro : VM addition rejected : renderPropertiesAndAssociations3 : inline not allowed to replace existing VM
INFO  2010-12-26 20:37:26,161 - Velocimacro : VM addition rejected : renderSubClass3 : inline not allowed to replace existing VM
INFO  2010-12-26 20:37:26,175 - ResourceManager : found templates/hibernate3/hibernate.hbm.xml.vm with loader org.andromda.templateengines.velocity.ClasspathResourceLoader
INFO  2010-12-26 20:37:26,196 - Velocimacro : VM addition rejected : renderPropertiesAndAssociations3 : inline not allowed to replace existing VM
INFO  2010-12-26 20:37:26,197 - Velocimacro : VM addition rejected : renderSubClass3 : inline not allowed to replace existing VM
INFO  2010-12-26 20:37:26,211 - ResourceManager : found templates/hibernate3/hibernate.hbm.xml.vm with loader org.andromda.templateengines.velocity.ClasspathResourceLoader
INFO  2010-12-26 20:37:26,328 - Velocimacro : VM addition rejected : renderPropertiesAndAssociations3 : inline not allowed to replace existing VM
INFO  2010-12-26 20:37:26,329 - Velocimacro : VM addition rejected : renderSubClass3 : inline not allowed to replace existing VM
INFO  2010-12-26 20:37:26,339 - ResourceManager : found templates/hibernate3/hibernate.hbm.xml.vm with loader org.andromda.templateengines.velocity.ClasspathResourceLoader
INFO  2010-12-26 20:37:26,806 - ResourceManager : found templates/hibernate/HibernateEntity.vsl with loader org.andromda.templateengines.velocity.ClasspathResourceLoader
INFO  2010-12-26 20:37:39,730 - ResourceManager : found templates/hibernate/HibernateEntityImpl.vsl with loader org.andromda.templateengines.velocity.ClasspathResourceLoader
INFO  2010-12-26 20:37:39,770 - ResourceManager : found templates/hibernate/usertypes/HibernateByteBlobType.vsl with loader org.andromda.templateengines.velocity.ClasspathResourceLoader
INFO  2010-12-26 20:37:39,777 - ResourceManager : found templates/hibernate/usertypes/HibernateStringClobType.vsl with loader org.andromda.templateengines.velocity.ClasspathResourceLoader
INFO  2010-12-26 20:37:39,783 - ResourceManager : found templates/hibernate/ejb/ejb-jar.xml.vsl with loader org.andromda.templateengines.velocity.ClasspathResourceLoader
INFO  2010-12-26 20:37:39,784 - ResourceManager : found templates/hibernate/ejb/HibernateSessionEJBGlobals.vm with loader org.andromda.templateengines.velocity.ClasspathResourceLoader
INFO  2010-12-26 20:37:39,804 - ResourceManager : found templates/hibernate/ejb/jboss.xml.vsl with loader org.andromda.templateengines.velocity.ClasspathResourceLoader
INFO  2010-12-26 20:37:39,805 - ResourceManager : found templates/hibernate/ejb/HibernateSessionEJBGlobals.vm with loader org.andromda.templateengines.velocity.ClasspathResourceLoader
INFO  2010-12-26 20:37:39,809 - ResourceManager : found templates/hibernate/ejb/HibernateSessionEJBLocator.vsl with loader org.andromda.templateengines.velocity.ClasspathResourceLoader
INFO  2010-12-26 20:37:39,810 - ResourceManager : found templates/hibernate/ejb/HibernateSessionEJBGlobals.vm with loader org.andromda.templateengines.velocity.ClasspathResourceLoader
INFO  2010-12-26 20:37:39,817 - ResourceManager : found templates/hibernate/ejb/HibernateSessionBean.vsl with loader org.andromda.templateengines.velocity.ClasspathResourceLoader
INFO  2010-12-26 20:37:39,818 - ResourceManager : found templates/hibernate/ejb/HibernateSessionEJBGlobals.vm with loader org.andromda.templateengines.velocity.ClasspathResourceLoader
INFO  2010-12-26 20:37:39,831 - ResourceManager : found templates/hibernate/ejb/HibernateSessionBeanImpl.vsl with loader org.andromda.templateengines.velocity.ClasspathResourceLoader
INFO  2010-12-26 20:37:39,832 - ResourceManager : found templates/hibernate/ejb/HibernateSessionEJBGlobals.vm with loader org.andromda.templateengines.velocity.ClasspathResourceLoader
INFO  2010-12-26 20:37:39,842 - ResourceManager : found templates/hibernate/ejb/HibernateSession.vsl with loader org.andromda.templateengines.velocity.ClasspathResourceLoader
INFO  2010-12-26 20:37:39,843 - ResourceManager : found templates/hibernate/ejb/HibernateSessionEJBGlobals.vm with loader org.andromda.templateengines.velocity.ClasspathResourceLoader
INFO  2010-12-26 20:37:39,851 - ResourceManager : found templates/hibernate/ejb/HibernateSessionHome.vsl with loader org.andromda.templateengines.velocity.ClasspathResourceLoader
INFO  2010-12-26 20:37:39,852 - ResourceManager : found templates/hibernate/ejb/HibernateSessionEJBGlobals.vm with loader org.andromda.templateengines.velocity.ClasspathResourceLoader
INFO  2010-12-26 20:37:39,853 - ResourceManager : found templates/hibernate/ejb/HibernateUtils.vsl with loader org.andromda.templateengines.velocity.ClasspathResourceLoader
INFO  2010-12-26 20:37:39,856 - ResourceManager : found templates/hibernate/ehcache.xml.vsl with loader org.andromda.templateengines.velocity.ClasspathResourceLoader
INFO  2010-12-26 20:43:00,965 - ************************************************************** 
INFO  2010-12-26 20:43:00,965 - Starting Jakarta Velocity v1.4
INFO  2010-12-26 20:43:00,965 - RuntimeInstance initializing.
INFO  2010-12-26 20:43:00,965 - Default Properties File: org\apache\velocity\runtime\defaults\velocity.properties
INFO  2010-12-26 20:43:00,967 - Default ResourceManager initializing. (class org.apache.velocity.runtime.resource.ResourceManagerImpl)
INFO  2010-12-26 20:43:00,968 - Resource Loader Instantiated: org.apache.velocity.runtime.resource.loader.FileResourceLoader
INFO  2010-12-26 20:43:00,968 - FileResourceLoader : initialization starting.
INFO  2010-12-26 20:43:00,969 - FileResourceLoader : adding path '.'
INFO  2010-12-26 20:43:00,969 - FileResourceLoader : initialization complete.
INFO  2010-12-26 20:43:00,969 - Resource Loader Instantiated: org.andromda.templateengines.velocity.ClasspathResourceLoader
INFO  2010-12-26 20:43:00,969 - ClasspathResourceLoader : initialization starting.
INFO  2010-12-26 20:43:00,969 - ClasspathResourceLoader : initialization complete.
INFO  2010-12-26 20:43:00,970 - ResourceCache : initialized. (class org.apache.velocity.runtime.resource.ResourceCacheImpl)
INFO  2010-12-26 20:43:00,970 - Default ResourceManager initialization complete.
INFO  2010-12-26 20:43:00,971 - Loaded System Directive: org.apache.velocity.runtime.directive.Literal
INFO  2010-12-26 20:43:00,972 - Loaded System Directive: org.apache.velocity.runtime.directive.Macro
INFO  2010-12-26 20:43:00,973 - Loaded System Directive: org.apache.velocity.runtime.directive.Parse
INFO  2010-12-26 20:43:00,975 - Loaded System Directive: org.apache.velocity.runtime.directive.Include
INFO  2010-12-26 20:43:00,975 - Loaded System Directive: org.apache.velocity.runtime.directive.Foreach
INFO  2010-12-26 20:43:01,015 - Created: 20 parsers.
INFO  2010-12-26 20:43:01,020 - Velocimacro : initialization starting.
INFO  2010-12-26 20:43:01,020 - Velocimacro : adding VMs from VM library template : templates/hibernate/hibernate.java.vm
INFO  2010-12-26 20:43:01,036 - Velocimacro : added new VM : #renderEqualsMethod( class className attributeSet ) : source = templates/hibernate/hibernate.java.vm
INFO  2010-12-26 20:43:01,242 - Velocimacro : added new VM : #renderHashCodeMethod( class className attributeSet ) : source = templates/hibernate/hibernate.java.vm
INFO  2010-12-26 20:43:01,251 - ResourceManager : found templates/hibernate/hibernate.java.vm with loader org.andromda.templateengines.velocity.ClasspathResourceLoader
INFO  2010-12-26 20:43:01,251 - Velocimacro :  VM library template macro registration complete.
INFO  2010-12-26 20:43:01,251 - Velocimacro : adding VMs from VM library template : templates/hibernate2/hibernate.hbm.xml.vm
INFO  2010-12-26 20:43:01,270 - Velocimacro : added new VM : #renderPropertiesAndAssociations( entity paramSqlPrefix indent ) : source = templates/hibernate2/hibernate.hbm.xml.vm
INFO  2010-12-26 20:43:01,274 - Velocimacro : added new VM : #renderSubClass( entity indent ) : source = templates/hibernate2/hibernate.hbm.xml.vm
INFO  2010-12-26 20:43:01,274 - VM #renderPropertiesAndAssociations: error : too few arguments to macro. Wanted 3 got 0
INFO  2010-12-26 20:43:01,295 - VM #renderSubClass: error : too few arguments to macro. Wanted 2 got 0
INFO  2010-12-26 20:43:01,295 - ResourceManager : found templates/hibernate2/hibernate.hbm.xml.vm with loader org.andromda.templateengines.velocity.ClasspathResourceLoader
INFO  2010-12-26 20:43:01,295 - Velocimacro :  VM library template macro registration complete.
INFO  2010-12-26 20:43:01,296 - Velocimacro : adding VMs from VM library template : templates/hibernate3/hibernate.hbm.xml.vm
INFO  2010-12-26 20:43:01,315 - Velocimacro : added new VM : #renderPropertiesAndAssociations3( entity paramSqlPrefix indent ) : source = templates/hibernate3/hibernate.hbm.xml.vm
INFO  2010-12-26 20:43:01,317 - Velocimacro : added new VM : #renderSubClass3( entity indent ) : source = templates/hibernate3/hibernate.hbm.xml.vm
INFO  2010-12-26 20:43:01,317 - VM #renderPropertiesAndAssociations3: error : too few arguments to macro. Wanted 3 got 0
INFO  2010-12-26 20:43:01,325 - VM #renderSubClass3: error : too few arguments to macro. Wanted 2 got 0
INFO  2010-12-26 20:43:01,325 - ResourceManager : found templates/hibernate3/hibernate.hbm.xml.vm with loader org.andromda.templateengines.velocity.ClasspathResourceLoader
INFO  2010-12-26 20:43:01,326 - Velocimacro :  VM library template macro registration complete.
INFO  2010-12-26 20:43:01,326 - Velocimacro : allowInline = true : VMs can be defined inline in templates
INFO  2010-12-26 20:43:01,326 - Velocimacro : allowInlineToOverride = false : VMs defined inline may NOT replace previous VM definitions
INFO  2010-12-26 20:43:01,326 - Velocimacro : allowInlineLocal = false : VMs defined inline will be  global in scope if allowed.
INFO  2010-12-26 20:43:01,326 - Velocimacro : messages on  : VM system will output logging messages
INFO  2010-12-26 20:43:01,326 - Velocimacro : autoload off  : VM system will not automatically reload global library macros
INFO  2010-12-26 20:43:01,326 - Velocimacro : initialization complete.
INFO  2010-12-26 20:43:01,326 - Velocity successfully started.
INFO  2010-12-26 20:43:01,350 - ResourceManager : found templates/hibernate3/ejb/HibernateEntityFactory.vsl with loader org.andromda.templateengines.velocity.ClasspathResourceLoader
INFO  2010-12-26 20:43:02,110 - ResourceManager : found templates/hibernate3/hibernate.cfg.xml.vsl with loader org.andromda.templateengines.velocity.ClasspathResourceLoader
INFO  2010-12-26 20:43:02,135 - ResourceManager : found templates/hibernate3/hibernate.hbm.xml.vsl with loader org.andromda.templateengines.velocity.ClasspathResourceLoader
INFO  2010-12-26 20:43:02,141 - Velocimacro : VM addition rejected : renderPropertiesAndAssociations3 : inline not allowed to replace existing VM
INFO  2010-12-26 20:43:02,142 - Velocimacro : VM addition rejected : renderSubClass3 : inline not allowed to replace existing VM
INFO  2010-12-26 20:43:02,159 - ResourceManager : found templates/hibernate3/hibernate.hbm.xml.vm with loader org.andromda.templateengines.velocity.ClasspathResourceLoader
INFO  2010-12-26 20:43:02,261 - Velocimacro : VM addition rejected : renderPropertiesAndAssociations3 : inline not allowed to replace existing VM
INFO  2010-12-26 20:43:02,262 - Velocimacro : VM addition rejected : renderSubClass3 : inline not allowed to replace existing VM
INFO  2010-12-26 20:43:02,276 - ResourceManager : found templates/hibernate3/hibernate.hbm.xml.vm with loader org.andromda.templateengines.velocity.ClasspathResourceLoader
INFO  2010-12-26 20:43:02,349 - Velocimacro : VM addition rejected : renderPropertiesAndAssociations3 : inline not allowed to replace existing VM
INFO  2010-12-26 20:43:02,350 - Velocimacro : VM addition rejected : renderSubClass3 : inline not allowed to replace existing VM
INFO  2010-12-26 20:43:02,366 - ResourceManager : found templates/hibernate3/hibernate.hbm.xml.vm with loader org.andromda.templateengines.velocity.ClasspathResourceLoader
INFO  2010-12-26 20:43:02,771 - Velocimacro : VM addition rejected : renderPropertiesAndAssociations3 : inline not allowed to replace existing VM
INFO  2010-12-26 20:43:02,772 - Velocimacro : VM addition rejected : renderSubClass3 : inline not allowed to replace existing VM
INFO  2010-12-26 20:43:02,786 - ResourceManager : found templates/hibernate3/hibernate.hbm.xml.vm with loader org.andromda.templateengines.velocity.ClasspathResourceLoader
INFO  2010-12-26 20:43:03,010 - Velocimacro : VM addition rejected : renderPropertiesAndAssociations3 : inline not allowed to replace existing VM
INFO  2010-12-26 20:43:03,026 - Velocimacro : VM addition rejected : renderSubClass3 : inline not allowed to replace existing VM
INFO  2010-12-26 20:43:03,026 - ResourceManager : found templates/hibernate3/hibernate.hbm.xml.vm with loader org.andromda.templateengines.velocity.ClasspathResourceLoader
INFO  2010-12-26 20:43:03,308 - Velocimacro : VM addition rejected : renderPropertiesAndAssociations3 : inline not allowed to replace existing VM
INFO  2010-12-26 20:43:03,309 - Velocimacro : VM addition rejected : renderSubClass3 : inline not allowed to replace existing VM
INFO  2010-12-26 20:43:03,318 - ResourceManager : found templates/hibernate3/hibernate.hbm.xml.vm with loader org.andromda.templateengines.velocity.ClasspathResourceLoader
INFO  2010-12-26 20:43:03,448 - Velocimacro : VM addition rejected : renderPropertiesAndAssociations3 : inline not allowed to replace existing VM
INFO  2010-12-26 20:43:03,449 - Velocimacro : VM addition rejected : renderSubClass3 : inline not allowed to replace existing VM
INFO  2010-12-26 20:43:03,460 - ResourceManager : found templates/hibernate3/hibernate.hbm.xml.vm with loader org.andromda.templateengines.velocity.ClasspathResourceLoader
INFO  2010-12-26 20:43:03,525 - Velocimacro : VM addition rejected : renderPropertiesAndAssociations3 : inline not allowed to replace existing VM
INFO  2010-12-26 20:43:03,527 - Velocimacro : VM addition rejected : renderSubClass3 : inline not allowed to replace existing VM
INFO  2010-12-26 20:43:03,536 - ResourceManager : found templates/hibernate3/hibernate.hbm.xml.vm with loader org.andromda.templateengines.velocity.ClasspathResourceLoader
INFO  2010-12-26 20:43:03,589 - Velocimacro : VM addition rejected : renderPropertiesAndAssociations3 : inline not allowed to replace existing VM
INFO  2010-12-26 20:43:03,590 - Velocimacro : VM addition rejected : renderSubClass3 : inline not allowed to replace existing VM
INFO  2010-12-26 20:43:03,604 - ResourceManager : found templates/hibernate3/hibernate.hbm.xml.vm with loader org.andromda.templateengines.velocity.ClasspathResourceLoader
INFO  2010-12-26 20:43:03,707 - Velocimacro : VM addition rejected : renderPropertiesAndAssociations3 : inline not allowed to replace existing VM
INFO  2010-12-26 20:43:03,708 - Velocimacro : VM addition rejected : renderSubClass3 : inline not allowed to replace existing VM
INFO  2010-12-26 20:43:03,720 - ResourceManager : found templates/hibernate3/hibernate.hbm.xml.vm with loader org.andromda.templateengines.velocity.ClasspathResourceLoader
INFO  2010-12-26 20:43:03,828 - Velocimacro : VM addition rejected : renderPropertiesAndAssociations3 : inline not allowed to replace existing VM
INFO  2010-12-26 20:43:03,829 - Velocimacro : VM addition rejected : renderSubClass3 : inline not allowed to replace existing VM
INFO  2010-12-26 20:43:03,842 - ResourceManager : found templates/hibernate3/hibernate.hbm.xml.vm with loader org.andromda.templateengines.velocity.ClasspathResourceLoader
INFO  2010-12-26 20:43:04,268 - Velocimacro : VM addition rejected : renderPropertiesAndAssociations3 : inline not allowed to replace existing VM
INFO  2010-12-26 20:43:04,268 - Velocimacro : VM addition rejected : renderSubClass3 : inline not allowed to replace existing VM
INFO  2010-12-26 20:43:04,292 - ResourceManager : found templates/hibernate3/hibernate.hbm.xml.vm with loader org.andromda.templateengines.velocity.ClasspathResourceLoader
INFO  2010-12-26 20:43:04,655 - Velocimacro : VM addition rejected : renderPropertiesAndAssociations3 : inline not allowed to replace existing VM
INFO  2010-12-26 20:43:04,656 - Velocimacro : VM addition rejected : renderSubClass3 : inline not allowed to replace existing VM
INFO  2010-12-26 20:43:04,667 - ResourceManager : found templates/hibernate3/hibernate.hbm.xml.vm with loader org.andromda.templateengines.velocity.ClasspathResourceLoader
INFO  2010-12-26 20:43:04,738 - Velocimacro : VM addition rejected : renderPropertiesAndAssociations3 : inline not allowed to replace existing VM
INFO  2010-12-26 20:43:04,739 - Velocimacro : VM addition rejected : renderSubClass3 : inline not allowed to replace existing VM
INFO  2010-12-26 20:43:04,753 - ResourceManager : found templates/hibernate3/hibernate.hbm.xml.vm with loader org.andromda.templateengines.velocity.ClasspathResourceLoader
INFO  2010-12-26 20:43:04,822 - Velocimacro : VM addition rejected : renderPropertiesAndAssociations3 : inline not allowed to replace existing VM
INFO  2010-12-26 20:43:04,823 - Velocimacro : VM addition rejected : renderSubClass3 : inline not allowed to replace existing VM
INFO  2010-12-26 20:43:04,834 - ResourceManager : found templates/hibernate3/hibernate.hbm.xml.vm with loader org.andromda.templateengines.velocity.ClasspathResourceLoader
INFO  2010-12-26 20:43:05,218 - Velocimacro : VM addition rejected : renderPropertiesAndAssociations3 : inline not allowed to replace existing VM
INFO  2010-12-26 20:43:05,219 - Velocimacro : VM addition rejected : renderSubClass3 : inline not allowed to replace existing VM
INFO  2010-12-26 20:43:05,228 - ResourceManager : found templates/hibernate3/hibernate.hbm.xml.vm with loader org.andromda.templateengines.velocity.ClasspathResourceLoader
INFO  2010-12-26 20:43:05,358 - Velocimacro : VM addition rejected : renderPropertiesAndAssociations3 : inline not allowed to replace existing VM
INFO  2010-12-26 20:43:05,359 - Velocimacro : VM addition rejected : renderSubClass3 : inline not allowed to replace existing VM
INFO  2010-12-26 20:43:05,371 - ResourceManager : found templates/hibernate3/hibernate.hbm.xml.vm with loader org.andromda.templateengines.velocity.ClasspathResourceLoader
INFO  2010-12-26 20:43:05,420 - Velocimacro : VM addition rejected : renderPropertiesAndAssociations3 : inline not allowed to replace existing VM
INFO  2010-12-26 20:43:05,421 - Velocimacro : VM addition rejected : renderSubClass3 : inline not allowed to replace existing VM
INFO  2010-12-26 20:43:05,430 - ResourceManager : found templates/hibernate3/hibernate.hbm.xml.vm with loader org.andromda.templateengines.velocity.ClasspathResourceLoader
INFO  2010-12-26 20:43:05,539 - Velocimacro : VM addition rejected : renderPropertiesAndAssociations3 : inline not allowed to replace existing VM
INFO  2010-12-26 20:43:05,540 - Velocimacro : VM addition rejected : renderSubClass3 : inline not allowed to replace existing VM
INFO  2010-12-26 20:43:05,551 - ResourceManager : found templates/hibernate3/hibernate.hbm.xml.vm with loader org.andromda.templateengines.velocity.ClasspathResourceLoader
INFO  2010-12-26 20:43:05,597 - Velocimacro : VM addition rejected : renderPropertiesAndAssociations3 : inline not allowed to replace existing VM
INFO  2010-12-26 20:43:05,600 - Velocimacro : VM addition rejected : renderSubClass3 : inline not allowed to replace existing VM
INFO  2010-12-26 20:43:05,609 - ResourceManager : found templates/hibernate3/hibernate.hbm.xml.vm with loader org.andromda.templateengines.velocity.ClasspathResourceLoader
INFO  2010-12-26 20:43:05,684 - Velocimacro : VM addition rejected : renderPropertiesAndAssociations3 : inline not allowed to replace existing VM
INFO  2010-12-26 20:43:05,684 - Velocimacro : VM addition rejected : renderSubClass3 : inline not allowed to replace existing VM
INFO  2010-12-26 20:43:05,693 - ResourceManager : found templates/hibernate3/hibernate.hbm.xml.vm with loader org.andromda.templateengines.velocity.ClasspathResourceLoader
INFO  2010-12-26 20:43:05,774 - Velocimacro : VM addition rejected : renderPropertiesAndAssociations3 : inline not allowed to replace existing VM
INFO  2010-12-26 20:43:05,775 - Velocimacro : VM addition rejected : renderSubClass3 : inline not allowed to replace existing VM
INFO  2010-12-26 20:43:05,784 - ResourceManager : found templates/hibernate3/hibernate.hbm.xml.vm with loader org.andromda.templateengines.velocity.ClasspathResourceLoader
INFO  2010-12-26 20:43:05,856 - Velocimacro : VM addition rejected : renderPropertiesAndAssociations3 : inline not allowed to replace existing VM
INFO  2010-12-26 20:43:05,857 - Velocimacro : VM addition rejected : renderSubClass3 : inline not allowed to replace existing VM
INFO  2010-12-26 20:43:05,870 - ResourceManager : found templates/hibernate3/hibernate.hbm.xml.vm with loader org.andromda.templateengines.velocity.ClasspathResourceLoader
INFO  2010-12-26 20:43:05,894 - Velocimacro : VM addition rejected : renderPropertiesAndAssociations3 : inline not allowed to replace existing VM
INFO  2010-12-26 20:43:05,895 - Velocimacro : VM addition rejected : renderSubClass3 : inline not allowed to replace existing VM
INFO  2010-12-26 20:43:05,904 - ResourceManager : found templates/hibernate3/hibernate.hbm.xml.vm with loader org.andromda.templateengines.velocity.ClasspathResourceLoader
INFO  2010-12-26 20:43:06,028 - Velocimacro : VM addition rejected : renderPropertiesAndAssociations3 : inline not allowed to replace existing VM
INFO  2010-12-26 20:43:06,028 - Velocimacro : VM addition rejected : renderSubClass3 : inline not allowed to replace existing VM
INFO  2010-12-26 20:43:06,037 - ResourceManager : found templates/hibernate3/hibernate.hbm.xml.vm with loader org.andromda.templateengines.velocity.ClasspathResourceLoader
INFO  2010-12-26 20:43:06,427 - ResourceManager : found templates/hibernate/HibernateEntity.vsl with loader org.andromda.templateengines.velocity.ClasspathResourceLoader
INFO  2010-12-26 20:43:19,368 - ResourceManager : found templates/hibernate/HibernateEntityImpl.vsl with loader org.andromda.templateengines.velocity.ClasspathResourceLoader
INFO  2010-12-26 20:43:19,398 - ResourceManager : found templates/hibernate/usertypes/HibernateByteBlobType.vsl with loader org.andromda.templateengines.velocity.ClasspathResourceLoader
INFO  2010-12-26 20:43:19,405 - ResourceManager : found templates/hibernate/usertypes/HibernateStringClobType.vsl with loader org.andromda.templateengines.velocity.ClasspathResourceLoader
INFO  2010-12-26 20:43:19,410 - ResourceManager : found templates/hibernate/ejb/ejb-jar.xml.vsl with loader org.andromda.templateengines.velocity.ClasspathResourceLoader
INFO  2010-12-26 20:43:19,411 - ResourceManager : found templates/hibernate/ejb/HibernateSessionEJBGlobals.vm with loader org.andromda.templateengines.velocity.ClasspathResourceLoader
INFO  2010-12-26 20:43:19,435 - ResourceManager : found templates/hibernate/ejb/jboss.xml.vsl with loader org.andromda.templateengines.velocity.ClasspathResourceLoader
INFO  2010-12-26 20:43:19,436 - ResourceManager : found templates/hibernate/ejb/HibernateSessionEJBGlobals.vm with loader org.andromda.templateengines.velocity.ClasspathResourceLoader
INFO  2010-12-26 20:43:19,440 - ResourceManager : found templates/hibernate/ejb/HibernateSessionEJBLocator.vsl with loader org.andromda.templateengines.velocity.ClasspathResourceLoader
INFO  2010-12-26 20:43:19,441 - ResourceManager : found templates/hibernate/ejb/HibernateSessionEJBGlobals.vm with loader org.andromda.templateengines.velocity.ClasspathResourceLoader
INFO  2010-12-26 20:43:19,445 - ResourceManager : found templates/hibernate/ejb/HibernateSessionBean.vsl with loader org.andromda.templateengines.velocity.ClasspathResourceLoader
INFO  2010-12-26 20:43:19,446 - ResourceManager : found templates/hibernate/ejb/HibernateSessionEJBGlobals.vm with loader org.andromda.templateengines.velocity.ClasspathResourceLoader
INFO  2010-12-26 20:43:19,462 - ResourceManager : found templates/hibernate/ejb/HibernateSessionBeanImpl.vsl with loader org.andromda.templateengines.velocity.ClasspathResourceLoader
INFO  2010-12-26 20:43:19,463 - ResourceManager : found templates/hibernate/ejb/HibernateSessionEJBGlobals.vm with loader org.andromda.templateengines.velocity.ClasspathResourceLoader
INFO  2010-12-26 20:43:19,474 - ResourceManager : found templates/hibernate/ejb/HibernateSession.vsl with loader org.andromda.templateengines.velocity.ClasspathResourceLoader
INFO  2010-12-26 20:43:19,475 - ResourceManager : found templates/hibernate/ejb/HibernateSessionEJBGlobals.vm with loader org.andromda.templateengines.velocity.ClasspathResourceLoader
INFO  2010-12-26 20:43:19,482 - ResourceManager : found templates/hibernate/ejb/HibernateSessionHome.vsl with loader org.andromda.templateengines.velocity.ClasspathResourceLoader
INFO  2010-12-26 20:43:19,483 - ResourceManager : found templates/hibernate/ejb/HibernateSessionEJBGlobals.vm with loader org.andromda.templateengines.velocity.ClasspathResourceLoader
INFO  2010-12-26 20:43:19,484 - ResourceManager : found templates/hibernate/ejb/HibernateUtils.vsl with loader org.andromda.templateengines.velocity.ClasspathResourceLoader
INFO  2010-12-26 20:43:19,488 - ResourceManager : found templates/hibernate/ehcache.xml.vsl with loader org.andromda.templateengines.velocity.ClasspathResourceLoader
INFO  2010-12-26 21:00:32,413 - ************************************************************** 
INFO  2010-12-26 21:00:32,413 - Starting Jakarta Velocity v1.4
INFO  2010-12-26 21:00:32,413 - RuntimeInstance initializing.
INFO  2010-12-26 21:00:32,413 - Default Properties File: org\apache\velocity\runtime\defaults\velocity.properties
INFO  2010-12-26 21:00:32,415 - Default ResourceManager initializing. (class org.apache.velocity.runtime.resource.ResourceManagerImpl)
INFO  2010-12-26 21:00:32,416 - Resource Loader Instantiated: org.apache.velocity.runtime.resource.loader.FileResourceLoader
INFO  2010-12-26 21:00:32,416 - FileResourceLoader : initialization starting.
INFO  2010-12-26 21:00:32,416 - FileResourceLoader : adding path '.'
INFO  2010-12-26 21:00:32,417 - FileResourceLoader : initialization complete.
INFO  2010-12-26 21:00:32,417 - Resource Loader Instantiated: org.andromda.templateengines.velocity.ClasspathResourceLoader
INFO  2010-12-26 21:00:32,417 - ClasspathResourceLoader : initialization starting.
INFO  2010-12-26 21:00:32,417 - ClasspathResourceLoader : initialization complete.
INFO  2010-12-26 21:00:32,418 - ResourceCache : initialized. (class org.apache.velocity.runtime.resource.ResourceCacheImpl)
INFO  2010-12-26 21:00:32,418 - Default ResourceManager initialization complete.
INFO  2010-12-26 21:00:32,419 - Loaded System Directive: org.apache.velocity.runtime.directive.Literal
INFO  2010-12-26 21:00:32,420 - Loaded System Directive: org.apache.velocity.runtime.directive.Macro
INFO  2010-12-26 21:00:32,422 - Loaded System Directive: org.apache.velocity.runtime.directive.Parse
INFO  2010-12-26 21:00:32,423 - Loaded System Directive: org.apache.velocity.runtime.directive.Include
INFO  2010-12-26 21:00:32,423 - Loaded System Directive: org.apache.velocity.runtime.directive.Foreach
INFO  2010-12-26 21:00:32,464 - Created: 20 parsers.
INFO  2010-12-26 21:00:32,468 - Velocimacro : initialization starting.
INFO  2010-12-26 21:00:32,468 - Velocimacro : adding VMs from VM library template : templates/hibernate/hibernate.java.vm
INFO  2010-12-26 21:00:32,485 - Velocimacro : added new VM : #renderEqualsMethod( class className attributeSet ) : source = templates/hibernate/hibernate.java.vm
INFO  2010-12-26 21:00:32,488 - Velocimacro : added new VM : #renderHashCodeMethod( class className attributeSet ) : source = templates/hibernate/hibernate.java.vm
INFO  2010-12-26 21:00:32,495 - ResourceManager : found templates/hibernate/hibernate.java.vm with loader org.andromda.templateengines.velocity.ClasspathResourceLoader
INFO  2010-12-26 21:00:32,495 - Velocimacro :  VM library template macro registration complete.
INFO  2010-12-26 21:00:32,495 - Velocimacro : adding VMs from VM library template : templates/hibernate2/hibernate.hbm.xml.vm
INFO  2010-12-26 21:00:32,525 - Velocimacro : added new VM : #renderPropertiesAndAssociations( entity paramSqlPrefix indent ) : source = templates/hibernate2/hibernate.hbm.xml.vm
INFO  2010-12-26 21:00:32,529 - Velocimacro : added new VM : #renderSubClass( entity indent ) : source = templates/hibernate2/hibernate.hbm.xml.vm
INFO  2010-12-26 21:00:32,529 - VM #renderPropertiesAndAssociations: error : too few arguments to macro. Wanted 3 got 0
INFO  2010-12-26 21:00:32,549 - VM #renderSubClass: error : too few arguments to macro. Wanted 2 got 0
INFO  2010-12-26 21:00:32,549 - ResourceManager : found templates/hibernate2/hibernate.hbm.xml.vm with loader org.andromda.templateengines.velocity.ClasspathResourceLoader
INFO  2010-12-26 21:00:32,549 - Velocimacro :  VM library template macro registration complete.
INFO  2010-12-26 21:00:32,549 - Velocimacro : adding VMs from VM library template : templates/hibernate3/hibernate.hbm.xml.vm
INFO  2010-12-26 21:00:32,565 - Velocimacro : added new VM : #renderPropertiesAndAssociations3( entity paramSqlPrefix indent ) : source = templates/hibernate3/hibernate.hbm.xml.vm
INFO  2010-12-26 21:00:32,568 - Velocimacro : added new VM : #renderSubClass3( entity indent ) : source = templates/hibernate3/hibernate.hbm.xml.vm
INFO  2010-12-26 21:00:32,568 - VM #renderPropertiesAndAssociations3: error : too few arguments to macro. Wanted 3 got 0
INFO  2010-12-26 21:00:32,577 - VM #renderSubClass3: error : too few arguments to macro. Wanted 2 got 0
INFO  2010-12-26 21:00:32,577 - ResourceManager : found templates/hibernate3/hibernate.hbm.xml.vm with loader org.andromda.templateengines.velocity.ClasspathResourceLoader
INFO  2010-12-26 21:00:32,577 - Velocimacro :  VM library template macro registration complete.
INFO  2010-12-26 21:00:32,578 - Velocimacro : allowInline = true : VMs can be defined inline in templates
INFO  2010-12-26 21:00:32,578 - Velocimacro : allowInlineToOverride = false : VMs defined inline may NOT replace previous VM definitions
INFO  2010-12-26 21:00:32,578 - Velocimacro : allowInlineLocal = false : VMs defined inline will be  global in scope if allowed.
INFO  2010-12-26 21:00:32,578 - Velocimacro : messages on  : VM system will output logging messages
INFO  2010-12-26 21:00:32,578 - Velocimacro : autoload off  : VM system will not automatically reload global library macros
INFO  2010-12-26 21:00:32,578 - Velocimacro : initialization complete.
INFO  2010-12-26 21:00:32,578 - Velocity successfully started.
INFO  2010-12-26 21:00:32,608 - ResourceManager : found templates/hibernate3/ejb/HibernateEntityFactory.vsl with loader org.andromda.templateengines.velocity.ClasspathResourceLoader
INFO  2010-12-26 21:00:33,580 - ResourceManager : found templates/hibernate3/hibernate.cfg.xml.vsl with loader org.andromda.templateengines.velocity.ClasspathResourceLoader
INFO  2010-12-26 21:00:33,605 - ResourceManager : found templates/hibernate3/hibernate.hbm.xml.vsl with loader org.andromda.templateengines.velocity.ClasspathResourceLoader
INFO  2010-12-26 21:00:33,611 - Velocimacro : VM addition rejected : renderPropertiesAndAssociations3 : inline not allowed to replace existing VM
INFO  2010-12-26 21:00:33,612 - Velocimacro : VM addition rejected : renderSubClass3 : inline not allowed to replace existing VM
INFO  2010-12-26 21:00:33,629 - ResourceManager : found templates/hibernate3/hibernate.hbm.xml.vm with loader org.andromda.templateengines.velocity.ClasspathResourceLoader
INFO  2010-12-26 21:00:33,726 - Velocimacro : VM addition rejected : renderPropertiesAndAssociations3 : inline not allowed to replace existing VM
INFO  2010-12-26 21:00:33,727 - Velocimacro : VM addition rejected : renderSubClass3 : inline not allowed to replace existing VM
INFO  2010-12-26 21:00:33,743 - ResourceManager : found templates/hibernate3/hibernate.hbm.xml.vm with loader org.andromda.templateengines.velocity.ClasspathResourceLoader
INFO  2010-12-26 21:00:33,814 - Velocimacro : VM addition rejected : renderPropertiesAndAssociations3 : inline not allowed to replace existing VM
INFO  2010-12-26 21:00:33,815 - Velocimacro : VM addition rejected : renderSubClass3 : inline not allowed to replace existing VM
INFO  2010-12-26 21:00:33,829 - ResourceManager : found templates/hibernate3/hibernate.hbm.xml.vm with loader org.andromda.templateengines.velocity.ClasspathResourceLoader
INFO  2010-12-26 21:00:34,239 - Velocimacro : VM addition rejected : renderPropertiesAndAssociations3 : inline not allowed to replace existing VM
INFO  2010-12-26 21:00:34,240 - Velocimacro : VM addition rejected : renderSubClass3 : inline not allowed to replace existing VM
INFO  2010-12-26 21:00:34,249 - ResourceManager : found templates/hibernate3/hibernate.hbm.xml.vm with loader org.andromda.templateengines.velocity.ClasspathResourceLoader
INFO  2010-12-26 21:00:34,491 - Velocimacro : VM addition rejected : renderPropertiesAndAssociations3 : inline not allowed to replace existing VM
INFO  2010-12-26 21:00:34,491 - Velocimacro : VM addition rejected : renderSubClass3 : inline not allowed to replace existing VM
INFO  2010-12-26 21:00:34,504 - ResourceManager : found templates/hibernate3/hibernate.hbm.xml.vm with loader org.andromda.templateengines.velocity.ClasspathResourceLoader
INFO  2010-12-26 21:00:34,777 - Velocimacro : VM addition rejected : renderPropertiesAndAssociations3 : inline not allowed to replace existing VM
INFO  2010-12-26 21:00:34,778 - Velocimacro : VM addition rejected : renderSubClass3 : inline not allowed to replace existing VM
INFO  2010-12-26 21:00:34,788 - ResourceManager : found templates/hibernate3/hibernate.hbm.xml.vm with loader org.andromda.templateengines.velocity.ClasspathResourceLoader
INFO  2010-12-26 21:00:34,917 - Velocimacro : VM addition rejected : renderPropertiesAndAssociations3 : inline not allowed to replace existing VM
INFO  2010-12-26 21:00:34,918 - Velocimacro : VM addition rejected : renderSubClass3 : inline not allowed to replace existing VM
INFO  2010-12-26 21:00:34,930 - ResourceManager : found templates/hibernate3/hibernate.hbm.xml.vm with loader org.andromda.templateengines.velocity.ClasspathResourceLoader
INFO  2010-12-26 21:00:34,993 - Velocimacro : VM addition rejected : renderPropertiesAndAssociations3 : inline not allowed to replace existing VM
INFO  2010-12-26 21:00:34,994 - Velocimacro : VM addition rejected : renderSubClass3 : inline not allowed to replace existing VM
INFO  2010-12-26 21:00:35,006 - ResourceManager : found templates/hibernate3/hibernate.hbm.xml.vm with loader org.andromda.templateengines.velocity.ClasspathResourceLoader
INFO  2010-12-26 21:00:35,055 - Velocimacro : VM addition rejected : renderPropertiesAndAssociations3 : inline not allowed to replace existing VM
INFO  2010-12-26 21:00:35,056 - Velocimacro : VM addition rejected : renderSubClass3 : inline not allowed to replace existing VM
INFO  2010-12-26 21:00:35,064 - ResourceManager : found templates/hibernate3/hibernate.hbm.xml.vm with loader org.andromda.templateengines.velocity.ClasspathResourceLoader
INFO  2010-12-26 21:00:35,168 - Velocimacro : VM addition rejected : renderPropertiesAndAssociations3 : inline not allowed to replace existing VM
INFO  2010-12-26 21:00:35,169 - Velocimacro : VM addition rejected : renderSubClass3 : inline not allowed to replace existing VM
INFO  2010-12-26 21:00:35,178 - ResourceManager : found templates/hibernate3/hibernate.hbm.xml.vm with loader org.andromda.templateengines.velocity.ClasspathResourceLoader
INFO  2010-12-26 21:00:35,282 - Velocimacro : VM addition rejected : renderPropertiesAndAssociations3 : inline not allowed to replace existing VM
INFO  2010-12-26 21:00:35,283 - Velocimacro : VM addition rejected : renderSubClass3 : inline not allowed to replace existing VM
INFO  2010-12-26 21:00:35,295 - ResourceManager : found templates/hibernate3/hibernate.hbm.xml.vm with loader org.andromda.templateengines.velocity.ClasspathResourceLoader
INFO  2010-12-26 21:00:35,732 - Velocimacro : VM addition rejected : renderPropertiesAndAssociations3 : inline not allowed to replace existing VM
INFO  2010-12-26 21:00:35,732 - Velocimacro : VM addition rejected : renderSubClass3 : inline not allowed to replace existing VM
INFO  2010-12-26 21:00:35,741 - ResourceManager : found templates/hibernate3/hibernate.hbm.xml.vm with loader org.andromda.templateengines.velocity.ClasspathResourceLoader
INFO  2010-12-26 21:00:36,105 - Velocimacro : VM addition rejected : renderPropertiesAndAssociations3 : inline not allowed to replace existing VM
INFO  2010-12-26 21:00:36,106 - Velocimacro : VM addition rejected : renderSubClass3 : inline not allowed to replace existing VM
INFO  2010-12-26 21:00:36,118 - ResourceManager : found templates/hibernate3/hibernate.hbm.xml.vm with loader org.andromda.templateengines.velocity.ClasspathResourceLoader
INFO  2010-12-26 21:00:36,188 - Velocimacro : VM addition rejected : renderPropertiesAndAssociations3 : inline not allowed to replace existing VM
INFO  2010-12-26 21:00:36,188 - Velocimacro : VM addition rejected : renderSubClass3 : inline not allowed to replace existing VM
INFO  2010-12-26 21:00:36,197 - ResourceManager : found templates/hibernate3/hibernate.hbm.xml.vm with loader org.andromda.templateengines.velocity.ClasspathResourceLoader
INFO  2010-12-26 21:00:36,264 - Velocimacro : VM addition rejected : renderPropertiesAndAssociations3 : inline not allowed to replace existing VM
INFO  2010-12-26 21:00:36,265 - Velocimacro : VM addition rejected : renderSubClass3 : inline not allowed to replace existing VM
INFO  2010-12-26 21:00:36,278 - ResourceManager : found templates/hibernate3/hibernate.hbm.xml.vm with loader org.andromda.templateengines.velocity.ClasspathResourceLoader
INFO  2010-12-26 21:00:36,470 - Velocimacro : VM addition rejected : renderPropertiesAndAssociations3 : inline not allowed to replace existing VM
INFO  2010-12-26 21:00:36,471 - Velocimacro : VM addition rejected : renderSubClass3 : inline not allowed to replace existing VM
INFO  2010-12-26 21:00:36,480 - ResourceManager : found templates/hibernate3/hibernate.hbm.xml.vm with loader org.andromda.templateengines.velocity.ClasspathResourceLoader
INFO  2010-12-26 21:00:36,612 - Velocimacro : VM addition rejected : renderPropertiesAndAssociations3 : inline not allowed to replace existing VM
INFO  2010-12-26 21:00:36,613 - Velocimacro : VM addition rejected : renderSubClass3 : inline not allowed to replace existing VM
INFO  2010-12-26 21:00:36,625 - ResourceManager : found templates/hibernate3/hibernate.hbm.xml.vm with loader org.andromda.templateengines.velocity.ClasspathResourceLoader
INFO  2010-12-26 21:00:36,673 - Velocimacro : VM addition rejected : renderPropertiesAndAssociations3 : inline not allowed to replace existing VM
INFO  2010-12-26 21:00:36,674 - Velocimacro : VM addition rejected : renderSubClass3 : inline not allowed to replace existing VM
INFO  2010-12-26 21:00:36,688 - ResourceManager : found templates/hibernate3/hibernate.hbm.xml.vm with loader org.andromda.templateengines.velocity.ClasspathResourceLoader
INFO  2010-12-26 21:00:36,794 - Velocimacro : VM addition rejected : renderPropertiesAndAssociations3 : inline not allowed to replace existing VM
INFO  2010-12-26 21:00:36,797 - Velocimacro : VM addition rejected : renderSubClass3 : inline not allowed to replace existing VM
INFO  2010-12-26 21:00:36,806 - ResourceManager : found templates/hibernate3/hibernate.hbm.xml.vm with loader org.andromda.templateengines.velocity.ClasspathResourceLoader
INFO  2010-12-26 21:00:36,852 - Velocimacro : VM addition rejected : renderPropertiesAndAssociations3 : inline not allowed to replace existing VM
INFO  2010-12-26 21:00:36,853 - Velocimacro : VM addition rejected : renderSubClass3 : inline not allowed to replace existing VM
INFO  2010-12-26 21:00:36,866 - ResourceManager : found templates/hibernate3/hibernate.hbm.xml.vm with loader org.andromda.templateengines.velocity.ClasspathResourceLoader
INFO  2010-12-26 21:00:36,941 - Velocimacro : VM addition rejected : renderPropertiesAndAssociations3 : inline not allowed to replace existing VM
INFO  2010-12-26 21:00:36,942 - Velocimacro : VM addition rejected : renderSubClass3 : inline not allowed to replace existing VM
INFO  2010-12-26 21:00:36,956 - ResourceManager : found templates/hibernate3/hibernate.hbm.xml.vm with loader org.andromda.templateengines.velocity.ClasspathResourceLoader
INFO  2010-12-26 21:00:37,038 - Velocimacro : VM addition rejected : renderPropertiesAndAssociations3 : inline not allowed to replace existing VM
INFO  2010-12-26 21:00:37,040 - Velocimacro : VM addition rejected : renderSubClass3 : inline not allowed to replace existing VM
INFO  2010-12-26 21:00:37,053 - ResourceManager : found templates/hibernate3/hibernate.hbm.xml.vm with loader org.andromda.templateengines.velocity.ClasspathResourceLoader
INFO  2010-12-26 21:00:37,126 - Velocimacro : VM addition rejected : renderPropertiesAndAssociations3 : inline not allowed to replace existing VM
INFO  2010-12-26 21:00:37,127 - Velocimacro : VM addition rejected : renderSubClass3 : inline not allowed to replace existing VM
INFO  2010-12-26 21:00:37,140 - ResourceManager : found templates/hibernate3/hibernate.hbm.xml.vm with loader org.andromda.templateengines.velocity.ClasspathResourceLoader
INFO  2010-12-26 21:00:37,163 - Velocimacro : VM addition rejected : renderPropertiesAndAssociations3 : inline not allowed to replace existing VM
INFO  2010-12-26 21:00:37,163 - Velocimacro : VM addition rejected : renderSubClass3 : inline not allowed to replace existing VM
INFO  2010-12-26 21:00:37,368 - ResourceManager : found templates/hibernate3/hibernate.hbm.xml.vm with loader org.andromda.templateengines.velocity.ClasspathResourceLoader
INFO  2010-12-26 21:00:37,476 - Velocimacro : VM addition rejected : renderPropertiesAndAssociations3 : inline not allowed to replace existing VM
INFO  2010-12-26 21:00:37,477 - Velocimacro : VM addition rejected : renderSubClass3 : inline not allowed to replace existing VM
INFO  2010-12-26 21:00:37,491 - ResourceManager : found templates/hibernate3/hibernate.hbm.xml.vm with loader org.andromda.templateengines.velocity.ClasspathResourceLoader
INFO  2010-12-26 21:00:37,902 - ResourceManager : found templates/hibernate/HibernateEntity.vsl with loader org.andromda.templateengines.velocity.ClasspathResourceLoader
INFO  2010-12-26 21:00:50,862 - ResourceManager : found templates/hibernate/HibernateEntityImpl.vsl with loader org.andromda.templateengines.velocity.ClasspathResourceLoader
INFO  2010-12-26 21:00:50,888 - ResourceManager : found templates/hibernate/usertypes/HibernateByteBlobType.vsl with loader org.andromda.templateengines.velocity.ClasspathResourceLoader
INFO  2010-12-26 21:00:50,891 - ResourceManager : found templates/hibernate/usertypes/HibernateStringClobType.vsl with loader org.andromda.templateengines.velocity.ClasspathResourceLoader
INFO  2010-12-26 21:00:50,896 - ResourceManager : found templates/hibernate/ejb/ejb-jar.xml.vsl with loader org.andromda.templateengines.velocity.ClasspathResourceLoader
INFO  2010-12-26 21:00:50,897 - ResourceManager : found templates/hibernate/ejb/HibernateSessionEJBGlobals.vm with loader org.andromda.templateengines.velocity.ClasspathResourceLoader
INFO  2010-12-26 21:00:50,924 - ResourceManager : found templates/hibernate/ejb/jboss.xml.vsl with loader org.andromda.templateengines.velocity.ClasspathResourceLoader
INFO  2010-12-26 21:00:50,925 - ResourceManager : found templates/hibernate/ejb/HibernateSessionEJBGlobals.vm with loader org.andromda.templateengines.velocity.ClasspathResourceLoader
INFO  2010-12-26 21:00:50,929 - ResourceManager : found templates/hibernate/ejb/HibernateSessionEJBLocator.vsl with loader org.andromda.templateengines.velocity.ClasspathResourceLoader
INFO  2010-12-26 21:00:50,930 - ResourceManager : found templates/hibernate/ejb/HibernateSessionEJBGlobals.vm with loader org.andromda.templateengines.velocity.ClasspathResourceLoader
INFO  2010-12-26 21:00:50,934 - ResourceManager : found templates/hibernate/ejb/HibernateSessionBean.vsl with loader org.andromda.templateengines.velocity.ClasspathResourceLoader
INFO  2010-12-26 21:00:50,935 - ResourceManager : found templates/hibernate/ejb/HibernateSessionEJBGlobals.vm with loader org.andromda.templateengines.velocity.ClasspathResourceLoader
INFO  2010-12-26 21:00:50,948 - ResourceManager : found templates/hibernate/ejb/HibernateSessionBeanImpl.vsl with loader org.andromda.templateengines.velocity.ClasspathResourceLoader
INFO  2010-12-26 21:00:50,949 - ResourceManager : found templates/hibernate/ejb/HibernateSessionEJBGlobals.vm with loader org.andromda.templateengines.velocity.ClasspathResourceLoader
INFO  2010-12-26 21:00:50,963 - ResourceManager : found templates/hibernate/ejb/HibernateSession.vsl with loader org.andromda.templateengines.velocity.ClasspathResourceLoader
INFO  2010-12-26 21:00:50,964 - ResourceManager : found templates/hibernate/ejb/HibernateSessionEJBGlobals.vm with loader org.andromda.templateengines.velocity.ClasspathResourceLoader
INFO  2010-12-26 21:00:50,971 - ResourceManager : found templates/hibernate/ejb/HibernateSessionHome.vsl with loader org.andromda.templateengines.velocity.ClasspathResourceLoader
INFO  2010-12-26 21:00:50,972 - ResourceManager : found templates/hibernate/ejb/HibernateSessionEJBGlobals.vm with loader org.andromda.templateengines.velocity.ClasspathResourceLoader
INFO  2010-12-26 21:00:50,974 - ResourceManager : found templates/hibernate/ejb/HibernateUtils.vsl with loader org.andromda.templateengines.velocity.ClasspathResourceLoader
INFO  2010-12-26 21:00:50,977 - ResourceManager : found templates/hibernate/ehcache.xml.vsl with loader org.andromda.templateengines.velocity.ClasspathResourceLoader
INFO  2010-12-27 10:44:40,082 - ************************************************************** 
INFO  2010-12-27 10:44:40,096 - Starting Jakarta Velocity v1.4
INFO  2010-12-27 10:44:40,097 - RuntimeInstance initializing.
INFO  2010-12-27 10:44:40,097 - Default Properties File: org\apache\velocity\runtime\defaults\velocity.properties
INFO  2010-12-27 10:44:40,097 - Default ResourceManager initializing. (class org.apache.velocity.runtime.resource.ResourceManagerImpl)
INFO  2010-12-27 10:44:40,097 - Resource Loader Instantiated: org.apache.velocity.runtime.resource.loader.FileResourceLoader
INFO  2010-12-27 10:44:40,097 - FileResourceLoader : initialization starting.
INFO  2010-12-27 10:44:40,097 - FileResourceLoader : adding path '.'
INFO  2010-12-27 10:44:40,097 - FileResourceLoader : initialization complete.
INFO  2010-12-27 10:44:40,097 - Resource Loader Instantiated: org.andromda.templateengines.velocity.ClasspathResourceLoader
INFO  2010-12-27 10:44:40,097 - ClasspathResourceLoader : initialization starting.
INFO  2010-12-27 10:44:40,097 - ClasspathResourceLoader : initialization complete.
INFO  2010-12-27 10:44:40,097 - ResourceCache : initialized. (class org.apache.velocity.runtime.resource.ResourceCacheImpl)
INFO  2010-12-27 10:44:40,097 - Default ResourceManager initialization complete.
INFO  2010-12-27 10:44:40,098 - Loaded System Directive: org.apache.velocity.runtime.directive.Literal
INFO  2010-12-27 10:44:40,098 - Loaded System Directive: org.apache.velocity.runtime.directive.Macro
INFO  2010-12-27 10:44:40,098 - Loaded System Directive: org.apache.velocity.runtime.directive.Parse
INFO  2010-12-27 10:44:40,098 - Loaded System Directive: org.apache.velocity.runtime.directive.Include
INFO  2010-12-27 10:44:40,098 - Loaded System Directive: org.apache.velocity.runtime.directive.Foreach
INFO  2010-12-27 10:44:40,327 - Created: 20 parsers.
INFO  2010-12-27 10:44:40,327 - Velocimacro : initialization starting.
INFO  2010-12-27 10:44:40,327 - Velocimacro : adding VMs from VM library template : templates/hibernate/hibernate.java.vm
INFO  2010-12-27 10:44:40,329 - Velocimacro : added new VM : #renderEqualsMethod( class className attributeSet ) : source = templates/hibernate/hibernate.java.vm
INFO  2010-12-27 10:44:40,329 - Velocimacro : added new VM : #renderHashCodeMethod( class className attributeSet ) : source = templates/hibernate/hibernate.java.vm
INFO  2010-12-27 10:44:40,330 - ResourceManager : found templates/hibernate/hibernate.java.vm with loader org.andromda.templateengines.velocity.ClasspathResourceLoader
INFO  2010-12-27 10:44:40,330 - Velocimacro :  VM library template macro registration complete.
INFO  2010-12-27 10:44:40,330 - Velocimacro : adding VMs from VM library template : templates/hibernate2/hibernate.hbm.xml.vm
INFO  2010-12-27 10:44:40,334 - Velocimacro : added new VM : #renderPropertiesAndAssociations( entity paramSqlPrefix indent ) : source = templates/hibernate2/hibernate.hbm.xml.vm
INFO  2010-12-27 10:44:40,335 - Velocimacro : added new VM : #renderSubClass( entity indent ) : source = templates/hibernate2/hibernate.hbm.xml.vm
INFO  2010-12-27 10:44:40,335 - VM #renderPropertiesAndAssociations: error : too few arguments to macro. Wanted 3 got 0
INFO  2010-12-27 10:44:40,339 - VM #renderSubClass: error : too few arguments to macro. Wanted 2 got 0
INFO  2010-12-27 10:44:40,339 - ResourceManager : found templates/hibernate2/hibernate.hbm.xml.vm with loader org.andromda.templateengines.velocity.ClasspathResourceLoader
INFO  2010-12-27 10:44:40,339 - Velocimacro :  VM library template macro registration complete.
INFO  2010-12-27 10:44:40,339 - Velocimacro : adding VMs from VM library template : templates/hibernate3/hibernate.hbm.xml.vm
INFO  2010-12-27 10:44:40,355 - Velocimacro : added new VM : #renderPropertiesAndAssociations3( entity paramSqlPrefix indent ) : source = templates/hibernate3/hibernate.hbm.xml.vm
INFO  2010-12-27 10:44:40,356 - Velocimacro : added new VM : #renderSubClass3( entity indent ) : source = templates/hibernate3/hibernate.hbm.xml.vm
INFO  2010-12-27 10:44:40,356 - VM #renderPropertiesAndAssociations3: error : too few arguments to macro. Wanted 3 got 0
INFO  2010-12-27 10:44:40,361 - VM #renderSubClass3: error : too few arguments to macro. Wanted 2 got 0
INFO  2010-12-27 10:44:40,362 - ResourceManager : found templates/hibernate3/hibernate.hbm.xml.vm with loader org.andromda.templateengines.velocity.ClasspathResourceLoader
INFO  2010-12-27 10:44:40,362 - Velocimacro :  VM library template macro registration complete.
INFO  2010-12-27 10:44:40,362 - Velocimacro : allowInline = true : VMs can be defined inline in templates
INFO  2010-12-27 10:44:40,362 - Velocimacro : allowInlineToOverride = false : VMs defined inline may NOT replace previous VM definitions
INFO  2010-12-27 10:44:40,362 - Velocimacro : allowInlineLocal = false : VMs defined inline will be  global in scope if allowed.
INFO  2010-12-27 10:44:40,362 - Velocimacro : messages on  : VM system will output logging messages
INFO  2010-12-27 10:44:40,362 - Velocimacro : autoload off  : VM system will not automatically reload global library macros
INFO  2010-12-27 10:44:40,362 - Velocimacro : initialization complete.
INFO  2010-12-27 10:44:40,362 - Velocity successfully started.
INFO  2010-12-27 10:44:40,379 - ResourceManager : found templates/hibernate3/ejb/HibernateEntityFactory.vsl with loader org.andromda.templateengines.velocity.ClasspathResourceLoader
INFO  2010-12-27 10:44:41,092 - ResourceManager : found templates/hibernate3/hibernate.cfg.xml.vsl with loader org.andromda.templateengines.velocity.ClasspathResourceLoader
INFO  2010-12-27 10:44:41,114 - ResourceManager : found templates/hibernate3/hibernate.hbm.xml.vsl with loader org.andromda.templateengines.velocity.ClasspathResourceLoader
INFO  2010-12-27 10:44:41,119 - Velocimacro : VM addition rejected : renderPropertiesAndAssociations3 : inline not allowed to replace existing VM
INFO  2010-12-27 10:44:41,120 - Velocimacro : VM addition rejected : renderSubClass3 : inline not allowed to replace existing VM
INFO  2010-12-27 10:44:41,138 - ResourceManager : found templates/hibernate3/hibernate.hbm.xml.vm with loader org.andromda.templateengines.velocity.ClasspathResourceLoader
INFO  2010-12-27 10:44:41,249 - Velocimacro : VM addition rejected : renderPropertiesAndAssociations3 : inline not allowed to replace existing VM
INFO  2010-12-27 10:44:41,249 - Velocimacro : VM addition rejected : renderSubClass3 : inline not allowed to replace existing VM
INFO  2010-12-27 10:44:41,259 - ResourceManager : found templates/hibernate3/hibernate.hbm.xml.vm with loader org.andromda.templateengines.velocity.ClasspathResourceLoader
INFO  2010-12-27 10:44:41,330 - Velocimacro : VM addition rejected : renderPropertiesAndAssociations3 : inline not allowed to replace existing VM
INFO  2010-12-27 10:44:41,331 - Velocimacro : VM addition rejected : renderSubClass3 : inline not allowed to replace existing VM
INFO  2010-12-27 10:44:41,340 - ResourceManager : found templates/hibernate3/hibernate.hbm.xml.vm with loader org.andromda.templateengines.velocity.ClasspathResourceLoader
INFO  2010-12-27 10:44:41,735 - Velocimacro : VM addition rejected : renderPropertiesAndAssociations3 : inline not allowed to replace existing VM
INFO  2010-12-27 10:44:41,736 - Velocimacro : VM addition rejected : renderSubClass3 : inline not allowed to replace existing VM
INFO  2010-12-27 10:44:41,746 - ResourceManager : found templates/hibernate3/hibernate.hbm.xml.vm with loader org.andromda.templateengines.velocity.ClasspathResourceLoader
INFO  2010-12-27 10:44:41,976 - Velocimacro : VM addition rejected : renderPropertiesAndAssociations3 : inline not allowed to replace existing VM
INFO  2010-12-27 10:44:41,976 - Velocimacro : VM addition rejected : renderSubClass3 : inline not allowed to replace existing VM
INFO  2010-12-27 10:44:41,985 - ResourceManager : found templates/hibernate3/hibernate.hbm.xml.vm with loader org.andromda.templateengines.velocity.ClasspathResourceLoader
INFO  2010-12-27 10:44:42,244 - Velocimacro : VM addition rejected : renderPropertiesAndAssociations3 : inline not allowed to replace existing VM
INFO  2010-12-27 10:44:42,245 - Velocimacro : VM addition rejected : renderSubClass3 : inline not allowed to replace existing VM
INFO  2010-12-27 10:44:42,258 - ResourceManager : found templates/hibernate3/hibernate.hbm.xml.vm with loader org.andromda.templateengines.velocity.ClasspathResourceLoader
INFO  2010-12-27 10:44:42,383 - Velocimacro : VM addition rejected : renderPropertiesAndAssociations3 : inline not allowed to replace existing VM
INFO  2010-12-27 10:44:42,383 - Velocimacro : VM addition rejected : renderSubClass3 : inline not allowed to replace existing VM
INFO  2010-12-27 10:44:42,396 - ResourceManager : found templates/hibernate3/hibernate.hbm.xml.vm with loader org.andromda.templateengines.velocity.ClasspathResourceLoader
INFO  2010-12-27 10:44:42,455 - Velocimacro : VM addition rejected : renderPropertiesAndAssociations3 : inline not allowed to replace existing VM
INFO  2010-12-27 10:44:42,456 - Velocimacro : VM addition rejected : renderSubClass3 : inline not allowed to replace existing VM
INFO  2010-12-27 10:44:42,465 - ResourceManager : found templates/hibernate3/hibernate.hbm.xml.vm with loader org.andromda.templateengines.velocity.ClasspathResourceLoader
INFO  2010-12-27 10:44:42,509 - Velocimacro : VM addition rejected : renderPropertiesAndAssociations3 : inline not allowed to replace existing VM
INFO  2010-12-27 10:44:42,510 - Velocimacro : VM addition rejected : renderSubClass3 : inline not allowed to replace existing VM
INFO  2010-12-27 10:44:42,519 - ResourceManager : found templates/hibernate3/hibernate.hbm.xml.vm with loader org.andromda.templateengines.velocity.ClasspathResourceLoader
INFO  2010-12-27 10:44:42,623 - Velocimacro : VM addition rejected : renderPropertiesAndAssociations3 : inline not allowed to replace existing VM
INFO  2010-12-27 10:44:42,623 - Velocimacro : VM addition rejected : renderSubClass3 : inline not allowed to replace existing VM
INFO  2010-12-27 10:44:42,632 - ResourceManager : found templates/hibernate3/hibernate.hbm.xml.vm with loader org.andromda.templateengines.velocity.ClasspathResourceLoader
INFO  2010-12-27 10:44:42,732 - Velocimacro : VM addition rejected : renderPropertiesAndAssociations3 : inline not allowed to replace existing VM
INFO  2010-12-27 10:44:42,733 - Velocimacro : VM addition rejected : renderSubClass3 : inline not allowed to replace existing VM
INFO  2010-12-27 10:44:42,745 - ResourceManager : found templates/hibernate3/hibernate.hbm.xml.vm with loader org.andromda.templateengines.velocity.ClasspathResourceLoader
INFO  2010-12-27 10:44:43,162 - Velocimacro : VM addition rejected : renderPropertiesAndAssociations3 : inline not allowed to replace existing VM
INFO  2010-12-27 10:44:43,163 - Velocimacro : VM addition rejected : renderSubClass3 : inline not allowed to replace existing VM
INFO  2010-12-27 10:44:43,174 - ResourceManager : found templates/hibernate3/hibernate.hbm.xml.vm with loader org.andromda.templateengines.velocity.ClasspathResourceLoader
INFO  2010-12-27 10:44:43,522 - Velocimacro : VM addition rejected : renderPropertiesAndAssociations3 : inline not allowed to replace existing VM
INFO  2010-12-27 10:44:43,523 - Velocimacro : VM addition rejected : renderSubClass3 : inline not allowed to replace existing VM
INFO  2010-12-27 10:44:43,535 - ResourceManager : found templates/hibernate3/hibernate.hbm.xml.vm with loader org.andromda.templateengines.velocity.ClasspathResourceLoader
INFO  2010-12-27 10:44:43,604 - Velocimacro : VM addition rejected : renderPropertiesAndAssociations3 : inline not allowed to replace existing VM
INFO  2010-12-27 10:44:43,604 - Velocimacro : VM addition rejected : renderSubClass3 : inline not allowed to replace existing VM
INFO  2010-12-27 10:44:43,618 - ResourceManager : found templates/hibernate3/hibernate.hbm.xml.vm with loader org.andromda.templateengines.velocity.ClasspathResourceLoader
INFO  2010-12-27 10:44:43,686 - Velocimacro : VM addition rejected : renderPropertiesAndAssociations3 : inline not allowed to replace existing VM
INFO  2010-12-27 10:44:43,687 - Velocimacro : VM addition rejected : renderSubClass3 : inline not allowed to replace existing VM
INFO  2010-12-27 10:44:43,698 - ResourceManager : found templates/hibernate3/hibernate.hbm.xml.vm with loader org.andromda.templateengines.velocity.ClasspathResourceLoader
INFO  2010-12-27 10:44:43,884 - Velocimacro : VM addition rejected : renderPropertiesAndAssociations3 : inline not allowed to replace existing VM
INFO  2010-12-27 10:44:43,885 - Velocimacro : VM addition rejected : renderSubClass3 : inline not allowed to replace existing VM
INFO  2010-12-27 10:44:43,897 - ResourceManager : found templates/hibernate3/hibernate.hbm.xml.vm with loader org.andromda.templateengines.velocity.ClasspathResourceLoader
INFO  2010-12-27 10:44:44,029 - Velocimacro : VM addition rejected : renderPropertiesAndAssociations3 : inline not allowed to replace existing VM
INFO  2010-12-27 10:44:44,030 - Velocimacro : VM addition rejected : renderSubClass3 : inline not allowed to replace existing VM
INFO  2010-12-27 10:44:44,041 - ResourceManager : found templates/hibernate3/hibernate.hbm.xml.vm with loader org.andromda.templateengines.velocity.ClasspathResourceLoader
INFO  2010-12-27 10:44:44,089 - Velocimacro : VM addition rejected : renderPropertiesAndAssociations3 : inline not allowed to replace existing VM
INFO  2010-12-27 10:44:44,089 - Velocimacro : VM addition rejected : renderSubClass3 : inline not allowed to replace existing VM
INFO  2010-12-27 10:44:44,102 - ResourceManager : found templates/hibernate3/hibernate.hbm.xml.vm with loader org.andromda.templateengines.velocity.ClasspathResourceLoader
INFO  2010-12-27 10:44:44,208 - Velocimacro : VM addition rejected : renderPropertiesAndAssociations3 : inline not allowed to replace existing VM
INFO  2010-12-27 10:44:44,208 - Velocimacro : VM addition rejected : renderSubClass3 : inline not allowed to replace existing VM
INFO  2010-12-27 10:44:44,217 - ResourceManager : found templates/hibernate3/hibernate.hbm.xml.vm with loader org.andromda.templateengines.velocity.ClasspathResourceLoader
INFO  2010-12-27 10:44:44,249 - Velocimacro : VM addition rejected : renderPropertiesAndAssociations3 : inline not allowed to replace existing VM
INFO  2010-12-27 10:44:44,249 - Velocimacro : VM addition rejected : renderSubClass3 : inline not allowed to replace existing VM
INFO  2010-12-27 10:44:44,259 - ResourceManager : found templates/hibernate3/hibernate.hbm.xml.vm with loader org.andromda.templateengines.velocity.ClasspathResourceLoader
INFO  2010-12-27 10:44:44,343 - Velocimacro : VM addition rejected : renderPropertiesAndAssociations3 : inline not allowed to replace existing VM
INFO  2010-12-27 10:44:44,344 - Velocimacro : VM addition rejected : renderSubClass3 : inline not allowed to replace existing VM
INFO  2010-12-27 10:44:44,352 - ResourceManager : found templates/hibernate3/hibernate.hbm.xml.vm with loader org.andromda.templateengines.velocity.ClasspathResourceLoader
INFO  2010-12-27 10:44:44,431 - Velocimacro : VM addition rejected : renderPropertiesAndAssociations3 : inline not allowed to replace existing VM
INFO  2010-12-27 10:44:44,431 - Velocimacro : VM addition rejected : renderSubClass3 : inline not allowed to replace existing VM
INFO  2010-12-27 10:44:44,441 - ResourceManager : found templates/hibernate3/hibernate.hbm.xml.vm with loader org.andromda.templateengines.velocity.ClasspathResourceLoader
INFO  2010-12-27 10:44:44,509 - Velocimacro : VM addition rejected : renderPropertiesAndAssociations3 : inline not allowed to replace existing VM
INFO  2010-12-27 10:44:44,510 - Velocimacro : VM addition rejected : renderSubClass3 : inline not allowed to replace existing VM
INFO  2010-12-27 10:44:44,522 - ResourceManager : found templates/hibernate3/hibernate.hbm.xml.vm with loader org.andromda.templateengines.velocity.ClasspathResourceLoader
INFO  2010-12-27 10:44:44,547 - Velocimacro : VM addition rejected : renderPropertiesAndAssociations3 : inline not allowed to replace existing VM
INFO  2010-12-27 10:44:44,548 - Velocimacro : VM addition rejected : renderSubClass3 : inline not allowed to replace existing VM
INFO  2010-12-27 10:44:44,557 - ResourceManager : found templates/hibernate3/hibernate.hbm.xml.vm with loader org.andromda.templateengines.velocity.ClasspathResourceLoader
INFO  2010-12-27 10:44:44,669 - Velocimacro : VM addition rejected : renderPropertiesAndAssociations3 : inline not allowed to replace existing VM
INFO  2010-12-27 10:44:44,670 - Velocimacro : VM addition rejected : renderSubClass3 : inline not allowed to replace existing VM
INFO  2010-12-27 10:44:44,679 - ResourceManager : found templates/hibernate3/hibernate.hbm.xml.vm with loader org.andromda.templateengines.velocity.ClasspathResourceLoader
INFO  2010-12-27 10:44:45,070 - ResourceManager : found templates/hibernate/HibernateEntity.vsl with loader org.andromda.templateengines.velocity.ClasspathResourceLoader
INFO  2010-12-27 10:44:57,504 - ResourceManager : found templates/hibernate/HibernateEntityImpl.vsl with loader org.andromda.templateengines.velocity.ClasspathResourceLoader
INFO  2010-12-27 10:44:57,530 - ResourceManager : found templates/hibernate/usertypes/HibernateByteBlobType.vsl with loader org.andromda.templateengines.velocity.ClasspathResourceLoader
INFO  2010-12-27 10:44:57,532 - ResourceManager : found templates/hibernate/usertypes/HibernateStringClobType.vsl with loader org.andromda.templateengines.velocity.ClasspathResourceLoader
INFO  2010-12-27 10:44:57,537 - ResourceManager : found templates/hibernate/ejb/ejb-jar.xml.vsl with loader org.andromda.templateengines.velocity.ClasspathResourceLoader
INFO  2010-12-27 10:44:57,538 - ResourceManager : found templates/hibernate/ejb/HibernateSessionEJBGlobals.vm with loader org.andromda.templateengines.velocity.ClasspathResourceLoader
INFO  2010-12-27 10:44:57,561 - ResourceManager : found templates/hibernate/ejb/jboss.xml.vsl with loader org.andromda.templateengines.velocity.ClasspathResourceLoader
INFO  2010-12-27 10:44:57,562 - ResourceManager : found templates/hibernate/ejb/HibernateSessionEJBGlobals.vm with loader org.andromda.templateengines.velocity.ClasspathResourceLoader
INFO  2010-12-27 10:44:57,566 - ResourceManager : found templates/hibernate/ejb/HibernateSessionEJBLocator.vsl with loader org.andromda.templateengines.velocity.ClasspathResourceLoader
INFO  2010-12-27 10:44:57,567 - ResourceManager : found templates/hibernate/ejb/HibernateSessionEJBGlobals.vm with loader org.andromda.templateengines.velocity.ClasspathResourceLoader
INFO  2010-12-27 10:44:57,571 - ResourceManager : found templates/hibernate/ejb/HibernateSessionBean.vsl with loader org.andromda.templateengines.velocity.ClasspathResourceLoader
INFO  2010-12-27 10:44:57,572 - ResourceManager : found templates/hibernate/ejb/HibernateSessionEJBGlobals.vm with loader org.andromda.templateengines.velocity.ClasspathResourceLoader
INFO  2010-12-27 10:44:57,585 - ResourceManager : found templates/hibernate/ejb/HibernateSessionBeanImpl.vsl with loader org.andromda.templateengines.velocity.ClasspathResourceLoader
INFO  2010-12-27 10:44:57,586 - ResourceManager : found templates/hibernate/ejb/HibernateSessionEJBGlobals.vm with loader org.andromda.templateengines.velocity.ClasspathResourceLoader
INFO  2010-12-27 10:44:57,594 - ResourceManager : found templates/hibernate/ejb/HibernateSession.vsl with loader org.andromda.templateengines.velocity.ClasspathResourceLoader
INFO  2010-12-27 10:44:57,595 - ResourceManager : found templates/hibernate/ejb/HibernateSessionEJBGlobals.vm with loader org.andromda.templateengines.velocity.ClasspathResourceLoader
INFO  2010-12-27 10:44:57,607 - ResourceManager : found templates/hibernate/ejb/HibernateSessionHome.vsl with loader org.andromda.templateengines.velocity.ClasspathResourceLoader
INFO  2010-12-27 10:44:57,608 - ResourceManager : found templates/hibernate/ejb/HibernateSessionEJBGlobals.vm with loader org.andromda.templateengines.velocity.ClasspathResourceLoader
INFO  2010-12-27 10:44:57,610 - ResourceManager : found templates/hibernate/ejb/HibernateUtils.vsl with loader org.andromda.templateengines.velocity.ClasspathResourceLoader
INFO  2010-12-27 10:44:57,613 - ResourceManager : found templates/hibernate/ehcache.xml.vsl with loader org.andromda.templateengines.velocity.ClasspathResourceLoader
