INFO  2010-12-26 20:37:40,039 - ************************************************************** 
INFO  2010-12-26 20:37:40,039 - Starting Jakarta Velocity v1.4
INFO  2010-12-26 20:37:40,039 - RuntimeInstance initializing.
INFO  2010-12-26 20:37:40,039 - Default Properties File: org\apache\velocity\runtime\defaults\velocity.properties
INFO  2010-12-26 20:37:40,039 - Default ResourceManager initializing. (class org.apache.velocity.runtime.resource.ResourceManagerImpl)
INFO  2010-12-26 20:37:40,039 - Resource Loader Instantiated: org.apache.velocity.runtime.resource.loader.FileResourceLoader
INFO  2010-12-26 20:37:40,039 - FileResourceLoader : initialization starting.
INFO  2010-12-26 20:37:40,040 - FileResourceLoader : adding path 'C:\Users\Selerda\AppData\Local\Temp\/Selerda/.andromda/velocity/merged/bpm4struts'
INFO  2010-12-26 20:37:40,040 - FileResourceLoader : initialization complete.
INFO  2010-12-26 20:37:40,040 - Resource Loader Instantiated: org.andromda.templateengines.velocity.ClasspathResourceLoader
INFO  2010-12-26 20:37:40,040 - ClasspathResourceLoader : initialization starting.
INFO  2010-12-26 20:37:40,040 - ClasspathResourceLoader : initialization complete.
INFO  2010-12-26 20:37:40,040 - ResourceCache : initialized. (class org.apache.velocity.runtime.resource.ResourceCacheImpl)
INFO  2010-12-26 20:37:40,040 - Default ResourceManager initialization complete.
INFO  2010-12-26 20:37:40,040 - Loaded System Directive: org.apache.velocity.runtime.directive.Literal
INFO  2010-12-26 20:37:40,040 - Loaded System Directive: org.apache.velocity.runtime.directive.Macro
INFO  2010-12-26 20:37:40,040 - Loaded System Directive: org.apache.velocity.runtime.directive.Parse
INFO  2010-12-26 20:37:40,040 - Loaded System Directive: org.apache.velocity.runtime.directive.Include
INFO  2010-12-26 20:37:40,040 - Loaded System Directive: org.apache.velocity.runtime.directive.Foreach
INFO  2010-12-26 20:37:40,044 - Created: 20 parsers.
INFO  2010-12-26 20:37:40,044 - Velocimacro : initialization starting.
INFO  2010-12-26 20:37:40,044 - Velocimacro : adding VMs from VM library template : templates/bpm4struts/pages/page.jsp.vm
INFO  2010-12-26 20:37:40,057 - Velocimacro : added new VM : #renderHyperlink( action indent ) : source = templates/bpm4struts/pages/page.jsp.vm
INFO  2010-12-26 20:37:40,057 - Velocimacro : added new VM : #renderTableHyperlink( action columnName indent ) : source = templates/bpm4struts/pages/page.jsp.vm
INFO  2010-12-26 20:37:40,058 - Velocimacro : added new VM : #renderTableButton( action indent rowIndex ) : source = templates/bpm4struts/pages/page.jsp.vm
INFO  2010-12-26 20:37:40,058 - Velocimacro : added new VM : #renderTableExportFormats( tableExportTypes indent ) : source = templates/bpm4struts/pages/page.jsp.vm
INFO  2010-12-26 20:37:40,059 - Velocimacro : added new VM : #renderFormButtons( action indent ) : source = templates/bpm4struts/pages/page.jsp.vm
INFO  2010-12-26 20:37:40,061 - Velocimacro : added new VM : #renderFormField( action field rowIndex indent ) : source = templates/bpm4struts/pages/page.jsp.vm
INFO  2010-12-26 20:37:40,063 - ResourceManager : found templates/bpm4struts/pages/page.jsp.vm with loader org.andromda.templateengines.velocity.ClasspathResourceLoader
INFO  2010-12-26 20:37:40,063 - Velocimacro :  VM library template macro registration complete.
INFO  2010-12-26 20:37:40,063 - Velocimacro : adding VMs from VM library template : templates/bpm4struts/pages/crud/manageable.jsp.vm
INFO  2010-12-26 20:37:40,078 - Velocimacro : added new VM : #renderHiddenAttribute( field indent ) : source = templates/bpm4struts/pages/crud/manageable.jsp.vm
INFO  2010-12-26 20:37:40,079 - Velocimacro : added new VM : #renderAttribute( field indent ) : source = templates/bpm4struts/pages/crud/manageable.jsp.vm
INFO  2010-12-26 20:37:40,086 - Velocimacro : added new VM : #renderAssociationEnd( field indent ) : source = templates/bpm4struts/pages/crud/manageable.jsp.vm
INFO  2010-12-26 20:37:40,086 - Velocimacro : added new VM : #renderAssociationLink( field indent ) : source = templates/bpm4struts/pages/crud/manageable.jsp.vm
INFO  2010-12-26 20:37:40,087 - Velocimacro : added new VM : #renderJavascriptCopyRow( manageable ) : source = templates/bpm4struts/pages/crud/manageable.jsp.vm
INFO  2010-12-26 20:37:40,087 - Velocimacro : added new VM : #commaSeparatedNames( items ) : source = templates/bpm4struts/pages/crud/manageable.jsp.vm
INFO  2010-12-26 20:37:40,088 - VM #commaSeparatedNames: error : too few arguments to macro. Wanted 1 got 0
INFO  2010-12-26 20:37:40,088 - VM #commaSeparatedNames: error : too few arguments to macro. Wanted 1 got 0
INFO  2010-12-26 20:37:40,088 - ResourceManager : found templates/bpm4struts/pages/crud/manageable.jsp.vm with loader org.andromda.templateengines.velocity.ClasspathResourceLoader
INFO  2010-12-26 20:37:40,088 - Velocimacro :  VM library template macro registration complete.
INFO  2010-12-26 20:37:40,088 - Velocimacro : adding VMs from VM library template : templates/bpm4struts/actions/Action.java.vm
INFO  2010-12-26 20:37:40,089 - Velocimacro : added new VM : #processTransition( transition ) : source = templates/bpm4struts/actions/Action.java.vm
INFO  2010-12-26 20:37:40,089 - ResourceManager : found templates/bpm4struts/actions/Action.java.vm with loader org.andromda.templateengines.velocity.ClasspathResourceLoader
INFO  2010-12-26 20:37:40,089 - Velocimacro :  VM library template macro registration complete.
INFO  2010-12-26 20:37:40,089 - Velocimacro : adding VMs from VM library template : templates/bpm4struts/macros/populateCurrentFormOnError.vm
INFO  2010-12-26 20:37:40,091 - Velocimacro : added new VM : #populateCurrentFormOnError( ) : source = templates/bpm4struts/macros/populateCurrentFormOnError.vm
INFO  2010-12-26 20:37:40,091 - ResourceManager : found templates/bpm4struts/macros/populateCurrentFormOnError.vm with loader org.andromda.templateengines.velocity.ClasspathResourceLoader
INFO  2010-12-26 20:37:40,091 - Velocimacro :  VM library template macro registration complete.
INFO  2010-12-26 20:37:40,091 - Velocimacro : allowInline = true : VMs can be defined inline in templates
INFO  2010-12-26 20:37:40,091 - Velocimacro : allowInlineToOverride = false : VMs defined inline may NOT replace previous VM definitions
INFO  2010-12-26 20:37:40,091 - Velocimacro : allowInlineLocal = false : VMs defined inline will be  global in scope if allowed.
INFO  2010-12-26 20:37:40,091 - Velocimacro : messages on  : VM system will output logging messages
INFO  2010-12-26 20:37:40,091 - Velocimacro : autoload off  : VM system will not automatically reload global library macros
INFO  2010-12-26 20:37:40,091 - Velocimacro : initialization complete.
INFO  2010-12-26 20:37:40,091 - Velocity successfully started.
INFO  2010-12-26 20:37:40,147 - Velocimacro : added new VM : #saveMessages( transition indent ) : source = templates/bpm4struts/actions/Action.java.vsl
INFO  2010-12-26 20:37:40,394 - ResourceManager : found templates/bpm4struts/actions/Action.java.vsl with loader org.andromda.templateengines.velocity.ClasspathResourceLoader
INFO  2010-12-26 20:37:40,421 - Velocimacro : VM addition rejected : saveMessages : inline not allowed to replace existing VM
INFO  2010-12-26 20:37:40,425 - ResourceManager : found templates/bpm4struts/actions/Action.java.vsl with loader org.apache.velocity.runtime.resource.loader.FileResourceLoader
INFO  2010-12-26 20:37:40,426 - Velocimacro : VM addition rejected : processTransition : inline not allowed to replace existing VM
INFO  2010-12-26 20:37:40,426 - ResourceManager : found templates/bpm4struts/actions/Action.java.vm with loader org.andromda.templateengines.velocity.ClasspathResourceLoader
INFO  2010-12-26 20:37:40,446 - Velocimacro : VM addition rejected : processTransition : inline not allowed to replace existing VM
INFO  2010-12-26 20:37:40,446 - ResourceManager : found templates/bpm4struts/actions/Action.java.vm with loader org.andromda.templateengines.velocity.ClasspathResourceLoader
INFO  2010-12-26 20:37:40,456 - Velocimacro : VM addition rejected : processTransition : inline not allowed to replace existing VM
INFO  2010-12-26 20:37:40,456 - ResourceManager : found templates/bpm4struts/actions/Action.java.vm with loader org.andromda.templateengines.velocity.ClasspathResourceLoader
INFO  2010-12-26 20:37:40,471 - ResourceManager : found templates/bpm4struts/actions/PatternMatchingExceptionHandler.java.vsl with loader org.andromda.templateengines.velocity.ClasspathResourceLoader
INFO  2010-12-26 20:37:40,488 - ResourceManager : found templates/bpm4struts/actions/PatternMatchingExceptionHandler.java.vsl with loader org.apache.velocity.runtime.resource.loader.FileResourceLoader
INFO  2010-12-26 20:37:40,502 - ResourceManager : found templates/bpm4struts/pages/action.jsp.vsl with loader org.andromda.templateengines.velocity.ClasspathResourceLoader
INFO  2010-12-26 20:37:40,513 - ResourceManager : found templates/bpm4struts/pages/action.jsp.vsl with loader org.apache.velocity.runtime.resource.loader.FileResourceLoader
INFO  2010-12-26 20:37:40,523 - Velocimacro : VM addition rejected : renderHyperlink : inline not allowed to replace existing VM
INFO  2010-12-26 20:37:40,523 - Velocimacro : VM addition rejected : renderTableHyperlink : inline not allowed to replace existing VM
INFO  2010-12-26 20:37:40,524 - Velocimacro : VM addition rejected : renderTableButton : inline not allowed to replace existing VM
INFO  2010-12-26 20:37:40,524 - Velocimacro : VM addition rejected : renderTableExportFormats : inline not allowed to replace existing VM
INFO  2010-12-26 20:37:40,525 - Velocimacro : VM addition rejected : renderFormButtons : inline not allowed to replace existing VM
INFO  2010-12-26 20:37:40,527 - Velocimacro : VM addition rejected : renderFormField : inline not allowed to replace existing VM
INFO  2010-12-26 20:37:40,529 - ResourceManager : found templates/bpm4struts/pages/page.jsp.vm with loader org.andromda.templateengines.velocity.ClasspathResourceLoader
INFO  2010-12-26 20:37:40,538 - ResourceManager : found templates/bpm4struts/forms/ActionForm.java.vsl with loader org.andromda.templateengines.velocity.ClasspathResourceLoader
INFO  2010-12-26 20:37:40,547 - ResourceManager : found templates/bpm4struts/forms/ActionForm.java.vsl with loader org.apache.velocity.runtime.resource.loader.FileResourceLoader
INFO  2010-12-26 20:37:40,561 - Left side ($field.widgetType) of '==' operation has null value. If a reference, it may not be in the context. Operation not possible. templates/bpm4struts/forms/ActionForm.java.vsl [line 304, column 26]
INFO  2010-12-26 20:37:40,570 - Left side ($field.widgetType) of '==' operation has null value. If a reference, it may not be in the context. Operation not possible. templates/bpm4struts/forms/ActionForm.java.vsl [line 304, column 26]
INFO  2010-12-26 20:37:40,582 - Left side ($field.widgetType) of '==' operation has null value. If a reference, it may not be in the context. Operation not possible. templates/bpm4struts/forms/ActionForm.java.vsl [line 304, column 26]
INFO  2010-12-26 20:37:40,585 - Left side ($field.widgetType) of '==' operation has null value. If a reference, it may not be in the context. Operation not possible. templates/bpm4struts/forms/ActionForm.java.vsl [line 304, column 26]
INFO  2010-12-26 20:37:40,588 - Left side ($field.widgetType) of '==' operation has null value. If a reference, it may not be in the context. Operation not possible. templates/bpm4struts/forms/ActionForm.java.vsl [line 304, column 26]
INFO  2010-12-26 20:37:40,597 - ResourceManager : found templates/bpm4struts/forms/ActionFormInterface.java.vsl with loader org.andromda.templateengines.velocity.ClasspathResourceLoader
INFO  2010-12-26 20:37:40,603 - ResourceManager : found templates/bpm4struts/forms/ActionFormInterface.java.vsl with loader org.apache.velocity.runtime.resource.loader.FileResourceLoader
INFO  2010-12-26 20:37:40,643 - ResourceManager : found templates/bpm4struts/controllers/ControllerImpl.java.vsl with loader org.andromda.templateengines.velocity.ClasspathResourceLoader
INFO  2010-12-26 20:37:40,649 - ResourceManager : found templates/bpm4struts/controllers/ControllerImpl.java.vsl with loader org.apache.velocity.runtime.resource.loader.FileResourceLoader
INFO  2010-12-26 20:37:40,784 - ResourceManager : found templates/bpm4struts/controllers/Controller.java.vsl with loader org.andromda.templateengines.velocity.ClasspathResourceLoader
INFO  2010-12-26 20:37:40,794 - ResourceManager : found templates/bpm4struts/controllers/Controller.java.vsl with loader org.apache.velocity.runtime.resource.loader.FileResourceLoader
INFO  2010-12-26 20:37:40,810 - ResourceManager : found templates/bpm4struts/controllers/ControllerFactory.java.vsl with loader org.andromda.templateengines.velocity.ClasspathResourceLoader
INFO  2010-12-26 20:37:40,813 - ResourceManager : found templates/bpm4struts/controllers/ControllerFactory.java.vsl with loader org.apache.velocity.runtime.resource.loader.FileResourceLoader
INFO  2010-12-26 20:37:40,820 - ResourceManager : found templates/bpm4struts/pages/page.jsp.vsl with loader org.andromda.templateengines.velocity.ClasspathResourceLoader
INFO  2010-12-26 20:37:40,824 - ResourceManager : found templates/bpm4struts/pages/page.jsp.vsl with loader org.apache.velocity.runtime.resource.loader.FileResourceLoader
INFO  2010-12-26 20:37:40,825 - Velocimacro : VM addition rejected : renderHyperlink : inline not allowed to replace existing VM
INFO  2010-12-26 20:37:40,826 - Velocimacro : VM addition rejected : renderTableHyperlink : inline not allowed to replace existing VM
INFO  2010-12-26 20:37:40,826 - Velocimacro : VM addition rejected : renderTableButton : inline not allowed to replace existing VM
INFO  2010-12-26 20:37:40,827 - Velocimacro : VM addition rejected : renderTableExportFormats : inline not allowed to replace existing VM
INFO  2010-12-26 20:37:40,827 - Velocimacro : VM addition rejected : renderFormButtons : inline not allowed to replace existing VM
INFO  2010-12-26 20:37:40,834 - Velocimacro : VM addition rejected : renderFormField : inline not allowed to replace existing VM
INFO  2010-12-26 20:37:40,836 - ResourceManager : found templates/bpm4struts/pages/page.jsp.vm with loader org.andromda.templateengines.velocity.ClasspathResourceLoader
INFO  2010-12-26 20:37:40,845 - Velocimacro : VM addition rejected : renderHyperlink : inline not allowed to replace existing VM
INFO  2010-12-26 20:37:40,845 - Velocimacro : VM addition rejected : renderTableHyperlink : inline not allowed to replace existing VM
INFO  2010-12-26 20:37:40,846 - Velocimacro : VM addition rejected : renderTableButton : inline not allowed to replace existing VM
INFO  2010-12-26 20:37:40,846 - Velocimacro : VM addition rejected : renderTableExportFormats : inline not allowed to replace existing VM
INFO  2010-12-26 20:37:40,847 - Velocimacro : VM addition rejected : renderFormButtons : inline not allowed to replace existing VM
INFO  2010-12-26 20:37:40,849 - Velocimacro : VM addition rejected : renderFormField : inline not allowed to replace existing VM
INFO  2010-12-26 20:37:40,851 - ResourceManager : found templates/bpm4struts/pages/page.jsp.vm with loader org.andromda.templateengines.velocity.ClasspathResourceLoader
INFO  2010-12-26 20:37:40,854 - ResourceManager : found templates/bpm4struts/pages/error-page.jsp.vsl with loader org.andromda.templateengines.velocity.ClasspathResourceLoader
INFO  2010-12-26 20:37:40,857 - ResourceManager : found templates/bpm4struts/pages/error-page.jsp.vsl with loader org.apache.velocity.runtime.resource.loader.FileResourceLoader
INFO  2010-12-26 20:37:40,857 - org.apache.velocity.runtime.exception.ReferenceException: reference : template = templates/bpm4struts/pages/error-page.jsp.vsl [line 22,column 41] : ${param.code} is not a valid reference.
INFO  2010-12-26 20:37:40,858 - org.apache.velocity.runtime.exception.ReferenceException: reference : template = templates/bpm4struts/pages/error-page.jsp.vsl [line 38,column 54] : ${param.code} is not a valid reference.
INFO  2010-12-26 20:37:40,858 - org.apache.velocity.runtime.exception.ReferenceException: reference : template = templates/bpm4struts/pages/error-page.jsp.vsl [line 39,column 56] : ${param.code} is not a valid reference.
INFO  2010-12-26 20:37:40,858 - org.apache.velocity.runtime.exception.ReferenceException: reference : template = templates/bpm4struts/pages/error-page.jsp.vsl [line 42,column 33] : ${link} is not a valid reference.
INFO  2010-12-26 20:37:40,858 - org.apache.velocity.runtime.exception.ReferenceException: reference : template = templates/bpm4struts/pages/error-page.jsp.vsl [line 51,column 25] : ${param.exception} is not a valid reference.
INFO  2010-12-26 20:37:40,858 - org.apache.velocity.runtime.exception.ReferenceException: reference : template = templates/bpm4struts/pages/error-page.jsp.vsl [line 56,column 25] : ${param.resource} is not a valid reference.
INFO  2010-12-26 20:37:40,863 - ResourceManager : found templates/bpm4struts/pages/page-javascript.jspf.vsl with loader org.andromda.templateengines.velocity.ClasspathResourceLoader
INFO  2010-12-26 20:37:40,877 - ResourceManager : found templates/bpm4struts/pages/page-javascript.jspf.vsl with loader org.apache.velocity.runtime.resource.loader.FileResourceLoader
INFO  2010-12-26 20:37:40,879 - Velocimacro : VM addition rejected : renderHyperlink : inline not allowed to replace existing VM
INFO  2010-12-26 20:37:40,879 - Velocimacro : VM addition rejected : renderTableHyperlink : inline not allowed to replace existing VM
INFO  2010-12-26 20:37:40,879 - Velocimacro : VM addition rejected : renderTableButton : inline not allowed to replace existing VM
INFO  2010-12-26 20:37:40,880 - Velocimacro : VM addition rejected : renderTableExportFormats : inline not allowed to replace existing VM
INFO  2010-12-26 20:37:40,880 - Velocimacro : VM addition rejected : renderFormButtons : inline not allowed to replace existing VM
INFO  2010-12-26 20:37:40,882 - Velocimacro : VM addition rejected : renderFormField : inline not allowed to replace existing VM
INFO  2010-12-26 20:37:40,885 - ResourceManager : found templates/bpm4struts/pages/page.jsp.vm with loader org.andromda.templateengines.velocity.ClasspathResourceLoader
INFO  2010-12-26 20:37:40,889 - Velocimacro : VM addition rejected : renderHyperlink : inline not allowed to replace existing VM
INFO  2010-12-26 20:37:40,890 - Velocimacro : VM addition rejected : renderTableHyperlink : inline not allowed to replace existing VM
INFO  2010-12-26 20:37:40,890 - Velocimacro : VM addition rejected : renderTableButton : inline not allowed to replace existing VM
INFO  2010-12-26 20:37:40,891 - Velocimacro : VM addition rejected : renderTableExportFormats : inline not allowed to replace existing VM
INFO  2010-12-26 20:37:40,891 - Velocimacro : VM addition rejected : renderFormButtons : inline not allowed to replace existing VM
INFO  2010-12-26 20:37:40,893 - Velocimacro : VM addition rejected : renderFormField : inline not allowed to replace existing VM
INFO  2010-12-26 20:37:40,895 - ResourceManager : found templates/bpm4struts/pages/page.jsp.vm with loader org.andromda.templateengines.velocity.ClasspathResourceLoader
INFO  2010-12-26 20:37:40,907 - ResourceManager : found templates/bpm4struts/pages/page-variables.jspf.vsl with loader org.andromda.templateengines.velocity.ClasspathResourceLoader
INFO  2010-12-26 20:37:40,909 - ResourceManager : found templates/bpm4struts/pages/page-variables.jspf.vsl with loader org.apache.velocity.runtime.resource.loader.FileResourceLoader
INFO  2010-12-26 20:37:40,931 - ResourceManager : found templates/bpm4struts/pages/page-table.jspf.vsl with loader org.andromda.templateengines.velocity.ClasspathResourceLoader
INFO  2010-12-26 20:37:40,940 - ResourceManager : found templates/bpm4struts/pages/page-table.jspf.vsl with loader org.apache.velocity.runtime.resource.loader.FileResourceLoader
INFO  2010-12-26 20:37:40,953 - Velocimacro : VM addition rejected : renderHyperlink : inline not allowed to replace existing VM
INFO  2010-12-26 20:37:40,954 - Velocimacro : VM addition rejected : renderTableHyperlink : inline not allowed to replace existing VM
INFO  2010-12-26 20:37:40,954 - Velocimacro : VM addition rejected : renderTableButton : inline not allowed to replace existing VM
INFO  2010-12-26 20:37:40,955 - Velocimacro : VM addition rejected : renderTableExportFormats : inline not allowed to replace existing VM
INFO  2010-12-26 20:37:40,955 - Velocimacro : VM addition rejected : renderFormButtons : inline not allowed to replace existing VM
INFO  2010-12-26 20:37:40,957 - Velocimacro : VM addition rejected : renderFormField : inline not allowed to replace existing VM
INFO  2010-12-26 20:37:40,960 - ResourceManager : found templates/bpm4struts/pages/page.jsp.vm with loader org.andromda.templateengines.velocity.ClasspathResourceLoader
INFO  2010-12-26 20:37:40,960 - RHS of #set statement is null. Context will not be modified. templates/bpm4struts/pages/page-table.jspf.vsl [line 4, column 1]
INFO  2010-12-26 20:37:40,961 - org.apache.velocity.runtime.exception.ReferenceException: reference : template = templates/bpm4struts/pages/page-table.jspf.vsl [line 21,column 21] : ${pageContext.request.requestURI} is not a valid reference.
INFO  2010-12-26 20:37:40,987 - org.apache.velocity.runtime.exception.ReferenceException: reference : template = templates/bpm4struts/pages/page-table.jspf.vsl [line 122,column 56] : ${value} is not a valid reference.
INFO  2010-12-26 20:37:40,990 - org.apache.velocity.runtime.exception.ReferenceException: reference : template = templates/bpm4struts/pages/page-table.jspf.vsl [line 29,column 62] : ${link} is not a valid reference.
INFO  2010-12-26 20:37:40,991 - org.apache.velocity.runtime.exception.ReferenceException: reference : template = templates/bpm4struts/pages/page-table.jspf.vsl [line 29,column 62] : ${link} is not a valid reference.
INFO  2010-12-26 20:37:40,998 - ResourceManager : found templates/bpm4struts/pages/form-validation.jsp.vsl with loader org.andromda.templateengines.velocity.ClasspathResourceLoader
INFO  2010-12-26 20:37:41,000 - ResourceManager : found templates/bpm4struts/pages/form-validation.jsp.vsl with loader org.apache.velocity.runtime.resource.loader.FileResourceLoader
INFO  2010-12-26 20:37:41,004 - org.apache.velocity.runtime.exception.ReferenceException: reference : template = logtag [line 1,column 1] : $generatedFile is not a valid reference.
INFO  2010-12-26 20:37:41,009 - ResourceManager : found templates/bpm4struts/configuration/validator-rules.xml.vsl with loader org.andromda.templateengines.velocity.ClasspathResourceLoader
INFO  2010-12-26 20:37:41,017 - ResourceManager : found templates/bpm4struts/configuration/validator-rules.xml.vsl with loader org.apache.velocity.runtime.resource.loader.FileResourceLoader
INFO  2010-12-26 20:37:41,027 - ResourceManager : found templates/bpm4struts/actions/StrutsValidator.java.vsl with loader org.andromda.templateengines.velocity.ClasspathResourceLoader
INFO  2010-12-26 20:37:41,031 - ResourceManager : found templates/bpm4struts/actions/StrutsValidator.java.vsl with loader org.apache.velocity.runtime.resource.loader.FileResourceLoader
INFO  2010-12-26 20:37:41,038 - ResourceManager : found templates/bpm4struts/pages/index.jsp.vsl with loader org.andromda.templateengines.velocity.ClasspathResourceLoader
INFO  2010-12-26 20:37:41,040 - ResourceManager : found templates/bpm4struts/pages/index.jsp.vsl with loader org.apache.velocity.runtime.resource.loader.FileResourceLoader
INFO  2010-12-26 20:37:41,050 - ResourceManager : found templates/bpm4struts/messages/application-resources.properties.vsl with loader org.andromda.templateengines.velocity.ClasspathResourceLoader
INFO  2010-12-26 20:37:41,057 - ResourceManager : found templates/bpm4struts/messages/application-resources.properties.vsl with loader org.apache.velocity.runtime.resource.loader.FileResourceLoader
INFO  2010-12-26 20:37:41,103 - ResourceManager : found templates/bpm4struts/messages/displaytag.properties.vsl with loader org.andromda.templateengines.velocity.ClasspathResourceLoader
INFO  2010-12-26 20:37:41,106 - ResourceManager : found templates/bpm4struts/messages/displaytag.properties.vsl with loader org.apache.velocity.runtime.resource.loader.FileResourceLoader
INFO  2010-12-26 20:37:41,115 - ResourceManager : found templates/bpm4struts/configuration/web.xml.vsl with loader org.andromda.templateengines.velocity.ClasspathResourceLoader
INFO  2010-12-26 20:37:41,119 - ResourceManager : found templates/bpm4struts/configuration/web.xml.vsl with loader org.apache.velocity.runtime.resource.loader.FileResourceLoader
INFO  2010-12-26 20:37:41,122 - ResourceManager : found templates/bpm4struts/actions/ActionServlet.java.vsl with loader org.andromda.templateengines.velocity.ClasspathResourceLoader
INFO  2010-12-26 20:37:41,125 - ResourceManager : found templates/bpm4struts/actions/ActionServlet.java.vsl with loader org.apache.velocity.runtime.resource.loader.FileResourceLoader
INFO  2010-12-26 20:37:41,128 - ResourceManager : found templates/bpm4struts/configuration/jboss-web.xml.vsl with loader org.andromda.templateengines.velocity.ClasspathResourceLoader
INFO  2010-12-26 20:37:41,130 - ResourceManager : found templates/bpm4struts/configuration/jboss-web.xml.vsl with loader org.apache.velocity.runtime.resource.loader.FileResourceLoader
INFO  2010-12-26 20:37:41,131 - ResourceManager : found templates/bpm4struts/pages/login-form.jsp.vsl with loader org.andromda.templateengines.velocity.ClasspathResourceLoader
INFO  2010-12-26 20:37:41,133 - ResourceManager : found templates/bpm4struts/pages/login-form.jsp.vsl with loader org.apache.velocity.runtime.resource.loader.FileResourceLoader
INFO  2010-12-26 20:37:41,141 - ResourceManager : found templates/bpm4struts/pages/menu.jsp.vsl with loader org.andromda.templateengines.velocity.ClasspathResourceLoader
INFO  2010-12-26 20:37:41,144 - ResourceManager : found templates/bpm4struts/pages/menu.jsp.vsl with loader org.apache.velocity.runtime.resource.loader.FileResourceLoader
INFO  2010-12-26 20:37:41,146 - ResourceManager : found templates/bpm4struts/pages/main-layout.jsp.vsl with loader org.andromda.templateengines.velocity.ClasspathResourceLoader
INFO  2010-12-26 20:37:41,151 - ResourceManager : found templates/bpm4struts/pages/main-layout.jsp.vsl with loader org.apache.velocity.runtime.resource.loader.FileResourceLoader
INFO  2010-12-26 20:37:41,155 - ResourceManager : found templates/bpm4struts/configuration/tiles-defs.xml.vsl with loader org.andromda.templateengines.velocity.ClasspathResourceLoader
INFO  2010-12-26 20:37:41,160 - ResourceManager : found templates/bpm4struts/configuration/tiles-defs.xml.vsl with loader org.apache.velocity.runtime.resource.loader.FileResourceLoader
INFO  2010-12-26 20:37:41,171 - ResourceManager : found templates/bpm4struts/configuration/struts-config.xml.vsl with loader org.andromda.templateengines.velocity.ClasspathResourceLoader
INFO  2010-12-26 20:37:41,175 - ResourceManager : found templates/bpm4struts/configuration/struts-config.xml.vsl with loader org.apache.velocity.runtime.resource.loader.FileResourceLoader
INFO  2010-12-26 20:37:41,187 - Velocimacro : added new VM : #renderMenuItem( item indent ) : source = templates/bpm4struts/configuration/menu-config.xml.vsl
INFO  2010-12-26 20:37:41,187 - VM #renderMenuItem: error : too few arguments to macro. Wanted 2 got 0
INFO  2010-12-26 20:37:41,187 - ResourceManager : found templates/bpm4struts/configuration/menu-config.xml.vsl with loader org.andromda.templateengines.velocity.ClasspathResourceLoader
INFO  2010-12-26 20:37:41,189 - Velocimacro : VM addition rejected : renderMenuItem : inline not allowed to replace existing VM
INFO  2010-12-26 20:37:41,190 - ResourceManager : found templates/bpm4struts/configuration/menu-config.xml.vsl with loader org.apache.velocity.runtime.resource.loader.FileResourceLoader
INFO  2010-12-26 20:37:41,196 - ResourceManager : found templates/bpm4struts/configuration/validation.xml.vsl with loader org.andromda.templateengines.velocity.ClasspathResourceLoader
INFO  2010-12-26 20:37:41,198 - ResourceManager : found templates/bpm4struts/configuration/validation.xml.vsl with loader org.apache.velocity.runtime.resource.loader.FileResourceLoader
INFO  2010-12-26 20:37:41,231 - ResourceManager : found templates/bpm4struts/pages/default-application.css.vsl with loader org.andromda.templateengines.velocity.ClasspathResourceLoader
INFO  2010-12-26 20:37:41,235 - ResourceManager : found templates/bpm4struts/pages/default-application.css.vsl with loader org.apache.velocity.runtime.resource.loader.FileResourceLoader
INFO  2010-12-26 20:37:41,240 - ResourceManager : found templates/bpm4struts/pages/page.css.vsl with loader org.andromda.templateengines.velocity.ClasspathResourceLoader
INFO  2010-12-26 20:37:41,243 - ResourceManager : found templates/bpm4struts/pages/page.css.vsl with loader org.apache.velocity.runtime.resource.loader.FileResourceLoader
INFO  2010-12-26 20:37:41,246 - ResourceManager : found templates/bpm4struts/pages/messages.jsp.vsl with loader org.andromda.templateengines.velocity.ClasspathResourceLoader
INFO  2010-12-26 20:37:41,248 - ResourceManager : found templates/bpm4struts/pages/messages.jsp.vsl with loader org.apache.velocity.runtime.resource.loader.FileResourceLoader
INFO  2010-12-26 20:37:41,248 - org.apache.velocity.runtime.exception.ReferenceException: reference : template = templates/bpm4struts/pages/messages.jsp.vsl [line 16,column 40] : ${error} is not a valid reference.
INFO  2010-12-26 20:37:41,248 - org.apache.velocity.runtime.exception.ReferenceException: reference : template = templates/bpm4struts/pages/messages.jsp.vsl [line 25,column 36] : ${error} is not a valid reference.
INFO  2010-12-26 20:37:41,248 - org.apache.velocity.runtime.exception.ReferenceException: reference : template = templates/bpm4struts/pages/messages.jsp.vsl [line 33,column 38] : ${warning} is not a valid reference.
INFO  2010-12-26 20:37:41,249 - org.apache.velocity.runtime.exception.ReferenceException: reference : template = templates/bpm4struts/pages/messages.jsp.vsl [line 41,column 38] : ${message} is not a valid reference.
INFO  2010-12-26 20:37:41,251 - ResourceManager : found templates/bpm4struts/server/users.properties.vsl with loader org.andromda.templateengines.velocity.ClasspathResourceLoader
INFO  2010-12-26 20:37:41,252 - ResourceManager : found templates/bpm4struts/server/users.properties.vsl with loader org.apache.velocity.runtime.resource.loader.FileResourceLoader
INFO  2010-12-26 20:37:41,256 - ResourceManager : found templates/bpm4struts/server/roles.properties.vsl with loader org.andromda.templateengines.velocity.ClasspathResourceLoader
INFO  2010-12-26 20:37:41,258 - ResourceManager : found templates/bpm4struts/server/roles.properties.vsl with loader org.apache.velocity.runtime.resource.loader.FileResourceLoader
INFO  2010-12-26 20:37:41,267 - ResourceManager : found templates/bpm4struts/pages/calendar-js.jsp.vsl with loader org.andromda.templateengines.velocity.ClasspathResourceLoader
INFO  2010-12-26 20:37:41,280 - ResourceManager : found templates/bpm4struts/pages/calendar-js.jsp.vsl with loader org.apache.velocity.runtime.resource.loader.FileResourceLoader
INFO  2010-12-26 20:37:41,286 - ResourceManager : found templates/bpm4struts/pages/breadcrumbs.jsp.vsl with loader org.andromda.templateengines.velocity.ClasspathResourceLoader
INFO  2010-12-26 20:37:41,292 - ResourceManager : found templates/bpm4struts/pages/breadcrumbs.jsp.vsl with loader org.apache.velocity.runtime.resource.loader.FileResourceLoader
INFO  2010-12-26 20:37:41,292 - org.apache.velocity.runtime.exception.ReferenceException: reference : template = templates/bpm4struts/pages/breadcrumbs.jsp.vsl [line 19,column 22] : ${crumb.url} is not a valid reference.
INFO  2010-12-26 20:37:41,292 - org.apache.velocity.runtime.exception.ReferenceException: reference : template = templates/bpm4struts/pages/breadcrumbs.jsp.vsl [line 20,column 36] : ${crumb.value} is not a valid reference.
INFO  2010-12-26 20:37:41,292 - org.apache.velocity.runtime.exception.ReferenceException: reference : template = templates/bpm4struts/pages/breadcrumbs.jsp.vsl [line 25,column 32] : ${crumb.value} is not a valid reference.
INFO  2010-12-26 20:37:41,294 - ResourceManager : found templates/bpm4struts/pages/taglib-imports.jspf.vsl with loader org.andromda.templateengines.velocity.ClasspathResourceLoader
INFO  2010-12-26 20:37:41,296 - ResourceManager : found templates/bpm4struts/pages/taglib-imports.jspf.vsl with loader org.apache.velocity.runtime.resource.loader.FileResourceLoader
INFO  2010-12-26 20:37:41,301 - ResourceManager : found templates/bpm4struts/pages/page-help.jsp.vsl with loader org.andromda.templateengines.velocity.ClasspathResourceLoader
INFO  2010-12-26 20:37:41,305 - ResourceManager : found templates/bpm4struts/pages/page-help.jsp.vsl with loader org.apache.velocity.runtime.resource.loader.FileResourceLoader
INFO  2010-12-26 20:37:41,306 - org.apache.velocity.runtime.exception.ReferenceException: reference : template = logtag [line 1,column 1] : $generatedFile is not a valid reference.
INFO  2010-12-26 20:37:41,306 - org.apache.velocity.runtime.exception.ReferenceException: reference : template = logtag [line 1,column 1] : $generatedFile is not a valid reference.
INFO  2010-12-26 20:37:41,312 - ResourceManager : found templates/bpm4struts/pages/application-help.jsp.vsl with loader org.andromda.templateengines.velocity.ClasspathResourceLoader
INFO  2010-12-26 20:37:41,314 - ResourceManager : found templates/bpm4struts/pages/application-help.jsp.vsl with loader org.apache.velocity.runtime.resource.loader.FileResourceLoader
INFO  2010-12-26 20:37:41,314 - org.apache.velocity.runtime.exception.ReferenceException: reference : template = logtag [line 1,column 1] : $generatedFile is not a valid reference.
INFO  2010-12-26 20:37:41,315 - ResourceManager : found templates/bpm4struts/pages/help-layout.jsp.vsl with loader org.andromda.templateengines.velocity.ClasspathResourceLoader
INFO  2010-12-26 20:37:41,317 - ResourceManager : found templates/bpm4struts/pages/help-layout.jsp.vsl with loader org.apache.velocity.runtime.resource.loader.FileResourceLoader
INFO  2010-12-26 20:37:41,318 - org.apache.velocity.runtime.exception.ReferenceException: reference : template = logtag [line 1,column 1] : $generatedFile is not a valid reference.
INFO  2010-12-26 20:37:41,332 - ResourceManager : found templates/bpm4struts/pages/crud/default-manageable.css.vsl with loader org.andromda.templateengines.velocity.ClasspathResourceLoader
INFO  2010-12-26 20:37:41,334 - ResourceManager : found templates/bpm4struts/pages/crud/default-manageable.css.vsl with loader org.apache.velocity.runtime.resource.loader.FileResourceLoader
INFO  2010-12-26 20:37:41,335 - org.apache.velocity.runtime.exception.ReferenceException: reference : template = logtag [line 1,column 1] : $generatedFile is not a valid reference.
INFO  2010-12-27 10:44:57,798 - ************************************************************** 
INFO  2010-12-27 10:44:57,807 - Starting Jakarta Velocity v1.4
INFO  2010-12-27 10:44:57,807 - RuntimeInstance initializing.
INFO  2010-12-27 10:44:57,807 - Default Properties File: org\apache\velocity\runtime\defaults\velocity.properties
INFO  2010-12-27 10:44:57,807 - Default ResourceManager initializing. (class org.apache.velocity.runtime.resource.ResourceManagerImpl)
INFO  2010-12-27 10:44:57,807 - Resource Loader Instantiated: org.apache.velocity.runtime.resource.loader.FileResourceLoader
INFO  2010-12-27 10:44:57,807 - FileResourceLoader : initialization starting.
INFO  2010-12-27 10:44:57,807 - FileResourceLoader : adding path 'C:\Users\Selerda\AppData\Local\Temp\/Selerda/.andromda/velocity/merged/bpm4struts'
INFO  2010-12-27 10:44:57,807 - FileResourceLoader : initialization complete.
INFO  2010-12-27 10:44:57,807 - Resource Loader Instantiated: org.andromda.templateengines.velocity.ClasspathResourceLoader
INFO  2010-12-27 10:44:57,807 - ClasspathResourceLoader : initialization starting.
INFO  2010-12-27 10:44:57,807 - ClasspathResourceLoader : initialization complete.
INFO  2010-12-27 10:44:57,807 - ResourceCache : initialized. (class org.apache.velocity.runtime.resource.ResourceCacheImpl)
INFO  2010-12-27 10:44:57,808 - Default ResourceManager initialization complete.
INFO  2010-12-27 10:44:57,808 - Loaded System Directive: org.apache.velocity.runtime.directive.Literal
INFO  2010-12-27 10:44:57,808 - Loaded System Directive: org.apache.velocity.runtime.directive.Macro
INFO  2010-12-27 10:44:57,808 - Loaded System Directive: org.apache.velocity.runtime.directive.Parse
INFO  2010-12-27 10:44:57,808 - Loaded System Directive: org.apache.velocity.runtime.directive.Include
INFO  2010-12-27 10:44:57,808 - Loaded System Directive: org.apache.velocity.runtime.directive.Foreach
INFO  2010-12-27 10:44:57,809 - Created: 20 parsers.
INFO  2010-12-27 10:44:57,809 - Velocimacro : initialization starting.
INFO  2010-12-27 10:44:57,809 - Velocimacro : adding VMs from VM library template : templates/bpm4struts/pages/page.jsp.vm
INFO  2010-12-27 10:44:57,811 - Velocimacro : added new VM : #renderHyperlink( action indent ) : source = templates/bpm4struts/pages/page.jsp.vm
INFO  2010-12-27 10:44:57,811 - Velocimacro : added new VM : #renderTableHyperlink( action columnName indent ) : source = templates/bpm4struts/pages/page.jsp.vm
INFO  2010-12-27 10:44:57,812 - Velocimacro : added new VM : #renderTableButton( action indent rowIndex ) : source = templates/bpm4struts/pages/page.jsp.vm
INFO  2010-12-27 10:44:57,812 - Velocimacro : added new VM : #renderTableExportFormats( tableExportTypes indent ) : source = templates/bpm4struts/pages/page.jsp.vm
INFO  2010-12-27 10:44:57,813 - Velocimacro : added new VM : #renderFormButtons( action indent ) : source = templates/bpm4struts/pages/page.jsp.vm
INFO  2010-12-27 10:44:58,049 - Velocimacro : added new VM : #renderFormField( action field rowIndex indent ) : source = templates/bpm4struts/pages/page.jsp.vm
INFO  2010-12-27 10:44:58,051 - ResourceManager : found templates/bpm4struts/pages/page.jsp.vm with loader org.andromda.templateengines.velocity.ClasspathResourceLoader
INFO  2010-12-27 10:44:58,052 - Velocimacro :  VM library template macro registration complete.
INFO  2010-12-27 10:44:58,052 - Velocimacro : adding VMs from VM library template : templates/bpm4struts/pages/crud/manageable.jsp.vm
INFO  2010-12-27 10:44:58,053 - Velocimacro : added new VM : #renderHiddenAttribute( field indent ) : source = templates/bpm4struts/pages/crud/manageable.jsp.vm
INFO  2010-12-27 10:44:58,053 - Velocimacro : added new VM : #renderAttribute( field indent ) : source = templates/bpm4struts/pages/crud/manageable.jsp.vm
INFO  2010-12-27 10:44:58,054 - Velocimacro : added new VM : #renderAssociationEnd( field indent ) : source = templates/bpm4struts/pages/crud/manageable.jsp.vm
INFO  2010-12-27 10:44:58,054 - Velocimacro : added new VM : #renderAssociationLink( field indent ) : source = templates/bpm4struts/pages/crud/manageable.jsp.vm
INFO  2010-12-27 10:44:58,055 - Velocimacro : added new VM : #renderJavascriptCopyRow( manageable ) : source = templates/bpm4struts/pages/crud/manageable.jsp.vm
INFO  2010-12-27 10:44:58,055 - Velocimacro : added new VM : #commaSeparatedNames( items ) : source = templates/bpm4struts/pages/crud/manageable.jsp.vm
INFO  2010-12-27 10:44:58,056 - VM #commaSeparatedNames: error : too few arguments to macro. Wanted 1 got 0
INFO  2010-12-27 10:44:58,056 - VM #commaSeparatedNames: error : too few arguments to macro. Wanted 1 got 0
INFO  2010-12-27 10:44:58,056 - ResourceManager : found templates/bpm4struts/pages/crud/manageable.jsp.vm with loader org.andromda.templateengines.velocity.ClasspathResourceLoader
INFO  2010-12-27 10:44:58,056 - Velocimacro :  VM library template macro registration complete.
INFO  2010-12-27 10:44:58,056 - Velocimacro : adding VMs from VM library template : templates/bpm4struts/actions/Action.java.vm
INFO  2010-12-27 10:44:58,057 - Velocimacro : added new VM : #processTransition( transition ) : source = templates/bpm4struts/actions/Action.java.vm
INFO  2010-12-27 10:44:58,057 - ResourceManager : found templates/bpm4struts/actions/Action.java.vm with loader org.andromda.templateengines.velocity.ClasspathResourceLoader
INFO  2010-12-27 10:44:58,057 - Velocimacro :  VM library template macro registration complete.
INFO  2010-12-27 10:44:58,057 - Velocimacro : adding VMs from VM library template : templates/bpm4struts/macros/populateCurrentFormOnError.vm
INFO  2010-12-27 10:44:58,058 - Velocimacro : added new VM : #populateCurrentFormOnError( ) : source = templates/bpm4struts/macros/populateCurrentFormOnError.vm
INFO  2010-12-27 10:44:58,058 - ResourceManager : found templates/bpm4struts/macros/populateCurrentFormOnError.vm with loader org.andromda.templateengines.velocity.ClasspathResourceLoader
INFO  2010-12-27 10:44:58,058 - Velocimacro :  VM library template macro registration complete.
INFO  2010-12-27 10:44:58,059 - Velocimacro : allowInline = true : VMs can be defined inline in templates
INFO  2010-12-27 10:44:58,059 - Velocimacro : allowInlineToOverride = false : VMs defined inline may NOT replace previous VM definitions
INFO  2010-12-27 10:44:58,059 - Velocimacro : allowInlineLocal = false : VMs defined inline will be  global in scope if allowed.
INFO  2010-12-27 10:44:58,059 - Velocimacro : messages on  : VM system will output logging messages
INFO  2010-12-27 10:44:58,059 - Velocimacro : autoload off  : VM system will not automatically reload global library macros
INFO  2010-12-27 10:44:58,059 - Velocimacro : initialization complete.
INFO  2010-12-27 10:44:58,059 - Velocity successfully started.
INFO  2010-12-27 10:44:58,177 - Velocimacro : added new VM : #saveMessages( transition indent ) : source = templates/bpm4struts/actions/Action.java.vsl
INFO  2010-12-27 10:44:58,182 - ResourceManager : found templates/bpm4struts/actions/Action.java.vsl with loader org.andromda.templateengines.velocity.ClasspathResourceLoader
INFO  2010-12-27 10:44:58,190 - Velocimacro : VM addition rejected : saveMessages : inline not allowed to replace existing VM
INFO  2010-12-27 10:44:58,194 - ResourceManager : found templates/bpm4struts/actions/Action.java.vsl with loader org.apache.velocity.runtime.resource.loader.FileResourceLoader
INFO  2010-12-27 10:44:58,196 - Velocimacro : VM addition rejected : processTransition : inline not allowed to replace existing VM
INFO  2010-12-27 10:44:58,196 - ResourceManager : found templates/bpm4struts/actions/Action.java.vm with loader org.andromda.templateengines.velocity.ClasspathResourceLoader
INFO  2010-12-27 10:44:58,229 - Velocimacro : VM addition rejected : processTransition : inline not allowed to replace existing VM
INFO  2010-12-27 10:44:58,230 - ResourceManager : found templates/bpm4struts/actions/Action.java.vm with loader org.andromda.templateengines.velocity.ClasspathResourceLoader
INFO  2010-12-27 10:44:58,240 - Velocimacro : VM addition rejected : processTransition : inline not allowed to replace existing VM
INFO  2010-12-27 10:44:58,240 - ResourceManager : found templates/bpm4struts/actions/Action.java.vm with loader org.andromda.templateengines.velocity.ClasspathResourceLoader
INFO  2010-12-27 10:44:58,249 - ResourceManager : found templates/bpm4struts/actions/PatternMatchingExceptionHandler.java.vsl with loader org.andromda.templateengines.velocity.ClasspathResourceLoader
INFO  2010-12-27 10:44:58,254 - ResourceManager : found templates/bpm4struts/actions/PatternMatchingExceptionHandler.java.vsl with loader org.apache.velocity.runtime.resource.loader.FileResourceLoader
INFO  2010-12-27 10:44:58,267 - ResourceManager : found templates/bpm4struts/pages/action.jsp.vsl with loader org.andromda.templateengines.velocity.ClasspathResourceLoader
INFO  2010-12-27 10:44:58,285 - ResourceManager : found templates/bpm4struts/pages/action.jsp.vsl with loader org.apache.velocity.runtime.resource.loader.FileResourceLoader
INFO  2010-12-27 10:44:58,286 - Velocimacro : VM addition rejected : renderHyperlink : inline not allowed to replace existing VM
INFO  2010-12-27 10:44:58,287 - Velocimacro : VM addition rejected : renderTableHyperlink : inline not allowed to replace existing VM
INFO  2010-12-27 10:44:58,287 - Velocimacro : VM addition rejected : renderTableButton : inline not allowed to replace existing VM
INFO  2010-12-27 10:44:58,288 - Velocimacro : VM addition rejected : renderTableExportFormats : inline not allowed to replace existing VM
INFO  2010-12-27 10:44:58,288 - Velocimacro : VM addition rejected : renderFormButtons : inline not allowed to replace existing VM
INFO  2010-12-27 10:44:58,291 - Velocimacro : VM addition rejected : renderFormField : inline not allowed to replace existing VM
INFO  2010-12-27 10:44:58,293 - ResourceManager : found templates/bpm4struts/pages/page.jsp.vm with loader org.andromda.templateengines.velocity.ClasspathResourceLoader
INFO  2010-12-27 10:44:58,300 - ResourceManager : found templates/bpm4struts/forms/ActionForm.java.vsl with loader org.andromda.templateengines.velocity.ClasspathResourceLoader
INFO  2010-12-27 10:44:58,316 - ResourceManager : found templates/bpm4struts/forms/ActionForm.java.vsl with loader org.apache.velocity.runtime.resource.loader.FileResourceLoader
INFO  2010-12-27 10:44:58,322 - Left side ($field.widgetType) of '==' operation has null value. If a reference, it may not be in the context. Operation not possible. templates/bpm4struts/forms/ActionForm.java.vsl [line 304, column 26]
INFO  2010-12-27 10:44:58,331 - Left side ($field.widgetType) of '==' operation has null value. If a reference, it may not be in the context. Operation not possible. templates/bpm4struts/forms/ActionForm.java.vsl [line 304, column 26]
INFO  2010-12-27 10:44:58,344 - Left side ($field.widgetType) of '==' operation has null value. If a reference, it may not be in the context. Operation not possible. templates/bpm4struts/forms/ActionForm.java.vsl [line 304, column 26]
INFO  2010-12-27 10:44:58,347 - Left side ($field.widgetType) of '==' operation has null value. If a reference, it may not be in the context. Operation not possible. templates/bpm4struts/forms/ActionForm.java.vsl [line 304, column 26]
INFO  2010-12-27 10:44:58,349 - Left side ($field.widgetType) of '==' operation has null value. If a reference, it may not be in the context. Operation not possible. templates/bpm4struts/forms/ActionForm.java.vsl [line 304, column 26]
INFO  2010-12-27 10:44:58,359 - ResourceManager : found templates/bpm4struts/forms/ActionFormInterface.java.vsl with loader org.andromda.templateengines.velocity.ClasspathResourceLoader
INFO  2010-12-27 10:44:58,372 - ResourceManager : found templates/bpm4struts/forms/ActionFormInterface.java.vsl with loader org.apache.velocity.runtime.resource.loader.FileResourceLoader
INFO  2010-12-27 10:44:58,402 - ResourceManager : found templates/bpm4struts/controllers/ControllerImpl.java.vsl with loader org.andromda.templateengines.velocity.ClasspathResourceLoader
INFO  2010-12-27 10:44:58,406 - ResourceManager : found templates/bpm4struts/controllers/ControllerImpl.java.vsl with loader org.apache.velocity.runtime.resource.loader.FileResourceLoader
INFO  2010-12-27 10:44:58,524 - ResourceManager : found templates/bpm4struts/controllers/Controller.java.vsl with loader org.andromda.templateengines.velocity.ClasspathResourceLoader
INFO  2010-12-27 10:44:58,528 - ResourceManager : found templates/bpm4struts/controllers/Controller.java.vsl with loader org.apache.velocity.runtime.resource.loader.FileResourceLoader
INFO  2010-12-27 10:44:58,543 - ResourceManager : found templates/bpm4struts/controllers/ControllerFactory.java.vsl with loader org.andromda.templateengines.velocity.ClasspathResourceLoader
INFO  2010-12-27 10:44:58,545 - ResourceManager : found templates/bpm4struts/controllers/ControllerFactory.java.vsl with loader org.apache.velocity.runtime.resource.loader.FileResourceLoader
INFO  2010-12-27 10:44:58,552 - ResourceManager : found templates/bpm4struts/pages/page.jsp.vsl with loader org.andromda.templateengines.velocity.ClasspathResourceLoader
INFO  2010-12-27 10:44:58,561 - ResourceManager : found templates/bpm4struts/pages/page.jsp.vsl with loader org.apache.velocity.runtime.resource.loader.FileResourceLoader
INFO  2010-12-27 10:44:58,562 - Velocimacro : VM addition rejected : renderHyperlink : inline not allowed to replace existing VM
INFO  2010-12-27 10:44:58,563 - Velocimacro : VM addition rejected : renderTableHyperlink : inline not allowed to replace existing VM
INFO  2010-12-27 10:44:58,563 - Velocimacro : VM addition rejected : renderTableButton : inline not allowed to replace existing VM
INFO  2010-12-27 10:44:58,564 - Velocimacro : VM addition rejected : renderTableExportFormats : inline not allowed to replace existing VM
INFO  2010-12-27 10:44:58,564 - Velocimacro : VM addition rejected : renderFormButtons : inline not allowed to replace existing VM
INFO  2010-12-27 10:44:58,566 - Velocimacro : VM addition rejected : renderFormField : inline not allowed to replace existing VM
INFO  2010-12-27 10:44:58,568 - ResourceManager : found templates/bpm4struts/pages/page.jsp.vm with loader org.andromda.templateengines.velocity.ClasspathResourceLoader
INFO  2010-12-27 10:44:58,578 - Velocimacro : VM addition rejected : renderHyperlink : inline not allowed to replace existing VM
INFO  2010-12-27 10:44:58,578 - Velocimacro : VM addition rejected : renderTableHyperlink : inline not allowed to replace existing VM
INFO  2010-12-27 10:44:58,579 - Velocimacro : VM addition rejected : renderTableButton : inline not allowed to replace existing VM
INFO  2010-12-27 10:44:58,579 - Velocimacro : VM addition rejected : renderTableExportFormats : inline not allowed to replace existing VM
INFO  2010-12-27 10:44:58,579 - Velocimacro : VM addition rejected : renderFormButtons : inline not allowed to replace existing VM
INFO  2010-12-27 10:44:58,582 - Velocimacro : VM addition rejected : renderFormField : inline not allowed to replace existing VM
INFO  2010-12-27 10:44:58,593 - ResourceManager : found templates/bpm4struts/pages/page.jsp.vm with loader org.andromda.templateengines.velocity.ClasspathResourceLoader
INFO  2010-12-27 10:44:58,633 - ResourceManager : found templates/bpm4struts/pages/error-page.jsp.vsl with loader org.andromda.templateengines.velocity.ClasspathResourceLoader
INFO  2010-12-27 10:44:58,636 - ResourceManager : found templates/bpm4struts/pages/error-page.jsp.vsl with loader org.apache.velocity.runtime.resource.loader.FileResourceLoader
INFO  2010-12-27 10:44:58,636 - org.apache.velocity.runtime.exception.ReferenceException: reference : template = templates/bpm4struts/pages/error-page.jsp.vsl [line 22,column 41] : ${param.code} is not a valid reference.
INFO  2010-12-27 10:44:58,636 - org.apache.velocity.runtime.exception.ReferenceException: reference : template = templates/bpm4struts/pages/error-page.jsp.vsl [line 38,column 54] : ${param.code} is not a valid reference.
INFO  2010-12-27 10:44:58,636 - org.apache.velocity.runtime.exception.ReferenceException: reference : template = templates/bpm4struts/pages/error-page.jsp.vsl [line 39,column 56] : ${param.code} is not a valid reference.
INFO  2010-12-27 10:44:58,636 - org.apache.velocity.runtime.exception.ReferenceException: reference : template = templates/bpm4struts/pages/error-page.jsp.vsl [line 42,column 33] : ${link} is not a valid reference.
INFO  2010-12-27 10:44:58,636 - org.apache.velocity.runtime.exception.ReferenceException: reference : template = templates/bpm4struts/pages/error-page.jsp.vsl [line 51,column 25] : ${param.exception} is not a valid reference.
INFO  2010-12-27 10:44:58,636 - org.apache.velocity.runtime.exception.ReferenceException: reference : template = templates/bpm4struts/pages/error-page.jsp.vsl [line 56,column 25] : ${param.resource} is not a valid reference.
INFO  2010-12-27 10:44:58,642 - ResourceManager : found templates/bpm4struts/pages/page-javascript.jspf.vsl with loader org.andromda.templateengines.velocity.ClasspathResourceLoader
INFO  2010-12-27 10:44:58,644 - ResourceManager : found templates/bpm4struts/pages/page-javascript.jspf.vsl with loader org.apache.velocity.runtime.resource.loader.FileResourceLoader
INFO  2010-12-27 10:44:58,647 - Velocimacro : VM addition rejected : renderHyperlink : inline not allowed to replace existing VM
INFO  2010-12-27 10:44:58,647 - Velocimacro : VM addition rejected : renderTableHyperlink : inline not allowed to replace existing VM
INFO  2010-12-27 10:44:58,648 - Velocimacro : VM addition rejected : renderTableButton : inline not allowed to replace existing VM
INFO  2010-12-27 10:44:58,648 - Velocimacro : VM addition rejected : renderTableExportFormats : inline not allowed to replace existing VM
INFO  2010-12-27 10:44:58,649 - Velocimacro : VM addition rejected : renderFormButtons : inline not allowed to replace existing VM
INFO  2010-12-27 10:44:58,651 - Velocimacro : VM addition rejected : renderFormField : inline not allowed to replace existing VM
INFO  2010-12-27 10:44:58,653 - ResourceManager : found templates/bpm4struts/pages/page.jsp.vm with loader org.andromda.templateengines.velocity.ClasspathResourceLoader
INFO  2010-12-27 10:44:58,658 - Velocimacro : VM addition rejected : renderHyperlink : inline not allowed to replace existing VM
INFO  2010-12-27 10:44:58,658 - Velocimacro : VM addition rejected : renderTableHyperlink : inline not allowed to replace existing VM
INFO  2010-12-27 10:44:58,659 - Velocimacro : VM addition rejected : renderTableButton : inline not allowed to replace existing VM
INFO  2010-12-27 10:44:58,659 - Velocimacro : VM addition rejected : renderTableExportFormats : inline not allowed to replace existing VM
INFO  2010-12-27 10:44:58,660 - Velocimacro : VM addition rejected : renderFormButtons : inline not allowed to replace existing VM
INFO  2010-12-27 10:44:58,664 - Velocimacro : VM addition rejected : renderFormField : inline not allowed to replace existing VM
INFO  2010-12-27 10:44:58,666 - ResourceManager : found templates/bpm4struts/pages/page.jsp.vm with loader org.andromda.templateengines.velocity.ClasspathResourceLoader
INFO  2010-12-27 10:44:58,671 - ResourceManager : found templates/bpm4struts/pages/page-variables.jspf.vsl with loader org.andromda.templateengines.velocity.ClasspathResourceLoader
INFO  2010-12-27 10:44:58,673 - ResourceManager : found templates/bpm4struts/pages/page-variables.jspf.vsl with loader org.apache.velocity.runtime.resource.loader.FileResourceLoader
INFO  2010-12-27 10:44:58,690 - ResourceManager : found templates/bpm4struts/pages/page-table.jspf.vsl with loader org.andromda.templateengines.velocity.ClasspathResourceLoader
INFO  2010-12-27 10:44:58,702 - ResourceManager : found templates/bpm4struts/pages/page-table.jspf.vsl with loader org.apache.velocity.runtime.resource.loader.FileResourceLoader
INFO  2010-12-27 10:44:58,703 - Velocimacro : VM addition rejected : renderHyperlink : inline not allowed to replace existing VM
INFO  2010-12-27 10:44:58,704 - Velocimacro : VM addition rejected : renderTableHyperlink : inline not allowed to replace existing VM
INFO  2010-12-27 10:44:58,704 - Velocimacro : VM addition rejected : renderTableButton : inline not allowed to replace existing VM
INFO  2010-12-27 10:44:58,705 - Velocimacro : VM addition rejected : renderTableExportFormats : inline not allowed to replace existing VM
INFO  2010-12-27 10:44:58,705 - Velocimacro : VM addition rejected : renderFormButtons : inline not allowed to replace existing VM
INFO  2010-12-27 10:44:58,707 - Velocimacro : VM addition rejected : renderFormField : inline not allowed to replace existing VM
INFO  2010-12-27 10:44:58,709 - ResourceManager : found templates/bpm4struts/pages/page.jsp.vm with loader org.andromda.templateengines.velocity.ClasspathResourceLoader
INFO  2010-12-27 10:44:58,709 - RHS of #set statement is null. Context will not be modified. templates/bpm4struts/pages/page-table.jspf.vsl [line 4, column 1]
INFO  2010-12-27 10:44:58,711 - org.apache.velocity.runtime.exception.ReferenceException: reference : template = templates/bpm4struts/pages/page-table.jspf.vsl [line 21,column 21] : ${pageContext.request.requestURI} is not a valid reference.
INFO  2010-12-27 10:44:58,737 - org.apache.velocity.runtime.exception.ReferenceException: reference : template = templates/bpm4struts/pages/page-table.jspf.vsl [line 122,column 56] : ${value} is not a valid reference.
INFO  2010-12-27 10:44:58,741 - org.apache.velocity.runtime.exception.ReferenceException: reference : template = templates/bpm4struts/pages/page-table.jspf.vsl [line 29,column 62] : ${link} is not a valid reference.
INFO  2010-12-27 10:44:58,742 - org.apache.velocity.runtime.exception.ReferenceException: reference : template = templates/bpm4struts/pages/page-table.jspf.vsl [line 29,column 62] : ${link} is not a valid reference.
INFO  2010-12-27 10:44:58,747 - ResourceManager : found templates/bpm4struts/pages/form-validation.jsp.vsl with loader org.andromda.templateengines.velocity.ClasspathResourceLoader
INFO  2010-12-27 10:44:58,749 - ResourceManager : found templates/bpm4struts/pages/form-validation.jsp.vsl with loader org.apache.velocity.runtime.resource.loader.FileResourceLoader
INFO  2010-12-27 10:44:58,752 - org.apache.velocity.runtime.exception.ReferenceException: reference : template = logtag [line 1,column 1] : $generatedFile is not a valid reference.
INFO  2010-12-27 10:44:58,759 - ResourceManager : found templates/bpm4struts/configuration/validator-rules.xml.vsl with loader org.andromda.templateengines.velocity.ClasspathResourceLoader
INFO  2010-12-27 10:44:58,770 - ResourceManager : found templates/bpm4struts/configuration/validator-rules.xml.vsl with loader org.apache.velocity.runtime.resource.loader.FileResourceLoader
INFO  2010-12-27 10:44:58,775 - ResourceManager : found templates/bpm4struts/actions/StrutsValidator.java.vsl with loader org.andromda.templateengines.velocity.ClasspathResourceLoader
INFO  2010-12-27 10:44:58,778 - ResourceManager : found templates/bpm4struts/actions/StrutsValidator.java.vsl with loader org.apache.velocity.runtime.resource.loader.FileResourceLoader
INFO  2010-12-27 10:44:58,784 - ResourceManager : found templates/bpm4struts/pages/index.jsp.vsl with loader org.andromda.templateengines.velocity.ClasspathResourceLoader
INFO  2010-12-27 10:44:58,786 - ResourceManager : found templates/bpm4struts/pages/index.jsp.vsl with loader org.apache.velocity.runtime.resource.loader.FileResourceLoader
INFO  2010-12-27 10:44:58,793 - ResourceManager : found templates/bpm4struts/messages/application-resources.properties.vsl with loader org.andromda.templateengines.velocity.ClasspathResourceLoader
INFO  2010-12-27 10:44:58,797 - ResourceManager : found templates/bpm4struts/messages/application-resources.properties.vsl with loader org.apache.velocity.runtime.resource.loader.FileResourceLoader
INFO  2010-12-27 10:44:58,826 - ResourceManager : found templates/bpm4struts/messages/displaytag.properties.vsl with loader org.andromda.templateengines.velocity.ClasspathResourceLoader
INFO  2010-12-27 10:44:58,828 - ResourceManager : found templates/bpm4struts/messages/displaytag.properties.vsl with loader org.apache.velocity.runtime.resource.loader.FileResourceLoader
INFO  2010-12-27 10:44:58,835 - ResourceManager : found templates/bpm4struts/configuration/web.xml.vsl with loader org.andromda.templateengines.velocity.ClasspathResourceLoader
INFO  2010-12-27 10:44:58,839 - ResourceManager : found templates/bpm4struts/configuration/web.xml.vsl with loader org.apache.velocity.runtime.resource.loader.FileResourceLoader
INFO  2010-12-27 10:44:58,841 - ResourceManager : found templates/bpm4struts/actions/ActionServlet.java.vsl with loader org.andromda.templateengines.velocity.ClasspathResourceLoader
INFO  2010-12-27 10:44:58,843 - ResourceManager : found templates/bpm4struts/actions/ActionServlet.java.vsl with loader org.apache.velocity.runtime.resource.loader.FileResourceLoader
INFO  2010-12-27 10:44:58,846 - ResourceManager : found templates/bpm4struts/configuration/jboss-web.xml.vsl with loader org.andromda.templateengines.velocity.ClasspathResourceLoader
INFO  2010-12-27 10:44:58,848 - ResourceManager : found templates/bpm4struts/configuration/jboss-web.xml.vsl with loader org.apache.velocity.runtime.resource.loader.FileResourceLoader
INFO  2010-12-27 10:44:58,849 - ResourceManager : found templates/bpm4struts/pages/login-form.jsp.vsl with loader org.andromda.templateengines.velocity.ClasspathResourceLoader
INFO  2010-12-27 10:44:58,871 - ResourceManager : found templates/bpm4struts/pages/login-form.jsp.vsl with loader org.apache.velocity.runtime.resource.loader.FileResourceLoader
INFO  2010-12-27 10:44:58,882 - ResourceManager : found templates/bpm4struts/pages/menu.jsp.vsl with loader org.andromda.templateengines.velocity.ClasspathResourceLoader
INFO  2010-12-27 10:44:58,885 - ResourceManager : found templates/bpm4struts/pages/menu.jsp.vsl with loader org.apache.velocity.runtime.resource.loader.FileResourceLoader
INFO  2010-12-27 10:44:58,888 - ResourceManager : found templates/bpm4struts/pages/main-layout.jsp.vsl with loader org.andromda.templateengines.velocity.ClasspathResourceLoader
INFO  2010-12-27 10:44:58,890 - ResourceManager : found templates/bpm4struts/pages/main-layout.jsp.vsl with loader org.apache.velocity.runtime.resource.loader.FileResourceLoader
INFO  2010-12-27 10:44:58,892 - ResourceManager : found templates/bpm4struts/configuration/tiles-defs.xml.vsl with loader org.andromda.templateengines.velocity.ClasspathResourceLoader
INFO  2010-12-27 10:44:58,894 - ResourceManager : found templates/bpm4struts/configuration/tiles-defs.xml.vsl with loader org.apache.velocity.runtime.resource.loader.FileResourceLoader
INFO  2010-12-27 10:44:58,902 - ResourceManager : found templates/bpm4struts/configuration/struts-config.xml.vsl with loader org.andromda.templateengines.velocity.ClasspathResourceLoader
INFO  2010-12-27 10:44:58,906 - ResourceManager : found templates/bpm4struts/configuration/struts-config.xml.vsl with loader org.apache.velocity.runtime.resource.loader.FileResourceLoader
INFO  2010-12-27 10:44:58,916 - Velocimacro : added new VM : #renderMenuItem( item indent ) : source = templates/bpm4struts/configuration/menu-config.xml.vsl
INFO  2010-12-27 10:44:58,917 - VM #renderMenuItem: error : too few arguments to macro. Wanted 2 got 0
INFO  2010-12-27 10:44:58,917 - ResourceManager : found templates/bpm4struts/configuration/menu-config.xml.vsl with loader org.andromda.templateengines.velocity.ClasspathResourceLoader
INFO  2010-12-27 10:44:58,919 - Velocimacro : VM addition rejected : renderMenuItem : inline not allowed to replace existing VM
INFO  2010-12-27 10:44:58,920 - ResourceManager : found templates/bpm4struts/configuration/menu-config.xml.vsl with loader org.apache.velocity.runtime.resource.loader.FileResourceLoader
INFO  2010-12-27 10:44:58,926 - ResourceManager : found templates/bpm4struts/configuration/validation.xml.vsl with loader org.andromda.templateengines.velocity.ClasspathResourceLoader
INFO  2010-12-27 10:44:58,931 - ResourceManager : found templates/bpm4struts/configuration/validation.xml.vsl with loader org.apache.velocity.runtime.resource.loader.FileResourceLoader
INFO  2010-12-27 10:44:58,956 - ResourceManager : found templates/bpm4struts/pages/default-application.css.vsl with loader org.andromda.templateengines.velocity.ClasspathResourceLoader
INFO  2010-12-27 10:44:58,956 - ResourceManager : found templates/bpm4struts/pages/default-application.css.vsl with loader org.apache.velocity.runtime.resource.loader.FileResourceLoader
INFO  2010-12-27 10:44:58,966 - ResourceManager : found templates/bpm4struts/pages/page.css.vsl with loader org.andromda.templateengines.velocity.ClasspathResourceLoader
INFO  2010-12-27 10:44:58,966 - ResourceManager : found templates/bpm4struts/pages/page.css.vsl with loader org.apache.velocity.runtime.resource.loader.FileResourceLoader
INFO  2010-12-27 10:44:58,966 - ResourceManager : found templates/bpm4struts/pages/messages.jsp.vsl with loader org.andromda.templateengines.velocity.ClasspathResourceLoader
INFO  2010-12-27 10:44:58,976 - ResourceManager : found templates/bpm4struts/pages/messages.jsp.vsl with loader org.apache.velocity.runtime.resource.loader.FileResourceLoader
INFO  2010-12-27 10:44:58,976 - org.apache.velocity.runtime.exception.ReferenceException: reference : template = templates/bpm4struts/pages/messages.jsp.vsl [line 16,column 40] : ${error} is not a valid reference.
INFO  2010-12-27 10:44:58,976 - org.apache.velocity.runtime.exception.ReferenceException: reference : template = templates/bpm4struts/pages/messages.jsp.vsl [line 25,column 36] : ${error} is not a valid reference.
INFO  2010-12-27 10:44:58,976 - org.apache.velocity.runtime.exception.ReferenceException: reference : template = templates/bpm4struts/pages/messages.jsp.vsl [line 33,column 38] : ${warning} is not a valid reference.
INFO  2010-12-27 10:44:58,976 - org.apache.velocity.runtime.exception.ReferenceException: reference : template = templates/bpm4struts/pages/messages.jsp.vsl [line 41,column 38] : ${message} is not a valid reference.
INFO  2010-12-27 10:44:58,976 - ResourceManager : found templates/bpm4struts/server/users.properties.vsl with loader org.andromda.templateengines.velocity.ClasspathResourceLoader
INFO  2010-12-27 10:44:58,976 - ResourceManager : found templates/bpm4struts/server/users.properties.vsl with loader org.apache.velocity.runtime.resource.loader.FileResourceLoader
INFO  2010-12-27 10:44:58,976 - ResourceManager : found templates/bpm4struts/server/roles.properties.vsl with loader org.andromda.templateengines.velocity.ClasspathResourceLoader
INFO  2010-12-27 10:44:58,976 - ResourceManager : found templates/bpm4struts/server/roles.properties.vsl with loader org.apache.velocity.runtime.resource.loader.FileResourceLoader
INFO  2010-12-27 10:44:58,986 - ResourceManager : found templates/bpm4struts/pages/calendar-js.jsp.vsl with loader org.andromda.templateengines.velocity.ClasspathResourceLoader
INFO  2010-12-27 10:44:59,013 - ResourceManager : found templates/bpm4struts/pages/calendar-js.jsp.vsl with loader org.apache.velocity.runtime.resource.loader.FileResourceLoader
INFO  2010-12-27 10:44:59,020 - ResourceManager : found templates/bpm4struts/pages/breadcrumbs.jsp.vsl with loader org.andromda.templateengines.velocity.ClasspathResourceLoader
INFO  2010-12-27 10:44:59,023 - ResourceManager : found templates/bpm4struts/pages/breadcrumbs.jsp.vsl with loader org.apache.velocity.runtime.resource.loader.FileResourceLoader
INFO  2010-12-27 10:44:59,023 - org.apache.velocity.runtime.exception.ReferenceException: reference : template = templates/bpm4struts/pages/breadcrumbs.jsp.vsl [line 19,column 22] : ${crumb.url} is not a valid reference.
INFO  2010-12-27 10:44:59,023 - org.apache.velocity.runtime.exception.ReferenceException: reference : template = templates/bpm4struts/pages/breadcrumbs.jsp.vsl [line 20,column 36] : ${crumb.value} is not a valid reference.
INFO  2010-12-27 10:44:59,023 - org.apache.velocity.runtime.exception.ReferenceException: reference : template = templates/bpm4struts/pages/breadcrumbs.jsp.vsl [line 25,column 32] : ${crumb.value} is not a valid reference.
INFO  2010-12-27 10:44:59,025 - ResourceManager : found templates/bpm4struts/pages/taglib-imports.jspf.vsl with loader org.andromda.templateengines.velocity.ClasspathResourceLoader
INFO  2010-12-27 10:44:59,029 - ResourceManager : found templates/bpm4struts/pages/taglib-imports.jspf.vsl with loader org.apache.velocity.runtime.resource.loader.FileResourceLoader
INFO  2010-12-27 10:44:59,034 - ResourceManager : found templates/bpm4struts/pages/page-help.jsp.vsl with loader org.andromda.templateengines.velocity.ClasspathResourceLoader
INFO  2010-12-27 10:44:59,037 - ResourceManager : found templates/bpm4struts/pages/page-help.jsp.vsl with loader org.apache.velocity.runtime.resource.loader.FileResourceLoader
INFO  2010-12-27 10:44:59,038 - org.apache.velocity.runtime.exception.ReferenceException: reference : template = logtag [line 1,column 1] : $generatedFile is not a valid reference.
INFO  2010-12-27 10:44:59,038 - org.apache.velocity.runtime.exception.ReferenceException: reference : template = logtag [line 1,column 1] : $generatedFile is not a valid reference.
INFO  2010-12-27 10:44:59,041 - ResourceManager : found templates/bpm4struts/pages/application-help.jsp.vsl with loader org.andromda.templateengines.velocity.ClasspathResourceLoader
INFO  2010-12-27 10:44:59,064 - ResourceManager : found templates/bpm4struts/pages/application-help.jsp.vsl with loader org.apache.velocity.runtime.resource.loader.FileResourceLoader
INFO  2010-12-27 10:44:59,064 - org.apache.velocity.runtime.exception.ReferenceException: reference : template = logtag [line 1,column 1] : $generatedFile is not a valid reference.
INFO  2010-12-27 10:44:59,065 - ResourceManager : found templates/bpm4struts/pages/help-layout.jsp.vsl with loader org.andromda.templateengines.velocity.ClasspathResourceLoader
INFO  2010-12-27 10:44:59,068 - ResourceManager : found templates/bpm4struts/pages/help-layout.jsp.vsl with loader org.apache.velocity.runtime.resource.loader.FileResourceLoader
INFO  2010-12-27 10:44:59,068 - org.apache.velocity.runtime.exception.ReferenceException: reference : template = logtag [line 1,column 1] : $generatedFile is not a valid reference.
INFO  2010-12-27 10:44:59,084 - ResourceManager : found templates/bpm4struts/pages/crud/default-manageable.css.vsl with loader org.andromda.templateengines.velocity.ClasspathResourceLoader
INFO  2010-12-27 10:44:59,086 - ResourceManager : found templates/bpm4struts/pages/crud/default-manageable.css.vsl with loader org.apache.velocity.runtime.resource.loader.FileResourceLoader
INFO  2010-12-27 10:44:59,087 - org.apache.velocity.runtime.exception.ReferenceException: reference : template = logtag [line 1,column 1] : $generatedFile is not a valid reference.
