2010-12-27 10:44:14,372 INFO  [AndroMDA] - discovering namespaces -
2010-12-27 10:44:14,632 INFO  [AndroMDA] found namespace --> 'bpm4struts'
2010-12-27 10:44:14,633 INFO  [AndroMDA]   +  registering component 'cartridge'
2010-12-27 10:44:14,735 INFO  [AndroMDA]   +  registering component 'metafacades'
2010-12-27 10:44:14,854 INFO  [AndroMDA]   +  registering component 'profile'
2010-12-27 10:44:14,877 INFO  [AndroMDA] found namespace --> 'emf-uml2'
2010-12-27 10:44:14,878 INFO  [AndroMDA]   +  registering component 'repository'
2010-12-27 10:44:14,960 INFO  [AndroMDA]   +  registering component 'metafacades'
2010-12-27 10:44:15,103 INFO  [AndroMDA]   +  registering component 'profile'
2010-12-27 10:44:15,110 INFO  [AndroMDA] found namespace --> 'hibernate'
2010-12-27 10:44:15,110 INFO  [AndroMDA]   +  registering component 'cartridge'
2010-12-27 10:44:15,126 INFO  [AndroMDA]   +  registering component 'metafacades'
2010-12-27 10:44:15,192 INFO  [AndroMDA]   +  registering component 'profile'
2010-12-27 10:44:15,200 INFO  [AndroMDA] found namespace --> 'java'
2010-12-27 10:44:15,200 INFO  [AndroMDA]   +  registering component 'cartridge'
2010-12-27 10:44:15,207 INFO  [AndroMDA]   +  registering component 'profile'
2010-12-27 10:44:15,213 INFO  [AndroMDA]   +  registering component 'metafacades'
2010-12-27 10:44:15,221 INFO  [AndroMDA] found namespace --> 'netBeansMDR'
2010-12-27 10:44:15,221 INFO  [AndroMDA]   +  registering component 'repository'
2010-12-27 10:44:15,553 INFO  [AndroMDA] found namespace --> 'query'
2010-12-27 10:44:15,553 INFO  [AndroMDA]   +  registering component 'translation-library'
2010-12-27 10:44:15,693 INFO  [AndroMDA] found namespace --> 'spring'
2010-12-27 10:44:15,693 INFO  [AndroMDA]   +  registering component 'cartridge'
2010-12-27 10:44:15,728 INFO  [AndroMDA]   +  registering component 'metafacades'
2010-12-27 10:44:15,782 INFO  [AndroMDA]   +  registering component 'profile'
2010-12-27 10:44:15,792 INFO  [AndroMDA] found namespace --> 'uml-1.4'
2010-12-27 10:44:15,792 INFO  [AndroMDA]   +  registering component 'metafacades'
2010-12-27 10:44:15,914 INFO  [AndroMDA]   +  registering component 'profile'
2010-12-27 10:44:15,922 INFO  [AndroMDA] found namespace --> 'validation'
2010-12-27 10:44:15,922 INFO  [AndroMDA]   +  registering component 'translation-library'
2010-12-27 10:44:17,544 INFO  [AndroMDA] - core initialization complete: 3.414[s] -
2010-12-27 10:44:17,547 INFO  [AndroMDA] loading model --> 'file:D:/myeclipse/workspace/appstore/mda/src/main/uml/appstore.uml2'
2010-12-27 10:44:18,489 INFO  [AndroMDA] referenced model --> 'jar:file:/C:/Users/Selerda/.m2/repository/org/andromda/repositories/andromda-repository-emf-uml2/3.3/andromda-repository-emf-uml2-3.3.jar!/META-INF/emf/modules/UML2PrimitiveTypes.library.uml2'
2010-12-27 10:44:18,492 INFO  [AndroMDA] referenced model --> 'jar:file:/C:/Users/Selerda/.m2/repository/org/andromda/repositories/andromda-repository-emf-uml2/3.3/andromda-repository-emf-uml2-3.3.jar!/META-INF/emf/modules/Basic.profile.uml2'
2010-12-27 10:44:18,619 INFO  [AndroMDA] referenced model --> 'jar:file:/C:/Users/Selerda/.m2/repository/org/andromda/repositories/andromda-repository-emf-uml2/3.3/andromda-repository-emf-uml2-3.3.jar!/META-INF/emf/modules/UML2.metamodel.uml2'
2010-12-27 10:44:18,629 INFO  [AndroMDA] referenced model --> 'jar:file:/C:/Users/Selerda/.m2/repository/org/andromda/repositories/andromda-repository-emf-uml2/3.3/andromda-repository-emf-uml2-3.3.jar!/META-INF/emf/modules/Ecore.profile.uml2'
2010-12-27 10:44:18,650 INFO  [AndroMDA] referenced model --> 'jar:file:/C:/Users/Selerda/.m2/repository/org/andromda/repositories/andromda-repository-emf-uml2/3.3/andromda-repository-emf-uml2-3.3.jar!/META-INF/emf/modules/Complete.profile.uml2'
2010-12-27 10:44:19,074 INFO  [AndroMDA] - loading complete: 1.53[s] -
2010-12-27 10:44:19,074 INFO  [AndroMDA] - validating model -
2010-12-27 10:44:33,821 INFO  [AndroMDA] - validation complete: 14.747[s] -
2010-12-27 10:44:34,062 INFO  [AndroMDA:spring] Output: 'file:/D:/myeclipse/workspace/appstore/mda/../core/target/src/cn/edu/uestc/appstore/ServiceLocator.java'
2010-12-27 10:44:34,110 INFO  [AndroMDA:spring] Output: 'file:/D:/myeclipse/workspace/appstore/mda/../common/target/src/cn/edu/uestc/appstore/service/UserService.java'
2010-12-27 10:44:34,194 INFO  [AndroMDA:spring] Output: 'file:/D:/myeclipse/workspace/appstore/mda/../core/target/src/cn/edu/uestc/appstore/service/UserServiceBase.java'
2010-12-27 10:44:34,207 INFO  [AndroMDA:spring] Output: 'file:/D:/myeclipse/workspace/appstore/mda/../core/target/src/cn/edu/uestc/appstore/PrincipalStore.java'
2010-12-27 10:44:34,239 INFO  [AndroMDA:spring] Output: 'file:/D:/myeclipse/workspace/appstore/mda/../common/target/src/cn/edu/uestc/appstore/service/UserServiceException.java'
2010-12-27 10:44:34,420 INFO  [AndroMDA:spring] Output: 'file:/D:/myeclipse/workspace/appstore/mda/../core/target/src/cn/edu/uestc/appstore/domain/UserDao.java'
2010-12-27 10:44:34,444 INFO  [AndroMDA:spring] Output: 'file:/D:/myeclipse/workspace/appstore/mda/../core/target/src/cn/edu/uestc/appstore/domain/RoleDao.java'
2010-12-27 10:44:34,556 INFO  [AndroMDA:spring] Output: 'file:/D:/myeclipse/workspace/appstore/mda/../core/target/src/cn/edu/uestc/appstore/domain/ConsumerDao.java'
2010-12-27 10:44:34,681 INFO  [AndroMDA:spring] Output: 'file:/D:/myeclipse/workspace/appstore/mda/../core/target/src/cn/edu/uestc/appstore/domain/PersonServProvDao.java'
2010-12-27 10:44:34,850 INFO  [AndroMDA:spring] Output: 'file:/D:/myeclipse/workspace/appstore/mda/../core/target/src/cn/edu/uestc/appstore/domain/EntServProvDao.java'
2010-12-27 10:44:34,901 INFO  [AndroMDA:spring] Output: 'file:/D:/myeclipse/workspace/appstore/mda/../core/target/src/cn/edu/uestc/appstore/domain/CreditDegreeDao.java'
2010-12-27 10:44:34,924 INFO  [AndroMDA:spring] Output: 'file:/D:/myeclipse/workspace/appstore/mda/../core/target/src/cn/edu/uestc/appstore/domain/FavoriteDao.java'
2010-12-27 10:44:34,949 INFO  [AndroMDA:spring] Output: 'file:/D:/myeclipse/workspace/appstore/mda/../core/target/src/cn/edu/uestc/appstore/domain/VocationDao.java'
2010-12-27 10:44:34,988 INFO  [AndroMDA:spring] Output: 'file:/D:/myeclipse/workspace/appstore/mda/../core/target/src/cn/edu/uestc/appstore/domain/UserStateDao.java'
2010-12-27 10:44:35,031 INFO  [AndroMDA:spring] Output: 'file:/D:/myeclipse/workspace/appstore/mda/../core/target/src/cn/edu/uestc/appstore/domain/CityDao.java'
2010-12-27 10:44:35,177 INFO  [AndroMDA:spring] Output: 'file:/D:/myeclipse/workspace/appstore/mda/../core/target/src/cn/edu/uestc/appstore/domain/ResouceDao.java'
2010-12-27 10:44:35,316 INFO  [AndroMDA:spring] Output: 'file:/D:/myeclipse/workspace/appstore/mda/../core/target/src/cn/edu/uestc/appstore/domain/CommodityDao.java'
2010-12-27 10:44:35,343 INFO  [AndroMDA:spring] Output: 'file:/D:/myeclipse/workspace/appstore/mda/../core/target/src/cn/edu/uestc/appstore/domain/ComFirstCategoryDao.java'
2010-12-27 10:44:35,369 INFO  [AndroMDA:spring] Output: 'file:/D:/myeclipse/workspace/appstore/mda/../core/target/src/cn/edu/uestc/appstore/domain/ComSecondCategoryDao.java'
2010-12-27 10:44:35,419 INFO  [AndroMDA:spring] Output: 'file:/D:/myeclipse/workspace/appstore/mda/../core/target/src/cn/edu/uestc/appstore/domain/ComQuestionDao.java'
2010-12-27 10:44:35,459 INFO  [AndroMDA:spring] Output: 'file:/D:/myeclipse/workspace/appstore/mda/../core/target/src/cn/edu/uestc/appstore/domain/ComEvaluationDao.java'
2010-12-27 10:44:35,488 INFO  [AndroMDA:spring] Output: 'file:/D:/myeclipse/workspace/appstore/mda/../core/target/src/cn/edu/uestc/appstore/domain/ComDegreeDao.java'
2010-12-27 10:44:35,518 INFO  [AndroMDA:spring] Output: 'file:/D:/myeclipse/workspace/appstore/mda/../core/target/src/cn/edu/uestc/appstore/domain/ComDownloadDao.java'
2010-12-27 10:44:35,542 INFO  [AndroMDA:spring] Output: 'file:/D:/myeclipse/workspace/appstore/mda/../core/target/src/cn/edu/uestc/appstore/domain/ResouceStateDao.java'
2010-12-27 10:44:35,585 INFO  [AndroMDA:spring] Output: 'file:/D:/myeclipse/workspace/appstore/mda/../core/target/src/cn/edu/uestc/appstore/domain/ResoucePictureDao.java'
2010-12-27 10:44:35,649 INFO  [AndroMDA:spring] Output: 'file:/D:/myeclipse/workspace/appstore/mda/../core/target/src/cn/edu/uestc/appstore/domain/ResouceTestDao.java'
2010-12-27 10:44:35,683 INFO  [AndroMDA:spring] Output: 'file:/D:/myeclipse/workspace/appstore/mda/../core/target/src/cn/edu/uestc/appstore/domain/ResouceAuditDao.java'
2010-12-27 10:44:35,704 INFO  [AndroMDA:spring] Output: 'file:/D:/myeclipse/workspace/appstore/mda/../core/target/src/cn/edu/uestc/appstore/domain/RunEnvironmentDao.java'
2010-12-27 10:44:35,783 INFO  [AndroMDA:spring] Output: 'file:/D:/myeclipse/workspace/appstore/mda/../core/target/src/cn/edu/uestc/appstore/domain/ComOrderDao.java'
2010-12-27 10:44:35,822 INFO  [AndroMDA:spring] Output: 'file:/D:/myeclipse/workspace/appstore/mda/../core/target/src/cn/edu/uestc/appstore/domain/ComOrderItemDao.java'
2010-12-27 10:44:36,124 INFO  [AndroMDA:spring] Output: 'file:/D:/myeclipse/workspace/appstore/mda/../core/target/src/cn/edu/uestc/appstore/domain/UserDaoBase.java'
2010-12-27 10:44:36,153 INFO  [AndroMDA:spring] Output: 'file:/D:/myeclipse/workspace/appstore/mda/../core/target/src/cn/edu/uestc/appstore/domain/RoleDaoBase.java'
2010-12-27 10:44:36,391 INFO  [AndroMDA:spring] Output: 'file:/D:/myeclipse/workspace/appstore/mda/../core/target/src/cn/edu/uestc/appstore/domain/ConsumerDaoBase.java'
2010-12-27 10:44:36,620 INFO  [AndroMDA:spring] Output: 'file:/D:/myeclipse/workspace/appstore/mda/../core/target/src/cn/edu/uestc/appstore/domain/PersonServProvDaoBase.java'
2010-12-27 10:44:36,924 INFO  [AndroMDA:spring] Output: 'file:/D:/myeclipse/workspace/appstore/mda/../core/target/src/cn/edu/uestc/appstore/domain/EntServProvDaoBase.java'
2010-12-27 10:44:37,036 INFO  [AndroMDA:spring] Output: 'file:/D:/myeclipse/workspace/appstore/mda/../core/target/src/cn/edu/uestc/appstore/domain/CreditDegreeDaoBase.java'
2010-12-27 10:44:37,074 INFO  [AndroMDA:spring] Output: 'file:/D:/myeclipse/workspace/appstore/mda/../core/target/src/cn/edu/uestc/appstore/domain/FavoriteDaoBase.java'
2010-12-27 10:44:37,112 INFO  [AndroMDA:spring] Output: 'file:/D:/myeclipse/workspace/appstore/mda/../core/target/src/cn/edu/uestc/appstore/domain/VocationDaoBase.java'
2010-12-27 10:44:37,159 INFO  [AndroMDA:spring] Output: 'file:/D:/myeclipse/workspace/appstore/mda/../core/target/src/cn/edu/uestc/appstore/domain/UserStateDaoBase.java'
2010-12-27 10:44:37,217 INFO  [AndroMDA:spring] Output: 'file:/D:/myeclipse/workspace/appstore/mda/../core/target/src/cn/edu/uestc/appstore/domain/CityDaoBase.java'
2010-12-27 10:44:37,516 INFO  [AndroMDA:spring] Output: 'file:/D:/myeclipse/workspace/appstore/mda/../core/target/src/cn/edu/uestc/appstore/domain/ResouceDaoBase.java'
2010-12-27 10:44:37,793 INFO  [AndroMDA:spring] Output: 'file:/D:/myeclipse/workspace/appstore/mda/../core/target/src/cn/edu/uestc/appstore/domain/CommodityDaoBase.java'
2010-12-27 10:44:37,828 INFO  [AndroMDA:spring] Output: 'file:/D:/myeclipse/workspace/appstore/mda/../core/target/src/cn/edu/uestc/appstore/domain/ComFirstCategoryDaoBase.java'
2010-12-27 10:44:37,866 INFO  [AndroMDA:spring] Output: 'file:/D:/myeclipse/workspace/appstore/mda/../core/target/src/cn/edu/uestc/appstore/domain/ComSecondCategoryDaoBase.java'
2010-12-27 10:44:37,991 INFO  [AndroMDA:spring] Output: 'file:/D:/myeclipse/workspace/appstore/mda/../core/target/src/cn/edu/uestc/appstore/domain/ComQuestionDaoBase.java'
2010-12-27 10:44:38,073 INFO  [AndroMDA:spring] Output: 'file:/D:/myeclipse/workspace/appstore/mda/../core/target/src/cn/edu/uestc/appstore/domain/ComEvaluationDaoBase.java'
2010-12-27 10:44:38,119 INFO  [AndroMDA:spring] Output: 'file:/D:/myeclipse/workspace/appstore/mda/../core/target/src/cn/edu/uestc/appstore/domain/ComDegreeDaoBase.java'
2010-12-27 10:44:38,187 INFO  [AndroMDA:spring] Output: 'file:/D:/myeclipse/workspace/appstore/mda/../core/target/src/cn/edu/uestc/appstore/domain/ComDownloadDaoBase.java'
2010-12-27 10:44:38,231 INFO  [AndroMDA:spring] Output: 'file:/D:/myeclipse/workspace/appstore/mda/../core/target/src/cn/edu/uestc/appstore/domain/ResouceStateDaoBase.java'
2010-12-27 10:44:38,311 INFO  [AndroMDA:spring] Output: 'file:/D:/myeclipse/workspace/appstore/mda/../core/target/src/cn/edu/uestc/appstore/domain/ResoucePictureDaoBase.java'
2010-12-27 10:44:38,422 INFO  [AndroMDA:spring] Output: 'file:/D:/myeclipse/workspace/appstore/mda/../core/target/src/cn/edu/uestc/appstore/domain/ResouceTestDaoBase.java'
2010-12-27 10:44:38,487 INFO  [AndroMDA:spring] Output: 'file:/D:/myeclipse/workspace/appstore/mda/../core/target/src/cn/edu/uestc/appstore/domain/ResouceAuditDaoBase.java'
2010-12-27 10:44:38,518 INFO  [AndroMDA:spring] Output: 'file:/D:/myeclipse/workspace/appstore/mda/../core/target/src/cn/edu/uestc/appstore/domain/RunEnvironmentDaoBase.java'
2010-12-27 10:44:38,663 INFO  [AndroMDA:spring] Output: 'file:/D:/myeclipse/workspace/appstore/mda/../core/target/src/cn/edu/uestc/appstore/domain/ComOrderDaoBase.java'
2010-12-27 10:44:38,741 INFO  [AndroMDA:spring] Output: 'file:/D:/myeclipse/workspace/appstore/mda/../core/target/src/cn/edu/uestc/appstore/domain/ComOrderItemDaoBase.java'
2010-12-27 10:44:38,751 INFO  [AndroMDA:spring] Output: 'file:/D:/myeclipse/workspace/appstore/mda/../core/target/src/cn/edu/uestc/appstore/domain/RoleDaoImpl.java'
2010-12-27 10:44:38,753 INFO  [AndroMDA:spring] Output: 'file:/D:/myeclipse/workspace/appstore/mda/../core/target/src/cn/edu/uestc/appstore/domain/ConsumerDaoImpl.java'
2010-12-27 10:44:38,754 INFO  [AndroMDA:spring] Output: 'file:/D:/myeclipse/workspace/appstore/mda/../core/target/src/cn/edu/uestc/appstore/domain/PersonServProvDaoImpl.java'
2010-12-27 10:44:38,756 INFO  [AndroMDA:spring] Output: 'file:/D:/myeclipse/workspace/appstore/mda/../core/target/src/cn/edu/uestc/appstore/domain/EntServProvDaoImpl.java'
2010-12-27 10:44:38,757 INFO  [AndroMDA:spring] Output: 'file:/D:/myeclipse/workspace/appstore/mda/../core/target/src/cn/edu/uestc/appstore/domain/CreditDegreeDaoImpl.java'
2010-12-27 10:44:38,758 INFO  [AndroMDA:spring] Output: 'file:/D:/myeclipse/workspace/appstore/mda/../core/target/src/cn/edu/uestc/appstore/domain/FavoriteDaoImpl.java'
2010-12-27 10:44:38,759 INFO  [AndroMDA:spring] Output: 'file:/D:/myeclipse/workspace/appstore/mda/../core/target/src/cn/edu/uestc/appstore/domain/VocationDaoImpl.java'
2010-12-27 10:44:38,761 INFO  [AndroMDA:spring] Output: 'file:/D:/myeclipse/workspace/appstore/mda/../core/target/src/cn/edu/uestc/appstore/domain/UserStateDaoImpl.java'
2010-12-27 10:44:38,762 INFO  [AndroMDA:spring] Output: 'file:/D:/myeclipse/workspace/appstore/mda/../core/target/src/cn/edu/uestc/appstore/domain/CityDaoImpl.java'
2010-12-27 10:44:38,765 INFO  [AndroMDA:spring] Output: 'file:/D:/myeclipse/workspace/appstore/mda/../core/target/src/cn/edu/uestc/appstore/domain/ResouceDaoImpl.java'
2010-12-27 10:44:38,766 INFO  [AndroMDA:spring] Output: 'file:/D:/myeclipse/workspace/appstore/mda/../core/target/src/cn/edu/uestc/appstore/domain/CommodityDaoImpl.java'
2010-12-27 10:44:38,768 INFO  [AndroMDA:spring] Output: 'file:/D:/myeclipse/workspace/appstore/mda/../core/target/src/cn/edu/uestc/appstore/domain/ComFirstCategoryDaoImpl.java'
2010-12-27 10:44:38,769 INFO  [AndroMDA:spring] Output: 'file:/D:/myeclipse/workspace/appstore/mda/../core/target/src/cn/edu/uestc/appstore/domain/ComSecondCategoryDaoImpl.java'
2010-12-27 10:44:38,772 INFO  [AndroMDA:spring] Output: 'file:/D:/myeclipse/workspace/appstore/mda/../core/target/src/cn/edu/uestc/appstore/domain/ComQuestionDaoImpl.java'
2010-12-27 10:44:38,773 INFO  [AndroMDA:spring] Output: 'file:/D:/myeclipse/workspace/appstore/mda/../core/target/src/cn/edu/uestc/appstore/domain/ComEvaluationDaoImpl.java'
2010-12-27 10:44:38,775 INFO  [AndroMDA:spring] Output: 'file:/D:/myeclipse/workspace/appstore/mda/../core/target/src/cn/edu/uestc/appstore/domain/ComDegreeDaoImpl.java'
2010-12-27 10:44:38,777 INFO  [AndroMDA:spring] Output: 'file:/D:/myeclipse/workspace/appstore/mda/../core/target/src/cn/edu/uestc/appstore/domain/ComDownloadDaoImpl.java'
2010-12-27 10:44:38,778 INFO  [AndroMDA:spring] Output: 'file:/D:/myeclipse/workspace/appstore/mda/../core/target/src/cn/edu/uestc/appstore/domain/ResouceStateDaoImpl.java'
2010-12-27 10:44:38,781 INFO  [AndroMDA:spring] Output: 'file:/D:/myeclipse/workspace/appstore/mda/../core/target/src/cn/edu/uestc/appstore/domain/ResoucePictureDaoImpl.java'
2010-12-27 10:44:38,782 INFO  [AndroMDA:spring] Output: 'file:/D:/myeclipse/workspace/appstore/mda/../core/target/src/cn/edu/uestc/appstore/domain/ResouceTestDaoImpl.java'
2010-12-27 10:44:38,784 INFO  [AndroMDA:spring] Output: 'file:/D:/myeclipse/workspace/appstore/mda/../core/target/src/cn/edu/uestc/appstore/domain/ResouceAuditDaoImpl.java'
2010-12-27 10:44:38,785 INFO  [AndroMDA:spring] Output: 'file:/D:/myeclipse/workspace/appstore/mda/../core/target/src/cn/edu/uestc/appstore/domain/RunEnvironmentDaoImpl.java'
2010-12-27 10:44:38,786 INFO  [AndroMDA:spring] Output: 'file:/D:/myeclipse/workspace/appstore/mda/../core/target/src/cn/edu/uestc/appstore/domain/ComOrderDaoImpl.java'
2010-12-27 10:44:38,787 INFO  [AndroMDA:spring] Output: 'file:/D:/myeclipse/workspace/appstore/mda/../core/target/src/cn/edu/uestc/appstore/domain/ComOrderItemDaoImpl.java'
2010-12-27 10:44:38,898 INFO  [AndroMDA:spring] Output: 'file:/D:/myeclipse/workspace/appstore/mda/../core/target/src/applicationContext.xml'
2010-12-27 10:44:38,906 INFO  [AndroMDA:spring] Output: 'file:/D:/myeclipse/workspace/appstore/mda/../core/target/src/applicationContext-dataSource.xml'
2010-12-27 10:44:38,913 INFO  [AndroMDA:spring] Output: 'file:/D:/myeclipse/workspace/appstore/mda/../core/target/src/applicationContext-localDataSource.xml'
2010-12-27 10:44:38,986 INFO  [AndroMDA:spring] Output: 'file:/D:/myeclipse/workspace/appstore/mda/../core/target/src/beanRefFactory.xml'
2010-12-27 10:44:39,005 INFO  [AndroMDA:spring] Output: 'file:/D:/myeclipse/workspace/appstore/mda/../core/target/src/cn/edu/uestc/appstore/SearchParameter.java'
2010-12-27 10:44:39,014 INFO  [AndroMDA:spring] Output: 'file:/D:/myeclipse/workspace/appstore/mda/../core/target/src/cn/edu/uestc/appstore/Search.java'
2010-12-27 10:44:39,021 INFO  [AndroMDA:spring] Output: 'file:/D:/myeclipse/workspace/appstore/mda/../core/target/src/cn/edu/uestc/appstore/PropertySearch.java'
2010-12-27 10:44:39,023 INFO  [AndroMDA:spring] Output: 'file:/D:/myeclipse/workspace/appstore/mda/../common/target/src/cn/edu/uestc/appstore/PaginationResult.java'
2010-12-27 10:44:39,032 INFO  [AndroMDA:spring] Output: 'file:/D:/myeclipse/workspace/appstore/mda/../core/target/src/cn/edu/uestc/appstore/CriteriaSearch.java'
2010-12-27 10:44:40,005 INFO  [AndroMDA:spring] Output: 'file:/D:/myeclipse/workspace/appstore/mda/../core/target/src/cn/edu/uestc/appstore/CriteriaSearchProperties.java'
2010-12-27 10:44:40,005 INFO  [AndroMDA:spring] Output: 'file:/D:/myeclipse/workspace/appstore/mda/../core/target/src/cn/edu/uestc/appstore/CriteriaSearchConfiguration.java'
2010-12-27 10:44:40,015 INFO  [AndroMDA:spring] Output: 'file:/D:/myeclipse/workspace/appstore/mda/../core/target/src/cn/edu/uestc/appstore/CriteriaSearchParameter.java'
2010-12-27 10:44:40,026 INFO  [AndroMDA:spring] Output: 'file:/D:/myeclipse/workspace/appstore/mda/../core/target/src/cn/edu/uestc/appstore/BeanLocator.java'
2010-12-27 10:44:41,241 INFO  [AndroMDA:hibernate] Output: 'file:/D:/myeclipse/workspace/appstore/mda/../core/target/src/cn/edu/uestc/appstore/domain/User.hbm.xml'
2010-12-27 10:44:41,324 INFO  [AndroMDA:hibernate] Output: 'file:/D:/myeclipse/workspace/appstore/mda/../core/target/src/cn/edu/uestc/appstore/domain/Role.hbm.xml'
2010-12-27 10:44:41,728 INFO  [AndroMDA:hibernate] Output: 'file:/D:/myeclipse/workspace/appstore/mda/../core/target/src/cn/edu/uestc/appstore/domain/Consumer.hbm.xml'
2010-12-27 10:44:41,970 INFO  [AndroMDA:hibernate] Output: 'file:/D:/myeclipse/workspace/appstore/mda/../core/target/src/cn/edu/uestc/appstore/domain/PersonServProv.hbm.xml'
2010-12-27 10:44:42,240 INFO  [AndroMDA:hibernate] Output: 'file:/D:/myeclipse/workspace/appstore/mda/../core/target/src/cn/edu/uestc/appstore/domain/EntServProv.hbm.xml'
2010-12-27 10:44:42,377 INFO  [AndroMDA:hibernate] Output: 'file:/D:/myeclipse/workspace/appstore/mda/../core/target/src/cn/edu/uestc/appstore/domain/CreditDegree.hbm.xml'
2010-12-27 10:44:42,451 INFO  [AndroMDA:hibernate] Output: 'file:/D:/myeclipse/workspace/appstore/mda/../core/target/src/cn/edu/uestc/appstore/domain/Favorite.hbm.xml'
2010-12-27 10:44:42,501 INFO  [AndroMDA:hibernate] Output: 'file:/D:/myeclipse/workspace/appstore/mda/../core/target/src/cn/edu/uestc/appstore/domain/Vocation.hbm.xml'
2010-12-27 10:44:42,616 INFO  [AndroMDA:hibernate] Output: 'file:/D:/myeclipse/workspace/appstore/mda/../core/target/src/cn/edu/uestc/appstore/domain/UserState.hbm.xml'
2010-12-27 10:44:42,727 INFO  [AndroMDA:hibernate] Output: 'file:/D:/myeclipse/workspace/appstore/mda/../core/target/src/cn/edu/uestc/appstore/domain/City.hbm.xml'
2010-12-27 10:44:43,157 INFO  [AndroMDA:hibernate] Output: 'file:/D:/myeclipse/workspace/appstore/mda/../core/target/src/cn/edu/uestc/appstore/domain/Resouce.hbm.xml'
2010-12-27 10:44:43,517 INFO  [AndroMDA:hibernate] Output: 'file:/D:/myeclipse/workspace/appstore/mda/../core/target/src/cn/edu/uestc/appstore/domain/Commodity.hbm.xml'
2010-12-27 10:44:43,599 INFO  [AndroMDA:hibernate] Output: 'file:/D:/myeclipse/workspace/appstore/mda/../core/target/src/cn/edu/uestc/appstore/domain/ComFirstCategory.hbm.xml'
2010-12-27 10:44:43,682 INFO  [AndroMDA:hibernate] Output: 'file:/D:/myeclipse/workspace/appstore/mda/../core/target/src/cn/edu/uestc/appstore/domain/ComSecondCategory.hbm.xml'
2010-12-27 10:44:43,880 INFO  [AndroMDA:hibernate] Output: 'file:/D:/myeclipse/workspace/appstore/mda/../core/target/src/cn/edu/uestc/appstore/domain/ComQuestion.hbm.xml'
2010-12-27 10:44:44,024 INFO  [AndroMDA:hibernate] Output: 'file:/D:/myeclipse/workspace/appstore/mda/../core/target/src/cn/edu/uestc/appstore/domain/ComEvaluation.hbm.xml'
2010-12-27 10:44:44,084 INFO  [AndroMDA:hibernate] Output: 'file:/D:/myeclipse/workspace/appstore/mda/../core/target/src/cn/edu/uestc/appstore/domain/ComDegree.hbm.xml'
2010-12-27 10:44:44,201 INFO  [AndroMDA:hibernate] Output: 'file:/D:/myeclipse/workspace/appstore/mda/../core/target/src/cn/edu/uestc/appstore/domain/ComDownload.hbm.xml'
2010-12-27 10:44:44,249 INFO  [AndroMDA:hibernate] Output: 'file:/D:/myeclipse/workspace/appstore/mda/../core/target/src/cn/edu/uestc/appstore/domain/ResouceState.hbm.xml'
2010-12-27 10:44:44,338 INFO  [AndroMDA:hibernate] Output: 'file:/D:/myeclipse/workspace/appstore/mda/../core/target/src/cn/edu/uestc/appstore/domain/ResoucePicture.hbm.xml'
2010-12-27 10:44:44,426 INFO  [AndroMDA:hibernate] Output: 'file:/D:/myeclipse/workspace/appstore/mda/../core/target/src/cn/edu/uestc/appstore/domain/ResouceTest.hbm.xml'
2010-12-27 10:44:44,505 INFO  [AndroMDA:hibernate] Output: 'file:/D:/myeclipse/workspace/appstore/mda/../core/target/src/cn/edu/uestc/appstore/domain/ResouceAudit.hbm.xml'
2010-12-27 10:44:44,537 INFO  [AndroMDA:hibernate] Output: 'file:/D:/myeclipse/workspace/appstore/mda/../core/target/src/cn/edu/uestc/appstore/domain/RunEnvironment.hbm.xml'
2010-12-27 10:44:44,663 INFO  [AndroMDA:hibernate] Output: 'file:/D:/myeclipse/workspace/appstore/mda/../core/target/src/cn/edu/uestc/appstore/domain/ComOrder.hbm.xml'
2010-12-27 10:44:44,761 INFO  [AndroMDA:hibernate] Output: 'file:/D:/myeclipse/workspace/appstore/mda/../core/target/src/cn/edu/uestc/appstore/domain/ComOrderItem.hbm.xml'
2010-12-27 10:44:45,523 INFO  [AndroMDA:hibernate] Output: 'file:/D:/myeclipse/workspace/appstore/mda/../core/target/src/cn/edu/uestc/appstore/domain/User.java'
2010-12-27 10:44:45,638 INFO  [AndroMDA:hibernate] Output: 'file:/D:/myeclipse/workspace/appstore/mda/../core/target/src/cn/edu/uestc/appstore/domain/Role.java'
2010-12-27 10:44:47,211 INFO  [AndroMDA:hibernate] Output: 'file:/D:/myeclipse/workspace/appstore/mda/../core/target/src/cn/edu/uestc/appstore/domain/Consumer.java'
2010-12-27 10:44:48,319 INFO  [AndroMDA:hibernate] Output: 'file:/D:/myeclipse/workspace/appstore/mda/../core/target/src/cn/edu/uestc/appstore/domain/PersonServProv.java'
2010-12-27 10:44:49,971 INFO  [AndroMDA:hibernate] Output: 'file:/D:/myeclipse/workspace/appstore/mda/../core/target/src/cn/edu/uestc/appstore/domain/EntServProv.java'
2010-12-27 10:44:50,372 INFO  [AndroMDA:hibernate] Output: 'file:/D:/myeclipse/workspace/appstore/mda/../core/target/src/cn/edu/uestc/appstore/domain/CreditDegree.java'
2010-12-27 10:44:50,433 INFO  [AndroMDA:hibernate] Output: 'file:/D:/myeclipse/workspace/appstore/mda/../core/target/src/cn/edu/uestc/appstore/domain/Favorite.java'
2010-12-27 10:44:50,519 INFO  [AndroMDA:hibernate] Output: 'file:/D:/myeclipse/workspace/appstore/mda/../core/target/src/cn/edu/uestc/appstore/domain/Vocation.java'
2010-12-27 10:44:50,765 INFO  [AndroMDA:hibernate] Output: 'file:/D:/myeclipse/workspace/appstore/mda/../core/target/src/cn/edu/uestc/appstore/domain/UserState.java'
2010-12-27 10:44:51,068 INFO  [AndroMDA:hibernate] Output: 'file:/D:/myeclipse/workspace/appstore/mda/../core/target/src/cn/edu/uestc/appstore/domain/City.java'
2010-12-27 10:44:53,344 INFO  [AndroMDA:hibernate] Output: 'file:/D:/myeclipse/workspace/appstore/mda/../core/target/src/cn/edu/uestc/appstore/domain/Resouce.java'
2010-12-27 10:44:55,222 INFO  [AndroMDA:hibernate] Output: 'file:/D:/myeclipse/workspace/appstore/mda/../core/target/src/cn/edu/uestc/appstore/domain/Commodity.java'
2010-12-27 10:44:55,367 INFO  [AndroMDA:hibernate] Output: 'file:/D:/myeclipse/workspace/appstore/mda/../core/target/src/cn/edu/uestc/appstore/domain/ComFirstCategory.java'
2010-12-27 10:44:55,510 INFO  [AndroMDA:hibernate] Output: 'file:/D:/myeclipse/workspace/appstore/mda/../core/target/src/cn/edu/uestc/appstore/domain/ComSecondCategory.java'
2010-12-27 10:44:55,912 INFO  [AndroMDA:hibernate] Output: 'file:/D:/myeclipse/workspace/appstore/mda/../core/target/src/cn/edu/uestc/appstore/domain/ComQuestion.java'
2010-12-27 10:44:56,096 INFO  [AndroMDA:hibernate] Output: 'file:/D:/myeclipse/workspace/appstore/mda/../core/target/src/cn/edu/uestc/appstore/domain/ComEvaluation.java'
2010-12-27 10:44:56,199 INFO  [AndroMDA:hibernate] Output: 'file:/D:/myeclipse/workspace/appstore/mda/../core/target/src/cn/edu/uestc/appstore/domain/ComDegree.java'
2010-12-27 10:44:56,351 INFO  [AndroMDA:hibernate] Output: 'file:/D:/myeclipse/workspace/appstore/mda/../core/target/src/cn/edu/uestc/appstore/domain/ComDownload.java'
2010-12-27 10:44:56,434 INFO  [AndroMDA:hibernate] Output: 'file:/D:/myeclipse/workspace/appstore/mda/../core/target/src/cn/edu/uestc/appstore/domain/ResouceState.java'
2010-12-27 10:44:56,567 INFO  [AndroMDA:hibernate] Output: 'file:/D:/myeclipse/workspace/appstore/mda/../core/target/src/cn/edu/uestc/appstore/domain/ResoucePicture.java'
2010-12-27 10:44:56,770 INFO  [AndroMDA:hibernate] Output: 'file:/D:/myeclipse/workspace/appstore/mda/../core/target/src/cn/edu/uestc/appstore/domain/ResouceTest.java'
2010-12-27 10:44:56,872 INFO  [AndroMDA:hibernate] Output: 'file:/D:/myeclipse/workspace/appstore/mda/../core/target/src/cn/edu/uestc/appstore/domain/ResouceAudit.java'
2010-12-27 10:44:56,902 INFO  [AndroMDA:hibernate] Output: 'file:/D:/myeclipse/workspace/appstore/mda/../core/target/src/cn/edu/uestc/appstore/domain/RunEnvironment.java'
2010-12-27 10:44:57,315 INFO  [AndroMDA:hibernate] Output: 'file:/D:/myeclipse/workspace/appstore/mda/../core/target/src/cn/edu/uestc/appstore/domain/ComOrder.java'
2010-12-27 10:44:57,499 INFO  [AndroMDA:hibernate] Output: 'file:/D:/myeclipse/workspace/appstore/mda/../core/target/src/cn/edu/uestc/appstore/domain/ComOrderItem.java'
2010-12-27 10:44:57,505 INFO  [AndroMDA:hibernate] Output: 'file:/D:/myeclipse/workspace/appstore/mda/../core/target/src/cn/edu/uestc/appstore/domain/UserImpl.java'
2010-12-27 10:44:57,505 INFO  [AndroMDA:hibernate] Output: 'file:/D:/myeclipse/workspace/appstore/mda/../core/target/src/cn/edu/uestc/appstore/domain/RoleImpl.java'
2010-12-27 10:44:57,506 INFO  [AndroMDA:hibernate] Output: 'file:/D:/myeclipse/workspace/appstore/mda/../core/target/src/cn/edu/uestc/appstore/domain/ConsumerImpl.java'
2010-12-27 10:44:57,507 INFO  [AndroMDA:hibernate] Output: 'file:/D:/myeclipse/workspace/appstore/mda/../core/target/src/cn/edu/uestc/appstore/domain/PersonServProvImpl.java'
2010-12-27 10:44:57,508 INFO  [AndroMDA:hibernate] Output: 'file:/D:/myeclipse/workspace/appstore/mda/../core/target/src/cn/edu/uestc/appstore/domain/EntServProvImpl.java'
2010-12-27 10:44:57,509 INFO  [AndroMDA:hibernate] Output: 'file:/D:/myeclipse/workspace/appstore/mda/../core/target/src/cn/edu/uestc/appstore/domain/CreditDegreeImpl.java'
2010-12-27 10:44:57,509 INFO  [AndroMDA:hibernate] Output: 'file:/D:/myeclipse/workspace/appstore/mda/../core/target/src/cn/edu/uestc/appstore/domain/FavoriteImpl.java'
2010-12-27 10:44:57,511 INFO  [AndroMDA:hibernate] Output: 'file:/D:/myeclipse/workspace/appstore/mda/../core/target/src/cn/edu/uestc/appstore/domain/VocationImpl.java'
2010-12-27 10:44:57,511 INFO  [AndroMDA:hibernate] Output: 'file:/D:/myeclipse/workspace/appstore/mda/../core/target/src/cn/edu/uestc/appstore/domain/UserStateImpl.java'
2010-12-27 10:44:57,513 INFO  [AndroMDA:hibernate] Output: 'file:/D:/myeclipse/workspace/appstore/mda/../core/target/src/cn/edu/uestc/appstore/domain/CityImpl.java'
2010-12-27 10:44:57,514 INFO  [AndroMDA:hibernate] Output: 'file:/D:/myeclipse/workspace/appstore/mda/../core/target/src/cn/edu/uestc/appstore/domain/ResouceImpl.java'
2010-12-27 10:44:57,515 INFO  [AndroMDA:hibernate] Output: 'file:/D:/myeclipse/workspace/appstore/mda/../core/target/src/cn/edu/uestc/appstore/domain/CommodityImpl.java'
2010-12-27 10:44:57,516 INFO  [AndroMDA:hibernate] Output: 'file:/D:/myeclipse/workspace/appstore/mda/../core/target/src/cn/edu/uestc/appstore/domain/ComFirstCategoryImpl.java'
2010-12-27 10:44:57,517 INFO  [AndroMDA:hibernate] Output: 'file:/D:/myeclipse/workspace/appstore/mda/../core/target/src/cn/edu/uestc/appstore/domain/ComSecondCategoryImpl.java'
2010-12-27 10:44:57,517 INFO  [AndroMDA:hibernate] Output: 'file:/D:/myeclipse/workspace/appstore/mda/../core/target/src/cn/edu/uestc/appstore/domain/ComQuestionImpl.java'
2010-12-27 10:44:57,519 INFO  [AndroMDA:hibernate] Output: 'file:/D:/myeclipse/workspace/appstore/mda/../core/target/src/cn/edu/uestc/appstore/domain/ComEvaluationImpl.java'
2010-12-27 10:44:57,519 INFO  [AndroMDA:hibernate] Output: 'file:/D:/myeclipse/workspace/appstore/mda/../core/target/src/cn/edu/uestc/appstore/domain/ComDegreeImpl.java'
2010-12-27 10:44:57,520 INFO  [AndroMDA:hibernate] Output: 'file:/D:/myeclipse/workspace/appstore/mda/../core/target/src/cn/edu/uestc/appstore/domain/ComDownloadImpl.java'
2010-12-27 10:44:57,521 INFO  [AndroMDA:hibernate] Output: 'file:/D:/myeclipse/workspace/appstore/mda/../core/target/src/cn/edu/uestc/appstore/domain/ResouceStateImpl.java'
2010-12-27 10:44:57,522 INFO  [AndroMDA:hibernate] Output: 'file:/D:/myeclipse/workspace/appstore/mda/../core/target/src/cn/edu/uestc/appstore/domain/ResoucePictureImpl.java'
2010-12-27 10:44:57,523 INFO  [AndroMDA:hibernate] Output: 'file:/D:/myeclipse/workspace/appstore/mda/../core/target/src/cn/edu/uestc/appstore/domain/ResouceTestImpl.java'
2010-12-27 10:44:57,524 INFO  [AndroMDA:hibernate] Output: 'file:/D:/myeclipse/workspace/appstore/mda/../core/target/src/cn/edu/uestc/appstore/domain/ResouceAuditImpl.java'
2010-12-27 10:44:57,524 INFO  [AndroMDA:hibernate] Output: 'file:/D:/myeclipse/workspace/appstore/mda/../core/target/src/cn/edu/uestc/appstore/domain/RunEnvironmentImpl.java'
2010-12-27 10:44:57,525 INFO  [AndroMDA:hibernate] Output: 'file:/D:/myeclipse/workspace/appstore/mda/../core/target/src/cn/edu/uestc/appstore/domain/ComOrderImpl.java'
2010-12-27 10:44:57,526 INFO  [AndroMDA:hibernate] Output: 'file:/D:/myeclipse/workspace/appstore/mda/../core/target/src/cn/edu/uestc/appstore/domain/ComOrderItemImpl.java'
2010-12-27 10:44:57,531 INFO  [AndroMDA:hibernate] Output: 'file:/D:/myeclipse/workspace/appstore/mda/../core/target/src/org/andromda/persistence/hibernate/usertypes/HibernateByteBlobType.java'
2010-12-27 10:44:57,533 INFO  [AndroMDA:hibernate] Output: 'file:/D:/myeclipse/workspace/appstore/mda/../core/target/src/org/andromda/persistence/hibernate/usertypes/HibernateStringClobType.java'
2010-12-27 10:44:57,614 INFO  [AndroMDA:hibernate] Output: 'file:/D:/myeclipse/workspace/appstore/mda/../core/target/src/ehcache.xml'
2010-12-27 10:44:57,777 INFO  [AndroMDA:java] Output: 'file:/D:/myeclipse/workspace/appstore/mda/../common/target/src/cn/edu/uestc/appstore/vo/UserVO.java'
2010-12-27 10:44:58,098 INFO  [AndroMDA:bpm4struts] Output: 'file:/D:/myeclipse/workspace/appstore/mda/../web/target/src/layout/breadcrumb.gif'
2010-12-27 10:44:58,100 INFO  [AndroMDA:bpm4struts] Output: 'file:/D:/myeclipse/workspace/appstore/mda/../web/target/src/layout/csv.gif'
2010-12-27 10:44:58,101 INFO  [AndroMDA:bpm4struts] Output: 'file:/D:/myeclipse/workspace/appstore/mda/../web/target/src/layout/none.gif'
2010-12-27 10:44:58,103 INFO  [AndroMDA:bpm4struts] Output: 'file:/D:/myeclipse/workspace/appstore/mda/../web/target/src/layout/hints.js'
2010-12-27 10:44:58,104 INFO  [AndroMDA:bpm4struts] Output: 'file:/D:/myeclipse/workspace/appstore/mda/../web/target/src/layout/excel.gif'
2010-12-27 10:44:58,106 INFO  [AndroMDA:bpm4struts] Output: 'file:/D:/myeclipse/workspace/appstore/mda/../web/target/src/layout/layout-common.js'
2010-12-27 10:44:58,107 INFO  [AndroMDA:bpm4struts] Output: 'file:/D:/myeclipse/workspace/appstore/mda/../web/target/src/layout/ascending.gif'
2010-12-27 10:44:58,109 INFO  [AndroMDA:bpm4struts] Output: 'file:/D:/myeclipse/workspace/appstore/mda/../web/target/src/layout/default-calendar.css'
2010-12-27 10:44:58,110 INFO  [AndroMDA:bpm4struts] Output: 'file:/D:/myeclipse/workspace/appstore/mda/../web/target/src/layout/key-events.js'
2010-12-27 10:44:58,111 INFO  [AndroMDA:bpm4struts] Output: 'file:/D:/myeclipse/workspace/appstore/mda/../web/target/src/layout/warning.gif'
2010-12-27 10:44:58,112 INFO  [AndroMDA:bpm4struts] Output: 'file:/D:/myeclipse/workspace/appstore/mda/../web/target/src/layout/default.css'
2010-12-27 10:44:58,113 INFO  [AndroMDA:bpm4struts] Output: 'file:/D:/myeclipse/workspace/appstore/mda/../web/target/src/layout/descending.gif'
2010-12-27 10:44:58,114 INFO  [AndroMDA:bpm4struts] Output: 'file:/D:/myeclipse/workspace/appstore/mda/../web/target/src/layout/pdf.gif'
2010-12-27 10:44:58,115 INFO  [AndroMDA:bpm4struts] Output: 'file:/D:/myeclipse/workspace/appstore/mda/../web/target/src/layout/help.gif'
2010-12-27 10:44:58,116 INFO  [AndroMDA:bpm4struts] Output: 'file:/D:/myeclipse/workspace/appstore/mda/../web/target/src/layout/xml.gif'
2010-12-27 10:44:58,118 INFO  [AndroMDA:bpm4struts] Output: 'file:/D:/myeclipse/workspace/appstore/mda/../web/target/src/layout/calendar/calendar.gif'
2010-12-27 10:44:58,156 INFO  [AndroMDA:bpm4struts] Output: 'file:/D:/myeclipse/workspace/appstore/mda/../web/target/src/layout/calendar/menuarrow.gif'
2010-12-27 10:44:58,169 INFO  [AndroMDA:bpm4struts] Output: 'file:/D:/myeclipse/workspace/appstore/mda/../web/target/src/WEB-INF/lib/andromda-breadcrumbs-taglib.jar'
2010-12-27 10:44:58,171 INFO  [AndroMDA:bpm4struts] Output: 'file:/D:/myeclipse/workspace/appstore/mda/../web/target/src/WEB-INF/lib/andromda-formatting-taglib.jar'
2010-12-27 10:44:58,173 INFO  [AndroMDA:bpm4struts] Output: 'file:/D:/myeclipse/workspace/appstore/mda/../web/target/src/WEB-INF/lib/andromda-collections-taglib.jar'
2010-12-27 10:44:58,228 INFO  [AndroMDA:bpm4struts] Output: 'file:/D:/myeclipse/workspace/appstore/mda/../web/target/src/cn/edu/uestc/appstore/web/UserManager.java'
2010-12-27 10:44:58,239 INFO  [AndroMDA:bpm4struts] Output: 'file:/D:/myeclipse/workspace/appstore/mda/../web/target/src/cn/edu/uestc/appstore/web/UserManagerDelete.java'
2010-12-27 10:44:58,247 INFO  [AndroMDA:bpm4struts] Output: 'file:/D:/myeclipse/workspace/appstore/mda/../web/target/src/cn/edu/uestc/appstore/web/UserManagerEdit.java'
2010-12-27 10:44:58,258 INFO  [AndroMDA:bpm4struts] Output: 'file:/D:/myeclipse/workspace/appstore/mda/../web/target/src/org/andromda/presentation/bpm4struts/PatternMatchingExceptionHandler.java'
2010-12-27 10:44:58,327 INFO  [AndroMDA:bpm4struts] Output: 'file:/D:/myeclipse/workspace/appstore/mda/../web/target/src/cn/edu/uestc/appstore/web/UserManagerFormImpl.java'
2010-12-27 10:44:58,336 INFO  [AndroMDA:bpm4struts] Output: 'file:/D:/myeclipse/workspace/appstore/mda/../web/target/src/cn/edu/uestc/appstore/web/UserManagerDeleteFormImpl.java'
2010-12-27 10:44:58,353 INFO  [AndroMDA:bpm4struts] Output: 'file:/D:/myeclipse/workspace/appstore/mda/../web/target/src/cn/edu/uestc/appstore/web/UserManagerEditFormImpl.java'
2010-12-27 10:44:58,375 INFO  [AndroMDA:bpm4struts] Output: 'file:/D:/myeclipse/workspace/appstore/mda/../web/target/src/cn/edu/uestc/appstore/web/PopulateUserScreenForm.java'
2010-12-27 10:44:58,389 INFO  [AndroMDA:bpm4struts] Output: 'file:/D:/myeclipse/workspace/appstore/mda/../web/target/src/cn/edu/uestc/appstore/web/DeleteUserForm.java'
2010-12-27 10:44:58,395 INFO  [AndroMDA:bpm4struts] Output: 'file:/D:/myeclipse/workspace/appstore/mda/../web/target/src/cn/edu/uestc/appstore/web/EditUserForm.java'
2010-12-27 10:44:58,538 INFO  [AndroMDA:bpm4struts] Output: 'file:/D:/myeclipse/workspace/appstore/mda/../web/target/src/cn/edu/uestc/appstore/web/UserController.java'
2010-12-27 10:44:58,546 INFO  [AndroMDA:bpm4struts] Output: 'file:/D:/myeclipse/workspace/appstore/mda/../web/target/src/cn/edu/uestc/appstore/web/UserControllerFactory.java'
2010-12-27 10:44:58,576 INFO  [AndroMDA:bpm4struts] Output: 'file:/D:/myeclipse/workspace/appstore/mda/../web/target/src/cn/edu/uestc/appstore/web/user-manager.jsp'
2010-12-27 10:44:58,631 INFO  [AndroMDA:bpm4struts] Output: 'file:/D:/myeclipse/workspace/appstore/mda/../web/target/src/cn/edu/uestc/appstore/web/user-detail.jsp'
2010-12-27 10:44:58,637 INFO  [AndroMDA:bpm4struts] Output: 'file:/D:/myeclipse/workspace/appstore/mda/../web/target/src/error-page.jsp'
2010-12-27 10:44:58,656 INFO  [AndroMDA:bpm4struts] Output: 'file:/D:/myeclipse/workspace/appstore/mda/../web/target/src/cn/edu/uestc/appstore/web/user-manager-javascript.jspf'
2010-12-27 10:44:58,667 INFO  [AndroMDA:bpm4struts] Output: 'file:/D:/myeclipse/workspace/appstore/mda/../web/target/src/cn/edu/uestc/appstore/web/user-detail-javascript.jspf'
2010-12-27 10:44:58,674 INFO  [AndroMDA:bpm4struts] Output: 'file:/D:/myeclipse/workspace/appstore/mda/../web/target/src/cn/edu/uestc/appstore/web/user-manager-vars.jspf'
2010-12-27 10:44:58,675 INFO  [AndroMDA:bpm4struts] Output: 'file:/D:/myeclipse/workspace/appstore/mda/../web/target/src/cn/edu/uestc/appstore/web/user-detail-vars.jspf'
2010-12-27 10:44:58,743 INFO  [AndroMDA:bpm4struts] Output: 'file:/D:/myeclipse/workspace/appstore/mda/../web/target/src/cn/edu/uestc/appstore/web/user-manager-userVOs.jspf'
2010-12-27 10:44:58,773 INFO  [AndroMDA:bpm4struts] Output: 'file:/D:/myeclipse/workspace/appstore/mda/../web/target/src/WEB-INF/validator-rules.xml'
2010-12-27 10:44:58,779 INFO  [AndroMDA:bpm4struts] Output: 'file:/D:/myeclipse/workspace/appstore/mda/../web/target/src/org/andromda/presentation/bpm4struts/StrutsValidator.java'
2010-12-27 10:44:58,788 INFO  [AndroMDA:bpm4struts] Output: 'file:/D:/myeclipse/workspace/appstore/mda/../web/target/src/index.jsp'
2010-12-27 10:44:58,824 INFO  [AndroMDA:bpm4struts] Output: 'file:/D:/myeclipse/workspace/appstore/mda/../web/target/src/WEB-INF/classes/application-resources.properties'
2010-12-27 10:44:58,829 INFO  [AndroMDA:bpm4struts] Output: 'file:/D:/myeclipse/workspace/appstore/mda/../web/target/src/WEB-INF/classes/displaytag.properties'
2010-12-27 10:44:58,840 INFO  [AndroMDA:bpm4struts] Output: 'file:/D:/myeclipse/workspace/appstore/mda/../web/target/src/WEB-INF/web.xml'
2010-12-27 10:44:58,845 INFO  [AndroMDA:bpm4struts] Output: 'file:/D:/myeclipse/workspace/appstore/mda/../web/target/src/org/andromda/presentation/bpm4struts/ActionServlet.java'
2010-12-27 10:44:58,874 INFO  [AndroMDA:bpm4struts] Output: 'file:/D:/myeclipse/workspace/appstore/mda/../web/target/src/login/login-form.jsp'
2010-12-27 10:44:58,886 INFO  [AndroMDA:bpm4struts] Output: 'file:/D:/myeclipse/workspace/appstore/mda/../web/target/src/layout/menu.jsp'
2010-12-27 10:44:58,891 INFO  [AndroMDA:bpm4struts] Output: 'file:/D:/myeclipse/workspace/appstore/mda/../web/target/src/layout/main-layout.jsp'
2010-12-27 10:44:58,895 INFO  [AndroMDA:bpm4struts] Output: 'file:/D:/myeclipse/workspace/appstore/mda/../web/target/src/WEB-INF/tiles-defs.xml'
2010-12-27 10:44:58,913 INFO  [AndroMDA:bpm4struts] Output: 'file:/D:/myeclipse/workspace/appstore/mda/../web/target/src/WEB-INF/struts-config.xml'
2010-12-27 10:44:58,922 INFO  [AndroMDA:bpm4struts] Output: 'file:/D:/myeclipse/workspace/appstore/mda/../web/target/src/WEB-INF/menu-config.xml'
2010-12-27 10:44:58,956 INFO  [AndroMDA:bpm4struts] Output: 'file:/D:/myeclipse/workspace/appstore/mda/../web/target/src/WEB-INF/validation.xml'
2010-12-27 10:44:58,956 INFO  [AndroMDA:bpm4struts] Output: 'file:/D:/myeclipse/workspace/appstore/mda/../web/target/src/layout/default-application.css'
2010-12-27 10:44:58,966 INFO  [AndroMDA:bpm4struts] Output: 'file:/D:/myeclipse/workspace/appstore/mda/../web/target/src/cn/edu/uestc/appstore/web/user-manager.css'
2010-12-27 10:44:58,966 INFO  [AndroMDA:bpm4struts] Output: 'file:/D:/myeclipse/workspace/appstore/mda/../web/target/src/cn/edu/uestc/appstore/web/user-detail.css'
2010-12-27 10:44:58,976 INFO  [AndroMDA:bpm4struts] Output: 'file:/D:/myeclipse/workspace/appstore/mda/../web/target/src/layout/messages.jsp'
2010-12-27 10:44:59,018 INFO  [AndroMDA:bpm4struts] Output: 'file:/D:/myeclipse/workspace/appstore/mda/../web/target/src/calendar-js.jsp'
2010-12-27 10:44:59,024 INFO  [AndroMDA:bpm4struts] Output: 'file:/D:/myeclipse/workspace/appstore/mda/../web/target/src/layout/breadcrumbs.jsp'
2010-12-27 10:44:59,030 INFO  [AndroMDA:bpm4struts] Output: 'file:/D:/myeclipse/workspace/appstore/mda/../web/target/src/taglib-imports.jspf'
2010-12-27 10:44:59,126 INFO  [AndroMDA] completed model processing --> TIME: 41.582[s], RESOURCES WRITTEN: 273
